training set size: 360000
push set size: 60000
test set size: 10000
batch size: 80
start training
epoch: 	0
	warm
	train
	time: 	148.16206431388855
	cross ent: 	0.6039487977955077
	cluster: 	0.12366625147354271
	separation:	0.14726294441521168
	avg separation:	9.74146439213223
	accu: 		67.13222222222223%
	l1: 		9.0
	p dist pair: 	14.37765884399414
	test
	time: 	3.6102545261383057
	cross ent: 	0.6168113484978676
	cluster: 	0.025905087441205978
	separation:	0.03684692997485399
	avg separation:	9.59643096923828
	accu: 		67.66%
	l1: 		9.0
	p dist pair: 	14.37765884399414
epoch: 	1
	joint
	train
	time: 	390.5001621246338
	cross ent: 	0.07513716404066266
	cluster: 	1.3066052358472824
	separation:	113.58128752810343
	avg separation:	117.47833143742879
	accu: 		97.925%
	l1: 		9.0
	p dist pair: 	85.0040283203125
	test
	time: 	3.6454265117645264
	cross ent: 	0.024102191273123026
	cluster: 	0.6040359336324036
	separation:	127.14652755737305
	avg separation:	130.64878677368165
	accu: 		99.52%
	l1: 		9.0
	p dist pair: 	85.0040283203125
	above 70.00%
	push
	Executing push ...
	push time: 	23.62965726852417
	test
	time: 	3.5563695430755615
	cross ent: 	0.03848805712167888
	cluster: 	0.3803696835611163
	separation:	88.3009188079834
	avg separation:	104.54236053466796
	accu: 		99.52%
	l1: 		9.0
	p dist pair: 	43.79238510131836
	above 70.00%
	last layer
iteration: 	0
	train
	time: 	127.40825533866882
	cross ent: 	0.035741624187950544
	cluster: 	0.42503328226839143
	separation:	87.50075598144531
	avg separation:	104.44738641357422
	accu: 		99.35638888888889%
	l1: 		7.59169340133667
	p dist pair: 	43.79238510131836
	test
	time: 	3.6239964962005615
	cross ent: 	0.03185817749617399
	cluster: 	0.3803696835611163
	separation:	88.3009188079834
	avg separation:	104.54236053466796
	accu: 		99.52%
	l1: 		7.59169340133667
	p dist pair: 	43.79238510131836
	above 70.00%
iteration: 	1
	train
	time: 	127.82570099830627
	cross ent: 	0.030663372126825076
	cluster: 	0.425033282279024
	separation:	87.500755859375
	avg separation:	104.44738671366373
	accu: 		99.35638888888889%
	l1: 		6.354385852813721
	p dist pair: 	43.79238510131836
	test
	time: 	3.6045923233032227
	cross ent: 	0.02712435650984844
	cluster: 	0.3803696835611163
	separation:	88.3009188079834
	avg separation:	104.54236053466796
	accu: 		99.52%
	l1: 		6.354385852813721
	p dist pair: 	43.79238510131836
	above 70.00%
iteration: 	2
	train
	time: 	127.8748824596405
	cross ent: 	0.027618423872071113
	cluster: 	0.4250332812335756
	separation:	87.50075586954753
	avg separation:	104.4473865729438
	accu: 		99.35694444444444%
	l1: 		5.4453654289245605
	p dist pair: 	43.79238510131836
	test
	time: 	3.5934555530548096
	cross ent: 	0.025135685164423195
	cluster: 	0.3803696835611163
	separation:	88.3009188079834
	avg separation:	104.54236053466796
	accu: 		99.52%
	l1: 		5.4453654289245605
	p dist pair: 	43.79238510131836
	above 70.00%
iteration: 	3
	train
	time: 	127.20785140991211
	cross ent: 	0.026447583035643523
	cluster: 	0.42503328225653
	separation:	87.50075588989257
	avg separation:	104.44738659667969
	accu: 		99.3575%
	l1: 		4.887893199920654
	p dist pair: 	43.79238510131836
	test
	time: 	3.5493345260620117
	cross ent: 	0.024633330944925546
	cluster: 	0.3803696835611163
	separation:	88.3009188079834
	avg separation:	104.54236053466796
	accu: 		99.52%
	l1: 		4.887893199920654
	p dist pair: 	43.79238510131836
	above 70.00%
iteration: 	4
	train
	time: 	127.25055503845215
	cross ent: 	0.02598799895394283
	cluster: 	0.425033282150204
	separation:	87.5007558678521
	avg separation:	104.4473865983751
	accu: 		99.35722222222222%
	l1: 		4.472063064575195
	p dist pair: 	43.79238510131836
	test
	time: 	3.5773234367370605
	cross ent: 	0.024402990948292427
	cluster: 	0.3803696835611163
	separation:	88.3009188079834
	avg separation:	104.54236053466796
	accu: 		99.52%
	l1: 		4.472063064575195
	p dist pair: 	43.79238510131836
	above 70.00%
iteration: 	5
	train
	time: 	127.59452557563782
	cross ent: 	0.025710114988912312
	cluster: 	0.42503328222350684
	separation:	87.50075588480631
	avg separation:	104.44738664415148
	accu: 		99.3575%
	l1: 		4.1518988609313965
	p dist pair: 	43.79238510131836
	test
	time: 	3.5934665203094482
	cross ent: 	0.02428458463109564
	cluster: 	0.3803696835611163
	separation:	88.3009188079834
	avg separation:	104.54236053466796
	accu: 		99.52%
	l1: 		4.1518988609313965
	p dist pair: 	43.79238510131836
	above 70.00%
iteration: 	6
	train
	time: 	128.61357998847961
	cross ent: 	0.02550649015295009
	cluster: 	0.4250332823822585
	separation:	87.50075585259331
	avg separation:	104.44738654412164
	accu: 		99.35722222222222%
	l1: 		4.0172600746154785
	p dist pair: 	43.79238510131836
	test
	time: 	3.567142963409424
	cross ent: 	0.024239992749644442
	cluster: 	0.3803696835611163
	separation:	88.3009188079834
	avg separation:	104.54236053466796
	accu: 		99.52%
	l1: 		4.0172600746154785
	p dist pair: 	43.79238510131836
	above 70.00%
iteration: 	7
	train
	time: 	127.53788018226624
	cross ent: 	0.025374710782663897
	cluster: 	0.4250332825050767
	separation:	87.50075571526422
	avg separation:	104.44738661532932
	accu: 		99.35666666666667%
	l1: 		3.8877644538879395
	p dist pair: 	43.79238510131836
	test
	time: 	3.616088628768921
	cross ent: 	0.02412583344092127
	cluster: 	0.3803696835611163
	separation:	88.3009188079834
	avg separation:	104.54236053466796
	accu: 		99.52%
	l1: 		3.8877644538879395
	p dist pair: 	43.79238510131836
	above 70.00%
iteration: 	8
	train
	time: 	127.41855120658875
	cross ent: 	0.025285323018518588
	cluster: 	0.4250332820120061
	separation:	87.50075578477647
	avg separation:	104.44738667127821
	accu: 		99.35611111111112%
	l1: 		3.8211886882781982
	p dist pair: 	43.79238510131836
	test
	time: 	3.557962417602539
	cross ent: 	0.02407165202370379
	cluster: 	0.3803696835611163
	separation:	88.3009188079834
	avg separation:	104.54236053466796
	accu: 		99.52%
	l1: 		3.8211886882781982
	p dist pair: 	43.79238510131836
	above 70.00%
iteration: 	9
	train
	time: 	127.7745840549469
	cross ent: 	0.02523135836187026
	cluster: 	0.4250332818379652
	separation:	87.50075580512153
	avg separation:	104.44738657633464
	accu: 		99.35666666666667%
	l1: 		3.7995035648345947
	p dist pair: 	43.79238510131836
	test
	time: 	3.5697147846221924
	cross ent: 	0.02403159667388536
	cluster: 	0.3803696835611163
	separation:	88.3009188079834
	avg separation:	104.54236053466796
	accu: 		99.52%
	l1: 		3.7995035648345947
	p dist pair: 	43.79238510131836
	above 70.00%
iteration: 	10
	train
	time: 	132.18517398834229
	cross ent: 	0.025197529092896728
	cluster: 	0.42503328212844727
	separation:	87.50075593397352
	avg separation:	104.44738655429416
	accu: 		99.35694444444444%
	l1: 		3.785404682159424
	p dist pair: 	43.79238510131836
	test
	time: 	3.682319402694702
	cross ent: 	0.02403224244422745
	cluster: 	0.3803696835611163
	separation:	88.3009188079834
	avg separation:	104.54236053466796
	accu: 		99.52%
	l1: 		3.785404682159424
	p dist pair: 	43.79238510131836
	above 70.00%
iteration: 	11
	train
	time: 	131.21492314338684
	cross ent: 	0.02517485359701742
	cluster: 	0.42503328213893754
	separation:	87.5007557542589
	avg separation:	104.44738657633464
	accu: 		99.35666666666667%
	l1: 		3.7694177627563477
	p dist pair: 	43.79238510131836
	test
	time: 	3.6358938217163086
	cross ent: 	0.024041149831027724
	cluster: 	0.3803696835611163
	separation:	88.3009188079834
	avg separation:	104.54236053466796
	accu: 		99.52%
	l1: 		3.7694177627563477
	p dist pair: 	43.79238510131836
	above 70.00%
iteration: 	12
	train
	time: 	131.0185673236847
	cross ent: 	0.025158742368842163
	cluster: 	0.4250332819984631
	separation:	87.50075593566895
	avg separation:	104.447386493259
	accu: 		99.35666666666667%
	l1: 		3.735799551010132
	p dist pair: 	43.79238510131836
	test
	time: 	3.688286066055298
	cross ent: 	0.023971301968558692
	cluster: 	0.3803696835611163
	separation:	88.3009188079834
	avg separation:	104.54236053466796
	accu: 		99.52%
	l1: 		3.735799551010132
	p dist pair: 	43.79238510131836
	above 70.00%
iteration: 	13
	train
	time: 	131.3259174823761
	cross ent: 	0.025150975199804332
	cluster: 	0.42503328228417214
	separation:	87.50075595431858
	avg separation:	104.44738656107585
	accu: 		99.35638888888889%
	l1: 		3.7125391960144043
	p dist pair: 	43.79238510131836
	test
	time: 	3.6806418895721436
	cross ent: 	0.023978220574208536
	cluster: 	0.3803696835611163
	separation:	88.3009188079834
	avg separation:	104.54236053466796
	accu: 		99.52%
	l1: 		3.7125391960144043
	p dist pair: 	43.79238510131836
	above 70.00%
iteration: 	14
	train
	time: 	130.72484421730042
	cross ent: 	0.025143980557202465
	cluster: 	0.4250332822747037
	separation:	87.50075584581163
	avg separation:	104.44738645426432
	accu: 		99.35722222222222%
	l1: 		3.6910922527313232
	p dist pair: 	43.79238510131836
	test
	time: 	3.6200239658355713
	cross ent: 	0.023974215873749927
	cluster: 	0.3803696835611163
	separation:	88.3009188079834
	avg separation:	104.54236053466796
	accu: 		99.52%
	l1: 		3.6910922527313232
	p dist pair: 	43.79238510131836
	above 70.00%
iteration: 	15
	train
	time: 	130.85096645355225
	cross ent: 	0.025137974387138252
	cluster: 	0.42503328262199647
	separation:	87.50075584242079
	avg separation:	104.44738643052843
	accu: 		99.35666666666667%
	l1: 		3.6698403358459473
	p dist pair: 	43.79238510131836
	test
	time: 	3.63287091255188
	cross ent: 	0.02396003147761803
	cluster: 	0.3803696835611163
	separation:	88.3009188079834
	avg separation:	104.54236053466796
	accu: 		99.52%
	l1: 		3.6698403358459473
	p dist pair: 	43.79238510131836
	above 70.00%
iteration: 	16
	train
	time: 	130.42577266693115
	cross ent: 	0.02513388423119775
	cluster: 	0.4250332816614666
	separation:	87.50075582546658
	avg separation:	104.4473865729438
	accu: 		99.35777777777778%
	l1: 		3.647782325744629
	p dist pair: 	43.79238510131836
	test
	time: 	3.6764674186706543
	cross ent: 	0.023973259143531322
	cluster: 	0.3803696835611163
	separation:	88.3009188079834
	avg separation:	104.54236053466796
	accu: 		99.52%
	l1: 		3.647782325744629
	p dist pair: 	43.79238510131836
	above 70.00%
iteration: 	17
	train
	time: 	130.62944340705872
	cross ent: 	0.02513246485345169
	cluster: 	0.42503328250251554
	separation:	87.50075582885742
	avg separation:	104.4473865983751
	accu: 		99.35722222222222%
	l1: 		3.617828369140625
	p dist pair: 	43.79238510131836
	test
	time: 	3.6793198585510254
	cross ent: 	0.023958439886919224
	cluster: 	0.3803696835611163
	separation:	88.3009188079834
	avg separation:	104.54236053466796
	accu: 		99.52%
	l1: 		3.617828369140625
	p dist pair: 	43.79238510131836
	above 70.00%
iteration: 	18
	train
	time: 	131.35718202590942
	cross ent: 	0.025130836203306292
	cluster: 	0.4250332828749023
	separation:	87.50075578986274
	avg separation:	104.44738654412164
	accu: 		99.35638888888889%
	l1: 		3.5895116329193115
	p dist pair: 	43.79238510131836
	test
	time: 	3.614330768585205
	cross ent: 	0.02396041456668172
	cluster: 	0.3803696835611163
	separation:	88.3009188079834
	avg separation:	104.54236053466796
	accu: 		99.52%
	l1: 		3.5895116329193115
	p dist pair: 	43.79238510131836
	above 70.00%
iteration: 	19
	train
	time: 	131.13902616500854
	cross ent: 	0.02512847985792905
	cluster: 	0.42503328280740726
	separation:	87.50075583224826
	avg separation:	104.44738658311631
	accu: 		99.35722222222222%
	l1: 		3.561793565750122
	p dist pair: 	43.79238510131836
	test
	time: 	3.6704113483428955
	cross ent: 	0.023950729661155492
	cluster: 	0.3803696835611163
	separation:	88.3009188079834
	avg separation:	104.54236053466796
	accu: 		99.52%
	l1: 		3.561793565750122
	p dist pair: 	43.79238510131836
	above 70.00%
epoch: 	2
	joint
	train
	time: 	395.71099185943604
	cross ent: 	0.030620278988538
	cluster: 	0.7774952976642413
	separation:	126.64650546095106
	avg separation:	146.39676979573568
	accu: 		99.28861111111111%
	l1: 		3.561793565750122
	p dist pair: 	82.880859375
	test
	time: 	3.666909694671631
	cross ent: 	0.028092810522648507
	cluster: 	0.6061419645378191
	separation:	127.1892431640625
	avg separation:	143.0627128601074
	accu: 		99.48%
	l1: 		3.561793565750122
	p dist pair: 	82.880859375
	above 70.00%
	push
	Executing push ...
	push time: 	23.70821237564087
	test
	time: 	3.681519031524658
	cross ent: 	0.049590505167438154
	cluster: 	0.6046736995731621
	separation:	127.16506156921386
	avg separation:	127.1675636291504
	accu: 		99.48%
	l1: 		3.561793565750122
	p dist pair: 	63.99748229980469
	above 70.00%
	last layer
iteration: 	0
	train
	time: 	129.64801335334778
	cross ent: 	0.028268775525789148
	cluster: 	0.6839784499105875
	separation:	126.75644881015354
	avg separation:	126.75977887980143
	accu: 		99.3925%
	l1: 		3.1355459690093994
	p dist pair: 	63.99748229980469
	test
	time: 	3.603660821914673
	cross ent: 	0.02936596044441103
	cluster: 	0.6046736995731621
	separation:	127.16506156921386
	avg separation:	127.1675636291504
	accu: 		99.48%
	l1: 		3.1355459690093994
	p dist pair: 	63.99748229980469
	above 70.00%
iteration: 	1
	train
	time: 	131.13004326820374
	cross ent: 	0.02398258675565012
	cluster: 	0.6839784505289426
	separation:	126.75644861518012
	avg separation:	126.75977881707085
	accu: 		99.38111111111111%
	l1: 		3.064997434616089
	p dist pair: 	63.99748229980469
	test
	time: 	3.673870325088501
	cross ent: 	0.02639334342093207
	cluster: 	0.6046736995731621
	separation:	127.16506156921386
	avg separation:	127.1675636291504
	accu: 		99.47%
	l1: 		3.064997434616089
	p dist pair: 	63.99748229980469
	above 70.00%
iteration: 	2
	train
	time: 	131.46010661125183
	cross ent: 	0.023840143445361818
	cluster: 	0.6839784518467659
	separation:	126.75644890509712
	avg separation:	126.75977891879612
	accu: 		99.37416666666667%
	l1: 		3.056614398956299
	p dist pair: 	63.99748229980469
	test
	time: 	3.694765329360962
	cross ent: 	0.026305950118694455
	cluster: 	0.6046736995731621
	separation:	127.16506156921386
	avg separation:	127.1675636291504
	accu: 		99.47%
	l1: 		3.056614398956299
	p dist pair: 	63.99748229980469
	above 70.00%
iteration: 	3
	train
	time: 	131.29208302497864
	cross ent: 	0.023829816629489263
	cluster: 	0.6839784498224497
	separation:	126.75644864739311
	avg separation:	126.75977889675565
	accu: 		99.37555555555555%
	l1: 		3.0525684356689453
	p dist pair: 	63.99748229980469
	test
	time: 	3.621840476989746
	cross ent: 	0.026179079624125735
	cluster: 	0.6046736995731621
	separation:	127.16506156921386
	avg separation:	127.1675636291504
	accu: 		99.47%
	l1: 		3.0525684356689453
	p dist pair: 	63.99748229980469
	above 70.00%
iteration: 	4
	train
	time: 	131.8225371837616
	cross ent: 	0.02382673528782713
	cluster: 	0.6839784511127939
	separation:	126.75644872029622
	avg separation:	126.75977883232964
	accu: 		99.37527777777778%
	l1: 		3.055100917816162
	p dist pair: 	63.99748229980469
	test
	time: 	3.6703498363494873
	cross ent: 	0.0263516239146702
	cluster: 	0.6046736995731621
	separation:	127.16506156921386
	avg separation:	127.1675636291504
	accu: 		99.48%
	l1: 		3.055100917816162
	p dist pair: 	63.99748229980469
	above 70.00%
iteration: 	5
	train
	time: 	131.69588804244995
	cross ent: 	0.023818221143291643
	cluster: 	0.6839784510953201
	separation:	126.75644885762533
	avg separation:	126.7597789984809
	accu: 		99.37555555555555%
	l1: 		3.0497751235961914
	p dist pair: 	63.99748229980469
	test
	time: 	3.6904282569885254
	cross ent: 	0.026240607069339603
	cluster: 	0.6046736995731621
	separation:	127.16506156921386
	avg separation:	127.1675636291504
	accu: 		99.47%
	l1: 		3.0497751235961914
	p dist pair: 	63.99748229980469
	above 70.00%
iteration: 	6
	train
	time: 	131.67307019233704
	cross ent: 	0.023816303349617454
	cluster: 	0.6839784495413902
	separation:	126.75644869656033
	avg separation:	126.75977897983127
	accu: 		99.37444444444445%
	l1: 		3.057234525680542
	p dist pair: 	63.99748229980469
	test
	time: 	3.6704492568969727
	cross ent: 	0.026346455946331844
	cluster: 	0.6046736995731621
	separation:	127.16506156921386
	avg separation:	127.1675636291504
	accu: 		99.47%
	l1: 		3.057234525680542
	p dist pair: 	63.99748229980469
	above 70.00%
iteration: 	7
	train
	time: 	132.0625238418579
	cross ent: 	0.02381074332060396
	cluster: 	0.6839784505948202
	separation:	126.7564487830268
	avg separation:	126.75977885097927
	accu: 		99.37444444444445%
	l1: 		3.059328556060791
	p dist pair: 	63.99748229980469
	test
	time: 	3.676882266998291
	cross ent: 	0.02641818256350234
	cluster: 	0.6046736995731621
	separation:	127.16506156921386
	avg separation:	127.1675636291504
	accu: 		99.47%
	l1: 		3.059328556060791
	p dist pair: 	63.99748229980469
	above 70.00%
iteration: 	8
	train
	time: 	131.13591051101685
	cross ent: 	0.023810344599808256
	cluster: 	0.6839784504583559
	separation:	126.75644871181912
	avg separation:	126.75977891201443
	accu: 		99.37416666666667%
	l1: 		3.0578787326812744
	p dist pair: 	63.99748229980469
	test
	time: 	3.6692099571228027
	cross ent: 	0.026450070093851537
	cluster: 	0.6046736995731621
	separation:	127.16506156921386
	avg separation:	127.1675636291504
	accu: 		99.47%
	l1: 		3.0578787326812744
	p dist pair: 	63.99748229980469
	above 70.00%
iteration: 	9
	train
	time: 	131.44700694084167
	cross ent: 	0.02380594880020039
	cluster: 	0.6839784507571017
	separation:	126.75644878133139
	avg separation:	126.75977884758844
	accu: 		99.37583333333333%
	l1: 		3.0481417179107666
	p dist pair: 	63.99748229980469
	test
	time: 	3.700119733810425
	cross ent: 	0.0262800110434182
	cluster: 	0.6046736995731621
	separation:	127.16506156921386
	avg separation:	127.1675636291504
	accu: 		99.47%
	l1: 		3.0481417179107666
	p dist pair: 	63.99748229980469
	above 70.00%
iteration: 	10
	train
	time: 	131.10577774047852
	cross ent: 	0.023802879759369212
	cluster: 	0.6839784503589419
	separation:	126.75644855923123
	avg separation:	126.75977879503039
	accu: 		99.37472222222222%
	l1: 		3.0493810176849365
	p dist pair: 	63.99748229980469
	test
	time: 	3.682056188583374
	cross ent: 	0.02629694003611803
	cluster: 	0.6046736995731621
	separation:	127.16506156921386
	avg separation:	127.1675636291504
	accu: 		99.47%
	l1: 		3.0493810176849365
	p dist pair: 	63.99748229980469
	above 70.00%
iteration: 	11
	train
	time: 	131.66709280014038
	cross ent: 	0.023800411402454806
	cluster: 	0.683978452064358
	separation:	126.75644863891601
	avg separation:	126.75977895100911
	accu: 		99.375%
	l1: 		3.0444281101226807
	p dist pair: 	63.99748229980469
	test
	time: 	3.6999025344848633
	cross ent: 	0.026186422870960086
	cluster: 	0.6046736995731621
	separation:	127.16506156921386
	avg separation:	127.1675636291504
	accu: 		99.47%
	l1: 		3.0444281101226807
	p dist pair: 	63.99748229980469
	above 70.00%
iteration: 	12
	train
	time: 	130.90599703788757
	cross ent: 	0.023785560876182797
	cluster: 	0.6839784505522055
	separation:	126.75644871520996
	avg separation:	126.75977888997396
	accu: 		99.37555555555555%
	l1: 		3.053858995437622
	p dist pair: 	63.99748229980469
	test
	time: 	3.6761059761047363
	cross ent: 	0.02640427389414981
	cluster: 	0.6046736995731621
	separation:	127.16506156921386
	avg separation:	127.1675636291504
	accu: 		99.47%
	l1: 		3.053858995437622
	p dist pair: 	63.99748229980469
	above 70.00%
iteration: 	13
	train
	time: 	131.28260803222656
	cross ent: 	0.02378663527357599
	cluster: 	0.6839784502989347
	separation:	126.75644879659016
	avg separation:	126.75977900187175
	accu: 		99.37555555555555%
	l1: 		3.04559326171875
	p dist pair: 	63.99748229980469
	test
	time: 	3.704030752182007
	cross ent: 	0.026280314716277644
	cluster: 	0.6046736995731621
	separation:	127.16506156921386
	avg separation:	127.1675636291504
	accu: 		99.47%
	l1: 		3.04559326171875
	p dist pair: 	63.99748229980469
	above 70.00%
iteration: 	14
	train
	time: 	131.53464913368225
	cross ent: 	0.023786025167442857
	cluster: 	0.6839784507826399
	separation:	126.75644884575738
	avg separation:	126.75977882554795
	accu: 		99.37527777777778%
	l1: 		3.045959711074829
	p dist pair: 	63.99748229980469
	test
	time: 	3.538055658340454
	cross ent: 	0.026245937580242754
	cluster: 	0.6046736995731621
	separation:	127.16506156921386
	avg separation:	127.1675636291504
	accu: 		99.48%
	l1: 		3.045959711074829
	p dist pair: 	63.99748229980469
	above 70.00%
iteration: 	15
	train
	time: 	127.71960854530334
	cross ent: 	0.02378003589113036
	cluster: 	0.6839784506480349
	separation:	126.7564487592909
	avg separation:	126.75977885776096
	accu: 		99.37472222222222%
	l1: 		3.03473162651062
	p dist pair: 	63.99748229980469
	test
	time: 	3.5822300910949707
	cross ent: 	0.0260843982885126
	cluster: 	0.6046736995731621
	separation:	127.16506156921386
	avg separation:	127.1675636291504
	accu: 		99.47%
	l1: 		3.03473162651062
	p dist pair: 	63.99748229980469
	above 70.00%
iteration: 	16
	train
	time: 	127.85509634017944
	cross ent: 	0.023774370485373463
	cluster: 	0.6839784494489122
	separation:	126.7564486694336
	avg separation:	126.75977903238932
	accu: 		99.37472222222222%
	l1: 		3.049776315689087
	p dist pair: 	63.99748229980469
	test
	time: 	3.573127031326294
	cross ent: 	0.02646553411264904
	cluster: 	0.6046736995731621
	separation:	127.16506156921386
	avg separation:	127.1675636291504
	accu: 		99.47%
	l1: 		3.049776315689087
	p dist pair: 	63.99748229980469
	above 70.00%
iteration: 	17
	train
	time: 	127.72724199295044
	cross ent: 	0.023772753204322525
	cluster: 	0.683978450835222
	separation:	126.75644868977865
	avg separation:	126.75977876959907
	accu: 		99.37472222222222%
	l1: 		3.045628786087036
	p dist pair: 	63.99748229980469
	test
	time: 	3.5932395458221436
	cross ent: 	0.02641376755316742
	cluster: 	0.6046736995731621
	separation:	127.16506156921386
	avg separation:	127.1675636291504
	accu: 		99.48%
	l1: 		3.045628786087036
	p dist pair: 	63.99748229980469
	above 70.00%
iteration: 	18
	train
	time: 	128.59387016296387
	cross ent: 	0.02376872171350341
	cluster: 	0.6839784512262703
	separation:	126.75644883558485
	avg separation:	126.75977898322212
	accu: 		99.37583333333333%
	l1: 		3.038456678390503
	p dist pair: 	63.99748229980469
	test
	time: 	3.5827977657318115
	cross ent: 	0.026257274720119312
	cluster: 	0.6046736995731621
	separation:	127.16506156921386
	avg separation:	127.1675636291504
	accu: 		99.47%
	l1: 		3.038456678390503
	p dist pair: 	63.99748229980469
	above 70.00%
iteration: 	19
	train
	time: 	128.1468858718872
	cross ent: 	0.023763615474803372
	cluster: 	0.6839784512633139
	separation:	126.75644867960612
	avg separation:	126.75977889506022
	accu: 		99.37527777777778%
	l1: 		3.034054756164551
	p dist pair: 	63.99748229980469
	test
	time: 	3.569603443145752
	cross ent: 	0.026199643785366787
	cluster: 	0.6046736995731621
	separation:	127.16506156921386
	avg separation:	127.1675636291504
	accu: 		99.47%
	l1: 		3.034054756164551
	p dist pair: 	63.99748229980469
	above 70.00%
epoch: 	3
	joint
	train
	time: 	388.56318831443787
	cross ent: 	0.03387137771071866
	cluster: 	0.8033870263741676
	separation:	126.73861569892036
	avg separation:	140.79035265435112
	accu: 		99.27944444444444%
	l1: 		3.034054756164551
	p dist pair: 	81.5691146850586
	test
	time: 	3.5731005668640137
	cross ent: 	0.03556953723542392
	cluster: 	0.8029543607277446
	separation:	127.02461555480957
	avg separation:	144.7867660522461
	accu: 		99.32%
	l1: 		3.034054756164551
	p dist pair: 	81.5691146850586
	above 70.00%
	push
	Executing push ...
	push time: 	22.84533452987671
	test
	time: 	3.5897786617279053
	cross ent: 	0.03920168440672569
	cluster: 	0.8020502146765814
	separation:	127.02340370178223
	avg separation:	127.02362159729005
	accu: 		99.32%
	l1: 		3.034054756164551
	p dist pair: 	63.99966812133789
	above 70.00%
	last layer
iteration: 	0
	train
	time: 	128.31068015098572
	cross ent: 	0.03475726657702277
	cluster: 	0.8225538297954651
	separation:	126.84072960069444
	avg separation:	126.84089691162109
	accu: 		99.32722222222222%
	l1: 		3.0636613368988037
	p dist pair: 	63.99966812133789
	test
	time: 	3.6012978553771973
	cross ent: 	0.03685787522786996
	cluster: 	0.8020502146765814
	separation:	127.02340370178223
	avg separation:	127.02362159729005
	accu: 		99.36%
	l1: 		3.0636613368988037
	p dist pair: 	63.99966812133789
	above 70.00%
iteration: 	1
	train
	time: 	127.0797381401062
	cross ent: 	0.03441137655141453
	cluster: 	0.8225538299322964
	separation:	126.84072948201498
	avg separation:	126.84089677259657
	accu: 		99.33555555555556%
	l1: 		3.0547549724578857
	p dist pair: 	63.99966812133789
	test
	time: 	3.5982577800750732
	cross ent: 	0.03686314104270423
	cluster: 	0.8020502146765814
	separation:	127.02340370178223
	avg separation:	127.02362159729005
	accu: 		99.36%
	l1: 		3.0547549724578857
	p dist pair: 	63.99966812133789
	above 70.00%
iteration: 	2
	train
	time: 	129.17713689804077
	cross ent: 	0.034404882136266676
	cluster: 	0.8225538302712351
	separation:	126.84072951083714
	avg separation:	126.8408970336914
	accu: 		99.33805555555556%
	l1: 		3.043550968170166
	p dist pair: 	63.99966812133789
	test
	time: 	3.638213872909546
	cross ent: 	0.03702509086811915
	cluster: 	0.8020502146765814
	separation:	127.02340370178223
	avg separation:	127.02362159729005
	accu: 		99.36%
	l1: 		3.043550968170166
	p dist pair: 	63.99966812133789
	above 70.00%
iteration: 	3
	train
	time: 	131.05401492118835
	cross ent: 	0.034405449705767546
	cluster: 	0.8225538289280766
	separation:	126.84072945658366
	avg separation:	126.84089669460721
	accu: 		99.33527777777778%
	l1: 		3.0376484394073486
	p dist pair: 	63.99966812133789
	test
	time: 	3.6662983894348145
	cross ent: 	0.036894206442520956
	cluster: 	0.8020502146765814
	separation:	127.02340370178223
	avg separation:	127.02362159729005
	accu: 		99.36%
	l1: 		3.0376484394073486
	p dist pair: 	63.99966812133789
	above 70.00%
iteration: 	4
	train
	time: 	131.20117044448853
	cross ent: 	0.034409643473828
	cluster: 	0.8225538298034288
	separation:	126.84072957017686
	avg separation:	126.84089687601725
	accu: 		99.33722222222222%
	l1: 		3.024961233139038
	p dist pair: 	63.99966812133789
	test
	time: 	3.648314952850342
	cross ent: 	0.0368141115483013
	cluster: 	0.8020502146765814
	separation:	127.02340370178223
	avg separation:	127.02362159729005
	accu: 		99.36%
	l1: 		3.024961233139038
	p dist pair: 	63.99966812133789
	above 70.00%
iteration: 	5
	train
	time: 	131.29902410507202
	cross ent: 	0.034408882228502385
	cluster: 	0.8225538305799622
	separation:	126.84072945827909
	avg separation:	126.84089680311415
	accu: 		99.34111111111112%
	l1: 		3.001225471496582
	p dist pair: 	63.99966812133789
	test
	time: 	3.652031421661377
	cross ent: 	0.03646807093260577
	cluster: 	0.8020502146765814
	separation:	127.02340370178223
	avg separation:	127.02362159729005
	accu: 		99.36%
	l1: 		3.001225471496582
	p dist pair: 	63.99966812133789
	above 70.00%
iteration: 	6
	train
	time: 	131.25033450126648
	cross ent: 	0.034411633785865786
	cluster: 	0.8225538286460753
	separation:	126.84072959899902
	avg separation:	126.84089677768283
	accu: 		99.335%
	l1: 		2.997685194015503
	p dist pair: 	63.99966812133789
	test
	time: 	3.6927452087402344
	cross ent: 	0.036715749383729415
	cluster: 	0.8020502146765814
	separation:	127.02340370178223
	avg separation:	127.02362159729005
	accu: 		99.36%
	l1: 		2.997685194015503
	p dist pair: 	63.99966812133789
	above 70.00%
iteration: 	7
	train
	time: 	131.0342869758606
	cross ent: 	0.03440942965018459
	cluster: 	0.8225538300765461
	separation:	126.84072953626844
	avg separation:	126.8408967268202
	accu: 		99.33722222222222%
	l1: 		2.982011079788208
	p dist pair: 	63.99966812133789
	test
	time: 	3.656982183456421
	cross ent: 	0.03687511903379345
	cluster: 	0.8020502146765814
	separation:	127.02340370178223
	avg separation:	127.02362159729005
	accu: 		99.36%
	l1: 		2.982011079788208
	p dist pair: 	63.99966812133789
	above 70.00%
iteration: 	8
	train
	time: 	130.93304300308228
	cross ent: 	0.03441034083891039
	cluster: 	0.8225538298737554
	separation:	126.84072948371039
	avg separation:	126.8408968234592
	accu: 		99.33527777777778%
	l1: 		2.9696953296661377
	p dist pair: 	63.99966812133789
	test
	time: 	3.6666436195373535
	cross ent: 	0.03657986440928653
	cluster: 	0.8020502146765814
	separation:	127.02340370178223
	avg separation:	127.02362159729005
	accu: 		99.36%
	l1: 		2.9696953296661377
	p dist pair: 	63.99966812133789
	above 70.00%
iteration: 	9
	train
	time: 	131.06816959381104
	cross ent: 	0.034410178530443876
	cluster: 	0.8225538315593293
	separation:	126.84072949049208
	avg separation:	126.84089673699273
	accu: 		99.33583333333334%
	l1: 		2.966574192047119
	p dist pair: 	63.99966812133789
	test
	time: 	3.6231091022491455
	cross ent: 	0.03689099772193003
	cluster: 	0.8020502146765814
	separation:	127.02340370178223
	avg separation:	127.02362159729005
	accu: 		99.36%
	l1: 		2.966574192047119
	p dist pair: 	63.99966812133789
	above 70.00%
iteration: 	10
	train
	time: 	130.48196506500244
	cross ent: 	0.034412506244093595
	cluster: 	0.8225538289201336
	separation:	126.84072943962944
	avg separation:	126.84089676581489
	accu: 		99.33583333333334%
	l1: 		2.9527201652526855
	p dist pair: 	63.99966812133789
	test
	time: 	3.6356756687164307
	cross ent: 	0.036794583608862015
	cluster: 	0.8020502146765814
	separation:	127.02340370178223
	avg separation:	127.02362159729005
	accu: 		99.36%
	l1: 		2.9527201652526855
	p dist pair: 	63.99966812133789
	above 70.00%
iteration: 	11
	train
	time: 	131.2032971382141
	cross ent: 	0.03440926669118926
	cluster: 	0.822553830588259
	separation:	126.84072962612576
	avg separation:	126.84089660135905
	accu: 		99.33666666666666%
	l1: 		2.9415767192840576
	p dist pair: 	63.99966812133789
	test
	time: 	3.6407830715179443
	cross ent: 	0.03676929711567936
	cluster: 	0.8020502146765814
	separation:	127.02340370178223
	avg separation:	127.02362159729005
	accu: 		99.36%
	l1: 		2.9415767192840576
	p dist pair: 	63.99966812133789
	above 70.00%
iteration: 	12
	train
	time: 	131.10296058654785
	cross ent: 	0.034411470624669975
	cluster: 	0.8225538290393817
	separation:	126.84072946506076
	avg separation:	126.84089678446452
	accu: 		99.33722222222222%
	l1: 		2.9212350845336914
	p dist pair: 	63.99966812133789
	test
	time: 	3.6553330421447754
	cross ent: 	0.036734270987217314
	cluster: 	0.8020502146765814
	separation:	127.02340370178223
	avg separation:	127.02362159729005
	accu: 		99.36%
	l1: 		2.9212350845336914
	p dist pair: 	63.99966812133789
	above 70.00%
iteration: 	13
	train
	time: 	130.71761751174927
	cross ent: 	0.03440919581371256
	cluster: 	0.8225538285649875
	separation:	126.84072961595324
	avg separation:	126.8408968471951
	accu: 		99.33277777777778%
	l1: 		2.9142489433288574
	p dist pair: 	63.99966812133789
	test
	time: 	3.6518285274505615
	cross ent: 	0.036882082983502186
	cluster: 	0.8020502146765814
	separation:	127.02340370178223
	avg separation:	127.02362159729005
	accu: 		99.36%
	l1: 		2.9142489433288574
	p dist pair: 	63.99966812133789
	above 70.00%
iteration: 	14
	train
	time: 	130.40900778770447
	cross ent: 	0.03440823243061701
	cluster: 	0.8225538302619795
	separation:	126.84072961764865
	avg separation:	126.84089689975315
	accu: 		99.33361111111111%
	l1: 		2.9053499698638916
	p dist pair: 	63.99966812133789
	test
	time: 	3.6570417881011963
	cross ent: 	0.036717420548666266
	cluster: 	0.8020502146765814
	separation:	127.02340370178223
	avg separation:	127.02362159729005
	accu: 		99.36%
	l1: 		2.9053499698638916
	p dist pair: 	63.99966812133789
	above 70.00%
iteration: 	15
	train
	time: 	131.39299392700195
	cross ent: 	0.034407213863606255
	cluster: 	0.8225538296221421
	separation:	126.84072962612576
	avg separation:	126.84089670817058
	accu: 		99.33888888888889%
	l1: 		2.8846099376678467
	p dist pair: 	63.99966812133789
	test
	time: 	3.60512113571167
	cross ent: 	0.03673569158068858
	cluster: 	0.8020502146765814
	separation:	127.02340370178223
	avg separation:	127.02362159729005
	accu: 		99.36%
	l1: 		2.8846099376678467
	p dist pair: 	63.99966812133789
	above 70.00%
iteration: 	16
	train
	time: 	131.32421207427979
	cross ent: 	0.03441170550774162
	cluster: 	0.8225538295410657
	separation:	126.84072951253255
	avg separation:	126.84089705403646
	accu: 		99.3338888888889%
	l1: 		2.878577709197998
	p dist pair: 	63.99966812133789
	test
	time: 	3.6383111476898193
	cross ent: 	0.03674953523674049
	cluster: 	0.8020502146765814
	separation:	127.02340370178223
	avg separation:	127.02362159729005
	accu: 		99.36%
	l1: 		2.878577709197998
	p dist pair: 	63.99966812133789
	above 70.00%
iteration: 	17
	train
	time: 	128.20264339447021
	cross ent: 	0.03440373054214029
	cluster: 	0.8225538275951112
	separation:	126.84072953457303
	avg separation:	126.84089672851563
	accu: 		99.33888888888889%
	l1: 		2.8644330501556396
	p dist pair: 	63.99966812133789
	test
	time: 	3.5994811058044434
	cross ent: 	0.03658376063453034
	cluster: 	0.8020502146765814
	separation:	127.02340370178223
	avg separation:	127.02362159729005
	accu: 		99.36%
	l1: 		2.8644330501556396
	p dist pair: 	63.99966812133789
	above 70.00%
iteration: 	18
	train
	time: 	131.41348934173584
	cross ent: 	0.034404589065712775
	cluster: 	0.8225538310852866
	separation:	126.84072955322266
	avg separation:	126.84089691840278
	accu: 		99.33472222222223%
	l1: 		2.8566038608551025
	p dist pair: 	63.99966812133789
	test
	time: 	3.7100415229797363
	cross ent: 	0.03664906120451633
	cluster: 	0.8020502146765814
	separation:	127.02340370178223
	avg separation:	127.02362159729005
	accu: 		99.36%
	l1: 		2.8566038608551025
	p dist pair: 	63.99966812133789
	above 70.00%
iteration: 	19
	train
	time: 	135.08767318725586
	cross ent: 	0.03440904473947982
	cluster: 	0.822553829649003
	separation:	126.8407295159234
	avg separation:	126.84089682006837
	accu: 		99.33638888888889%
	l1: 		2.846198558807373
	p dist pair: 	63.99966812133789
	test
	time: 	3.787721872329712
	cross ent: 	0.03681967691634782
	cluster: 	0.8020502146765814
	separation:	127.02340370178223
	avg separation:	127.02362159729005
	accu: 		99.36%
	l1: 		2.846198558807373
	p dist pair: 	63.99966812133789
	above 70.00%
epoch: 	4
	joint
	train
	time: 	396.228453874588
	cross ent: 	0.036203506923694576
	cluster: 	0.8701634351400089
	separation:	126.71283250766331
	avg separation:	137.6536472201877
	accu: 		99.22444444444444%
	l1: 		2.846198558807373
	p dist pair: 	78.4837417602539
	test
	time: 	3.6642558574676514
	cross ent: 	0.031153160259127618
	cluster: 	0.6822329752657607
	separation:	127.02373558044434
	avg separation:	139.8535771179199
	accu: 		99.42%
	l1: 		2.846198558807373
	p dist pair: 	78.4837417602539
	above 70.00%
	push
	Executing push ...
	push time: 	23.5376615524292
	test
	time: 	3.684863328933716
	cross ent: 	0.025977206288371236
	cluster: 	0.6778238351102344
	separation:	127.01964462280273
	avg separation:	127.02030479431153
	accu: 		99.39%
	l1: 		2.846198558807373
	p dist pair: 	63.99938201904297
	above 70.00%
	last layer
iteration: 	0
	train
	time: 	133.1950786113739
	cross ent: 	0.02258612527832803
	cluster: 	0.6684619254863616
	separation:	126.49778851487902
	avg separation:	126.49829918755425
	accu: 		99.3236111111111%
	l1: 		2.8405208587646484
	p dist pair: 	63.99938201904297
	test
	time: 	3.698150873184204
	cross ent: 	0.023711105571710505
	cluster: 	0.6778238351102344
	separation:	127.01964462280273
	avg separation:	127.02030479431153
	accu: 		99.41%
	l1: 		2.8405208587646484
	p dist pair: 	63.99938201904297
	above 70.00%
iteration: 	1
	train
	time: 	133.53404569625854
	cross ent: 	0.02238467693897999
	cluster: 	0.6684619243638353
	separation:	126.49778854539659
	avg separation:	126.49829889085558
	accu: 		99.3375%
	l1: 		2.8368256092071533
	p dist pair: 	63.99938201904297
	test
	time: 	3.6496639251708984
	cross ent: 	0.02387129116221331
	cluster: 	0.6778238351102344
	separation:	127.01964462280273
	avg separation:	127.02030479431153
	accu: 		99.41%
	l1: 		2.8368256092071533
	p dist pair: 	63.99938201904297
	above 70.00%
iteration: 	2
	train
	time: 	135.33403825759888
	cross ent: 	0.022385412470230626
	cluster: 	0.6684619257105073
	separation:	126.49778834194608
	avg separation:	126.49829910786947
	accu: 		99.33944444444445%
	l1: 		2.8255791664123535
	p dist pair: 	63.99938201904297
	test
	time: 	3.7620038986206055
	cross ent: 	0.023859524778672495
	cluster: 	0.6778238351102344
	separation:	127.01964462280273
	avg separation:	127.02030479431153
	accu: 		99.41%
	l1: 		2.8255791664123535
	p dist pair: 	63.99938201904297
	above 70.00%
iteration: 	3
	train
	time: 	228.94156074523926
	cross ent: 	0.02238556404080656
	cluster: 	0.6684619238548948
	separation:	126.49778847588433
	avg separation:	126.49829907396105
	accu: 		99.33611111111111%
	l1: 		2.8137011528015137
	p dist pair: 	63.99938201904297
	test
	time: 	7.126016139984131
	cross ent: 	0.023913963135564698
	cluster: 	0.6778238351102344
	separation:	127.01964462280273
	avg separation:	127.02030479431153
	accu: 		99.41%
	l1: 		2.8137011528015137
	p dist pair: 	63.99938201904297
	above 70.00%
iteration: 	4
	train
	time: 	262.216016292572
	cross ent: 	0.02238308363882566
	cluster: 	0.6684619256000544
	separation:	126.49778847588433
	avg separation:	126.49829897562662
	accu: 		99.33833333333332%
	l1: 		2.788938045501709
	p dist pair: 	63.99938201904297
	test
	time: 	7.154115438461304
	cross ent: 	0.023719557972508482
	cluster: 	0.6778238351102344
	separation:	127.01964462280273
	avg separation:	127.02030479431153
	accu: 		99.41%
	l1: 		2.788938045501709
	p dist pair: 	63.99938201904297
	above 70.00%
iteration: 	5
	train
	time: 	264.3319880962372
	cross ent: 	0.022384965747284394
	cluster: 	0.6684619260657404
	separation:	126.49778844875759
	avg separation:	126.4982989501953
	accu: 		99.33888888888889%
	l1: 		2.7761833667755127
	p dist pair: 	63.99938201904297
	test
	time: 	7.185486555099487
	cross ent: 	0.023707243117969484
	cluster: 	0.6778238351102344
	separation:	127.01964462280273
	avg separation:	127.02030479431153
	accu: 		99.41%
	l1: 		2.7761833667755127
	p dist pair: 	63.99938201904297
	above 70.00%
iteration: 	6
	train
	time: 	262.7156574726105
	cross ent: 	0.022384212348015152
	cluster: 	0.6684619241177152
	separation:	126.49778845384385
	avg separation:	126.49829917568631
	accu: 		99.33944444444445%
	l1: 		2.774305820465088
	p dist pair: 	63.99938201904297
	test
	time: 	7.038930177688599
	cross ent: 	0.023851865039323458
	cluster: 	0.6778238351102344
	separation:	127.01964462280273
	avg separation:	127.02030479431153
	accu: 		99.41%
	l1: 		2.774305820465088
	p dist pair: 	63.99938201904297
	above 70.00%
iteration: 	7
	train
	time: 	261.73455286026
	cross ent: 	0.022385381977811144
	cluster: 	0.6684619245636148
	separation:	126.49778844706218
	avg separation:	126.49829900614421
	accu: 		99.33777777777777%
	l1: 		2.7607131004333496
	p dist pair: 	63.99938201904297
	test
	time: 	6.991863250732422
	cross ent: 	0.023780849491013212
	cluster: 	0.6778238351102344
	separation:	127.01964462280273
	avg separation:	127.02030479431153
	accu: 		99.41%
	l1: 		2.7607131004333496
	p dist pair: 	63.99938201904297
	above 70.00%
iteration: 	8
	train
	time: 	262.04928731918335
	cross ent: 	0.022380515954043303
	cluster: 	0.6684619255496733
	separation:	126.4977883843316
	avg separation:	126.49829899088542
	accu: 		99.33888888888889%
	l1: 		2.751002788543701
	p dist pair: 	63.99938201904297
	test
	time: 	7.1331963539123535
	cross ent: 	0.023820850404445083
	cluster: 	0.6778238351102344
	separation:	127.01964462280273
	avg separation:	127.02030479431153
	accu: 		99.41%
	l1: 		2.751002788543701
	p dist pair: 	63.99938201904297
	above 70.00%
iteration: 	9
	train
	time: 	262.32042622566223
	cross ent: 	0.02238368477837907
	cluster: 	0.6684619252680233
	separation:	126.49778846910264
	avg separation:	126.49829919094509
	accu: 		99.33583333333334%
	l1: 		2.740811347961426
	p dist pair: 	63.99938201904297
	test
	time: 	7.152074098587036
	cross ent: 	0.023738387945923024
	cluster: 	0.6778238351102344
	separation:	127.01964462280273
	avg separation:	127.02030479431153
	accu: 		99.41%
	l1: 		2.740811347961426
	p dist pair: 	63.99938201904297
	above 70.00%
iteration: 	10
	train
	time: 	263.2501676082611
	cross ent: 	0.022381727900976936
	cluster: 	0.6684619245147393
	separation:	126.49778847927517
	avg separation:	126.49829916212293
	accu: 		99.33999999999999%
	l1: 		2.734508752822876
	p dist pair: 	63.99938201904297
	test
	time: 	7.1147449016571045
	cross ent: 	0.02390111895336304
	cluster: 	0.6778238351102344
	separation:	127.01964462280273
	avg separation:	127.02030479431153
	accu: 		99.41%
	l1: 		2.734508752822876
	p dist pair: 	63.99938201904297
	above 70.00%
iteration: 	11
	train
	time: 	262.1030158996582
	cross ent: 	0.022384489177506312
	cluster: 	0.6684619258891702
	separation:	126.49778840467665
	avg separation:	126.49829912312825
	accu: 		99.33694444444444%
	l1: 		2.7181835174560547
	p dist pair: 	63.99938201904297
	test
	time: 	7.1087806224823
	cross ent: 	0.023727032686583698
	cluster: 	0.6778238351102344
	separation:	127.01964462280273
	avg separation:	127.02030479431153
	accu: 		99.41%
	l1: 		2.7181835174560547
	p dist pair: 	63.99938201904297
	above 70.00%
iteration: 	12
	train
	time: 	263.3135883808136
	cross ent: 	0.02238388351081974
	cluster: 	0.6684619252792772
	separation:	126.49778857082791
	avg separation:	126.49829913838704
	accu: 		99.33777777777777%
	l1: 		2.710653305053711
	p dist pair: 	63.99938201904297
	test
	time: 	7.008612632751465
	cross ent: 	0.023794076427002438
	cluster: 	0.6778238351102344
	separation:	127.01964462280273
	avg separation:	127.02030479431153
	accu: 		99.41%
	l1: 		2.710653305053711
	p dist pair: 	63.99938201904297
	above 70.00%
iteration: 	13
	train
	time: 	262.2496745586395
	cross ent: 	0.02238531327744325
	cluster: 	0.668461924790971
	separation:	126.49778843010796
	avg separation:	126.49829923502604
	accu: 		99.33777777777777%
	l1: 		2.702054262161255
	p dist pair: 	63.99938201904297
	test
	time: 	7.0236804485321045
	cross ent: 	0.023836154863820413
	cluster: 	0.6778238351102344
	separation:	127.01964462280273
	avg separation:	127.02030479431153
	accu: 		99.41%
	l1: 		2.702054262161255
	p dist pair: 	63.99938201904297
	above 70.00%
iteration: 	14
	train
	time: 	263.21201944351196
	cross ent: 	0.022381314833933075
	cluster: 	0.6684619239800907
	separation:	126.49778843349881
	avg separation:	126.49829903157553
	accu: 		99.33722222222222%
	l1: 		2.6944360733032227
	p dist pair: 	63.99938201904297
	test
	time: 	6.991668701171875
	cross ent: 	0.023823386913281865
	cluster: 	0.6778238351102344
	separation:	127.01964462280273
	avg separation:	127.02030479431153
	accu: 		99.41%
	l1: 		2.6944360733032227
	p dist pair: 	63.99938201904297
	above 70.00%
iteration: 	15
	train
	time: 	262.1245496273041
	cross ent: 	0.02237985719057421
	cluster: 	0.6684619250756633
	separation:	126.49778846910264
	avg separation:	126.49829899427625
	accu: 		99.34083333333334%
	l1: 		2.684385299682617
	p dist pair: 	63.99938201904297
	test
	time: 	7.1604108810424805
	cross ent: 	0.02365985880664084
	cluster: 	0.6778238351102344
	separation:	127.01964462280273
	avg separation:	127.02030479431153
	accu: 		99.41%
	l1: 		2.684385299682617
	p dist pair: 	63.99938201904297
	above 70.00%
iteration: 	16
	train
	time: 	262.36953592300415
	cross ent: 	0.022385826082227545
	cluster: 	0.6684619242218807
	separation:	126.49778851996528
	avg separation:	126.4982992553711
	accu: 		99.3386111111111%
	l1: 		2.6751201152801514
	p dist pair: 	63.99938201904297
	test
	time: 	7.078878879547119
	cross ent: 	0.023789817899814807
	cluster: 	0.6778238351102344
	separation:	127.01964462280273
	avg separation:	127.02030479431153
	accu: 		99.41%
	l1: 		2.6751201152801514
	p dist pair: 	63.99938201904297
	above 70.00%
iteration: 	17
	train
	time: 	262.3528435230255
	cross ent: 	0.02238278058435147
	cluster: 	0.6684619247268497
	separation:	126.49778837076823
	avg separation:	126.49829912143284
	accu: 		99.3386111111111%
	l1: 		2.6669318675994873
	p dist pair: 	63.99938201904297
	test
	time: 	7.110177040100098
	cross ent: 	0.02383506471873261
	cluster: 	0.6778238351102344
	separation:	127.01964462280273
	avg separation:	127.02030479431153
	accu: 		99.41%
	l1: 		2.6669318675994873
	p dist pair: 	63.99938201904297
	above 70.00%
iteration: 	18
	train
	time: 	261.9412431716919
	cross ent: 	0.022382880555595168
	cluster: 	0.6684619245863571
	separation:	126.49778854031032
	avg separation:	126.49829912143284
	accu: 		99.33666666666666%
	l1: 		2.6593079566955566
	p dist pair: 	63.99938201904297
	test
	time: 	7.117360591888428
	cross ent: 	0.02387109379225876
	cluster: 	0.6778238351102344
	separation:	127.01964462280273
	avg separation:	127.02030479431153
	accu: 		99.41%
	l1: 		2.6593079566955566
	p dist pair: 	63.99938201904297
	above 70.00%
iteration: 	19
	train
	time: 	263.3724043369293
	cross ent: 	0.02238644803237791
	cluster: 	0.668461924166178
	separation:	126.49778849622939
	avg separation:	126.49829904344347
	accu: 		99.34027777777777%
	l1: 		2.6488428115844727
	p dist pair: 	63.99938201904297
	test
	time: 	6.778644800186157
	cross ent: 	0.02373789206263609
	cluster: 	0.6778238351102344
	separation:	127.01964462280273
	avg separation:	127.02030479431153
	accu: 		99.41%
	l1: 		2.6488428115844727
	p dist pair: 	63.99938201904297
	above 70.00%
