training set size: 360000
push set size: 60000
test set size: 10000
batch size: 80
training set size: 360000
push set size: 60000
test set size: 10000
batch size: 80
start training
epoch: 	0
	warm
	train
training set size: 360000
push set size: 60000
test set size: 10000
batch size: 80
start training
epoch: 	0
	warm
	train
	time: 	903.1664264202118
	cross ent: 	0.7033251159058677
	cluster: 	7.269799651561926
	separation:	7.2710696585612995
	avg separation:	453.2460139160156
	accu: 		52.43083333333334%
	l1: 		9.0
	p dist pair: 	784.9849853515625
	test
	time: 	12.649790525436401
	cross ent: 	0.6770064479112625
	cluster: 	0.04796401262283325
	separation:	0.049627489000558855
	avg separation:	465.32762603759767
	accu: 		57.95%
	l1: 		9.0
	p dist pair: 	784.9849853515625
epoch: 	1
	joint
	train
	time: 	1328.0881440639496
	cross ent: 	0.23669567946220438
	cluster: 	22.18594918383782
	separation:	2873.2748120807983
	avg separation:	3705.8864093085394
	accu: 		90.69944444444444%
	l1: 		9.0
	p dist pair: 	4822.41650390625
	test
	time: 	12.540130853652954
	cross ent: 	0.1479789870046079
	cluster: 	9.424831795170903
	separation:	5010.422763231694
	avg separation:	5902.6383374023435
	accu: 		97.91%
	l1: 		9.0
	p dist pair: 	4822.41650390625
	above 70.00%
epoch: 	2
	joint
	train
	time: 	1323.5163819789886
	cross ent: 	0.1319162729834724
	cluster: 	19.459627017640198
	separation:	3844.2963282335068
	avg separation:	5011.80188140191
	accu: 		97.63638888888889%
	l1: 		9.0
	p dist pair: 	5217.3955078125
	test
	time: 	12.418266773223877
	cross ent: 	0.119193572178483
	cluster: 	13.171790686994791
	separation:	5150.6674976550785
	avg separation:	6133.215794677734
	accu: 		98.22999999999999%
	l1: 		9.0
	p dist pair: 	5217.3955078125
	above 70.00%
epoch: 	3
	joint
	train
	time: 	1325.1159870624542
	cross ent: 	0.12444446841720491
	cluster: 	16.433844982880686
	separation:	3878.9324792751736
	avg separation:	5113.577160481771
	accu: 		97.95694444444445%
	l1: 		9.0
	p dist pair: 	5285.69775390625
	test
	time: 	12.579463005065918
	cross ent: 	0.0642990823276341
	cluster: 	5.443254393290263
	separation:	5195.552910936847
	avg separation:	6313.124291992188
	accu: 		99.08%
	l1: 		9.0
	p dist pair: 	5285.69775390625
	above 70.00%
epoch: 	4
	joint
	train
	time: 	1325.8982622623444
	cross ent: 	0.11709665976061175
	cluster: 	14.33495143065105
	separation:	3902.2441495225694
	avg separation:	5441.444096788195
	accu: 		98.21388888888889%
	l1: 		9.0
	p dist pair: 	5646.17919921875
	test
	time: 	12.77092957496643
	cross ent: 	0.13336216025054454
	cluster: 	2.675552603341639
	separation:	5176.633252390325
	avg separation:	6466.315812988281
	accu: 		98.58%
	l1: 		9.0
	p dist pair: 	5646.17919921875
	above 70.00%
epoch: 	5
	joint
	train
	time: 	1326.878500699997
	cross ent: 	0.060553033909501716
	cluster: 	9.53893442957393
	separation:	3991.026664279514
	avg separation:	5672.225458984375
	accu: 		98.95722222222221%
	l1: 		9.0
	p dist pair: 	5620.486328125
	test
	time: 	12.735283851623535
	cross ent: 	0.03746913891751319
	cluster: 	7.145639608539641
	separation:	5269.028682079948
	avg separation:	6504.475400390625
	accu: 		99.41%
	l1: 		9.0
	p dist pair: 	5620.486328125
	above 70.00%
	push
training set size: 360000
push set size: 60000
test set size: 10000
batch size: 80
start training
epoch: 	0
	warm
	train
	time: 	422.8816201686859
	cross ent: 	0.7038414064910676
	cluster: 	1.9975173971506042
	separation:	1.9959149667993188
	avg separation:	111.37371396552192
	accu: 		50.1425%
	l1: 		9.0
	p dist pair: 	181.3170166015625
	test
	time: 	12.025185108184814
	cross ent: 	0.712753067612648
	cluster: 	0.019280602540820837
	separation:	0.01882209436967969
	avg separation:	110.22742668151855
	accu: 		35.15%
	l1: 		9.0
	p dist pair: 	181.3170166015625
epoch: 	1
	joint
	train
	time: 	1255.1659698486328
	cross ent: 	0.2532183085559971
	cluster: 	0.2211355058038607
	separation:	7.409449091718429
	avg separation:	272.46805958218044
	accu: 		88.37222222222222%
	l1: 		9.0
	p dist pair: 	1689.5479736328125
	test
	time: 	12.002229690551758
	cross ent: 	0.2368479884043336
	cluster: 	0.7146649521589279
	separation:	83.2460215203464
	avg separation:	774.3640908813477
	accu: 		91.67999999999999%
	l1: 		9.0
	p dist pair: 	1689.5479736328125
	above 70.00%
epoch: 	2
	joint
	train
	time: 	1254.4127531051636
	cross ent: 	0.19722003454963366
	cluster: 	5.240026801120904
	separation:	802.472494126214
	avg separation:	3208.949022854275
	accu: 		93.60694444444444%
	l1: 		9.0
	p dist pair: 	5499.458984375
	test
	time: 	11.932364225387573
	cross ent: 	0.09487805437296629
	cluster: 	2.9029751509428023
	separation:	1327.7890845108031
	avg separation:	3502.787470703125
	accu: 		99.3%
	l1: 		9.0
	p dist pair: 	5499.458984375
	above 70.00%
	push
	Executing push ...
	push time: 	69.69177627563477
	test
	time: 	11.993741273880005
	cross ent: 	0.06192135337003151
	cluster: 	2.3693989696264905
	separation:	1169.995187034607
	avg separation:	1315.3269760131836
	accu: 		99.28%
	l1: 		9.0
	p dist pair: 	810.844482421875
	above 70.00%
	last layer
iteration: 	0
	train
	time: 	408.9153356552124
	cross ent: 	0.12413410013934804
	cluster: 	4.348475302988456
	separation:	894.30035679796
	avg separation:	1049.4913002522787
	accu: 		98.4563888888889%
	l1: 		7.951116561889648
	p dist pair: 	810.844482421875
	test
	time: 	11.696725845336914
	cross ent: 	0.058899162536108635
	cluster: 	2.3975086501261105
	separation:	1168.2726058578492
	avg separation:	1313.2353248596191
	accu: 		99.18%
	l1: 		7.951116561889648
	p dist pair: 	810.844482421875
	above 70.00%
iteration: 	1
	train
	time: 	407.88814878463745
	cross ent: 	0.10791806336875177
	cluster: 	4.421011304286619
	separation:	894.3167602674696
	avg separation:	1049.4864852566188
	accu: 		98.42861111111111%
	l1: 		7.677197456359863
	p dist pair: 	810.844482421875
	test
	time: 	12.316198348999023
	cross ent: 	0.05269977722760814
	cluster: 	2.278801622017054
	separation:	1167.5604748916626
	avg separation:	1312.4703764343262
	accu: 		99.15%
	l1: 		7.677197456359863
	p dist pair: 	810.844482421875
	above 70.00%
iteration: 	2
	train
	time: 	409.1268196105957
	cross ent: 	0.09946326263373097
	cluster: 	4.375346332061932
	separation:	894.2947551540799
	avg separation:	1049.4792276611329
	accu: 		98.43222222222222%
	l1: 		8.418943405151367
	p dist pair: 	810.844482421875
	test
	time: 	11.877739667892456
	cross ent: 	0.04995329555531498
	cluster: 	2.347950906694314
	separation:	1169.0278893280029
	avg separation:	1314.029921875
	accu: 		99.18%
	l1: 		8.418943405151367
	p dist pair: 	810.844482421875
	above 70.00%
iteration: 	3
	train
	time: 	409.63088941574097
	cross ent: 	0.09820876517891884
	cluster: 	4.454721252431679
	separation:	894.3691611599393
	avg separation:	1049.5419627956815
	accu: 		98.42611111111111%
	l1: 		9.400699615478516
	p dist pair: 	810.844482421875
	test
	time: 	12.081902742385864
	cross ent: 	0.0505454313615337
	cluster: 	2.246245383371206
	separation:	1166.8076867675782
	avg separation:	1311.6615948486328
	accu: 		99.07000000000001%
	l1: 		9.400699615478516
	p dist pair: 	810.844482421875
	above 70.00%
iteration: 	4
	train
training set size: 60000
push set size: 60000
test set size: 10000
batch size: 80
start training
epoch: 	0
	warm
	train
	time: 	71.80465722084045
	cross ent: 	0.6725440064271291
	cluster: 	11.662215619930377
	separation:	11.81934106972441
	avg separation:	243.5472845662435
	accu: 		63.306666666666665%
	l1: 		9.0
	p dist pair: 	373.13592529296875
	test
	time: 	13.168365001678467
	cross ent: 	0.6963993978500366
	cluster: 	0.037670848835259674
	separation:	0.04826948143541813
	avg separation:	261.23812728881836
	accu: 		64.85%
	l1: 		9.0
	p dist pair: 	373.13592529296875
epoch: 	1
	joint
	train
	time: 	208.8261272907257
	cross ent: 	0.6543677108685175
	cluster: 	0.037196000821888446
	separation:	0.042819464902083076
	avg separation:	282.33775691731773
	accu: 		64.99666666666667%
	l1: 		9.0
	p dist pair: 	392.7962646484375
	test
	time: 	12.135685920715332
	cross ent: 	0.6492046889662743
	cluster: 	0.04039123434573412
	separation:	0.04634951073676348
	avg separation:	280.9510373687744
	accu: 		64.85%
	l1: 		9.0
	p dist pair: 	392.7962646484375
epoch: 	2
	joint
	train
	time: 	209.17339158058167
	cross ent: 	0.6535017773310343
	cluster: 	0.0328404973782599
	separation:	0.037804332104822
	avg separation:	299.0764928995768
	accu: 		65.32333333333334%
	l1: 		9.0
	p dist pair: 	419.86907958984375
	test
	time: 	11.795377016067505
	cross ent: 	0.6561692622303963
	cluster: 	0.014240819970145821
	separation:	0.016868603127077223
	avg separation:	305.5858450317383
	accu: 		64.85%
	l1: 		9.0
	p dist pair: 	419.86907958984375
	push
	Executing push ...
	push time: 	68.37895917892456
	test
	time: 	11.557681322097778
	cross ent: 	0.7661925029754638
	cluster: 	1.778564404048666e-05
	separation:	1.778564404048666e-05
	avg separation:	0.0999934819340706
	accu: 		52.900000000000006%
	l1: 		9.0
	p dist pair: 	0.28186163306236267
	last layer
iteration: 	0
	train
	time: 	68.47706604003906
	cross ent: 	0.7384672791163127
	cluster: 	1.6963704777026578e-05
	separation:	1.6963704777026578e-05
	avg separation:	0.09981737426916758
	accu: 		59.44166666666667%
	l1: 		8.899209022521973
	p dist pair: 	0.28186163306236267
	test
	time: 	12.023019790649414
	cross ent: 	0.7437931969761848
	cluster: 	1.5478515192626218e-05
	separation:	1.5478515192626218e-05
	avg separation:	0.10053097955882549
	accu: 		59.97%
	l1: 		8.899209022521973
	p dist pair: 	0.28186163306236267
iteration: 	1
	train
	time: 	68.35194110870361
	cross ent: 	0.7330238918463389
	cluster: 	1.702473989613888e-05
	separation:	1.702473989613888e-05
	avg separation:	0.09985518020391464
	accu: 		60.13666666666667%
	l1: 		8.781412124633789
	p dist pair: 	0.28186163306236267
	test
	time: 	11.597887754440308
	cross ent: 	0.7394594106078148
	cluster: 	1.6906737810131743e-05
	separation:	1.6906737810131743e-05
	avg separation:	0.10053684517741203
	accu: 		59.57%
	l1: 		8.781412124633789
	p dist pair: 	0.28186163306236267
iteration: 	2
	train
	time: 	68.02843928337097
	cross ent: 	0.7293010975519816
	cluster: 	1.7338053685004222e-05
	separation:	1.7338053685004222e-05
	avg separation:	0.09989080501596133
	accu: 		60.31666666666666%
	l1: 		8.667323112487793
	p dist pair: 	0.28186163306236267
	test
	time: 	12.158037662506104
	cross ent: 	0.7360294887423515
	cluster: 	1.7285155827266863e-05
	separation:	1.7285155827266863e-05
	avg separation:	0.10063791960477829
	accu: 		59.19%
	l1: 		8.667323112487793
	p dist pair: 	0.28186163306236267
iteration: 	3
	train
