training set size: 60000
push set size: 60000
test set size: 10000
batch size: 80
start training
epoch: 	0
	warm
	train
	time: 	36.58714413642883
	cross ent: 	1.5560164371331533
	cluster: 	1.6629269108573597
	separation:	1.277329315563043
	avg separation:	28.594272476196288
	accu: 		48.70666666666666%
	l1: 		110.0
	p dist pair: 	66.74683380126953
	test
	time: 	4.944634199142456
	cross ent: 	1.2070219999551772
	cluster: 	0.2748857608437538
	separation:	0.3023978841304779
	avg separation:	28.182848224639894
	accu: 		62.92%
	l1: 		110.0
	p dist pair: 	66.74683380126953
epoch: 	1
	warm
	train
	time: 	35.546245098114014
	cross ent: 	1.1445008291403453
	cluster: 	0.2453388617237409
	separation:	0.28229676030079526
	avg separation:	26.293609380086263
	accu: 		65.47500000000001%
	l1: 		110.0
	p dist pair: 	55.292320251464844
	test
	time: 	5.03423810005188
	cross ent: 	1.0838407844305038
	cluster: 	0.20523083865642547
	separation:	0.22888665348291398
	avg separation:	24.429377155303953
	accu: 		66.74%
	l1: 		110.0
	p dist pair: 	55.292320251464844
epoch: 	2
	warm
	train
	time: 	36.44354319572449
	cross ent: 	0.9834934560457865
	cluster: 	0.17488668465614318
	separation:	0.2431064519484838
	avg separation:	19.339189200083414
	accu: 		71.03166666666667%
	l1: 		110.0
	p dist pair: 	35.47929763793945
	test
	time: 	5.048486709594727
	cross ent: 	0.9225943416357041
	cluster: 	0.14855300545692443
	separation:	0.22757217332720756
	avg separation:	15.040967721939086
	accu: 		72.02%
	l1: 		110.0
	p dist pair: 	35.47929763793945
	above 70.00%
epoch: 	3
	warm
	train
	time: 	35.28536939620972
	cross ent: 	0.8500835447311401
	cluster: 	0.13601026845971742
	separation:	0.21531568441788357
	avg separation:	11.517894783020019
	accu: 		74.87666666666667%
	l1: 		110.0
	p dist pair: 	18.92193031311035
	test
	time: 	4.956249952316284
	cross ent: 	0.7777204656600952
	cluster: 	0.11570272911339999
	separation:	0.18606384143233298
	avg separation:	6.56938223361969
	accu: 		76.13%
	l1: 		110.0
	p dist pair: 	18.92193031311035
	above 70.00%
epoch: 	4
	warm
	train
	time: 	35.34782910346985
	cross ent: 	0.7431720570325852
	cluster: 	0.11135240371028582
	separation:	0.19308818487326304
	avg separation:	4.472871708552042
	accu: 		78.02166666666666%
	l1: 		110.0
	p dist pair: 	11.298609733581543
	test
	time: 	5.123213052749634
	cross ent: 	0.7216625469923019
	cluster: 	0.11915935747325421
	separation:	0.2068061873316765
	avg separation:	2.7836439085006712
	accu: 		79.22%
	l1: 		110.0
	p dist pair: 	11.298609733581543
	above 70.00%
epoch: 	5
	joint
	train
	time: 	97.10311365127563
	cross ent: 	0.28991717609514794
	cluster: 	0.08071075562139352
	separation:	1.0850933058857917
	avg separation:	4.454871386528015
	accu: 		92.18333333333332%
	l1: 		110.0
	p dist pair: 	13.192724227905273
	test
	time: 	5.095876693725586
	cross ent: 	0.10943173881620169
	cluster: 	0.07543847208842636
	separation:	6.024564542770386
	avg separation:	10.168655195236205
	accu: 		98.14%
	l1: 		110.0
	p dist pair: 	13.192724227905273
	above 70.00%
epoch: 	6
	joint
	train
	time: 	99.46263551712036
	cross ent: 	0.3613549503783385
	cluster: 	1.7300207649792234
	separation:	119.06517595736186
	avg separation:	136.43575999323528
	accu: 		97.02333333333333%
	l1: 		110.0
	p dist pair: 	253.38833618164062
	test
	time: 	4.344430923461914
	cross ent: 	0.3044626142084599
	cluster: 	3.9520886982232333
	separation:	219.48259185791017
	avg separation:	251.79959426879884
	accu: 		96.69%
	l1: 		110.0
	p dist pair: 	253.38833618164062
	above 70.00%
epoch: 	7
	joint
	train
	time: 	98.46159148216248
	cross ent: 	0.27333884783585866
	cluster: 	2.152578576852878
	separation:	245.06831825764974
	avg separation:	267.9258279418945
	accu: 		98.02%
	l1: 		110.0
	p dist pair: 	272.9907531738281
	test
	time: 	5.001042366027832
	cross ent: 	0.25901452377438544
	cluster: 	1.0981483344733716
	separation:	250.44387084960937
	avg separation:	272.69167266845704
	accu: 		98.59%
	l1: 		110.0
	p dist pair: 	272.9907531738281
	above 70.00%
epoch: 	8
	joint
	train
	time: 	97.18703031539917
	cross ent: 	0.29504182980457944
	cluster: 	1.5398026539981364
	separation:	259.87503147379556
	avg separation:	278.60685819498696
	accu: 		98.64666666666668%
	l1: 		110.0
	p dist pair: 	278.18963623046875
	test
	time: 	5.098569869995117
	cross ent: 	0.313849051296711
	cluster: 	1.3024667697399854
	separation:	264.552733001709
	avg separation:	280.97253875732423
	accu: 		98.71%
	l1: 		110.0
	p dist pair: 	278.18963623046875
	above 70.00%
epoch: 	9
	joint
	train
	time: 	96.5341145992279
	cross ent: 	0.3107160275975863
	cluster: 	1.007763707468907
	separation:	267.5425001627604
	avg separation:	281.54602421061196
	accu: 		99.13666666666666%
	l1: 		110.0
	p dist pair: 	278.6000061035156
	test
	time: 	4.756436586380005
	cross ent: 	0.30890543341636656
	cluster: 	0.7443210817873478
	separation:	268.91493225097656
	avg separation:	281.9137905883789
	accu: 		99.31%
	l1: 		110.0
	p dist pair: 	278.6000061035156
	above 70.00%
epoch: 	10
	joint
	train
	time: 	98.23365926742554
	cross ent: 	0.3122732925017675
	cluster: 	0.7505832296808561
	separation:	268.72620646158856
	avg separation:	281.9719444986979
	accu: 		99.32666666666667%
	l1: 		110.0
	p dist pair: 	278.642822265625
	test
	time: 	5.05279016494751
	cross ent: 	0.31165779069066046
	cluster: 	0.6759097876399756
	separation:	269.4212742614746
	avg separation:	282.1487063598633
	accu: 		99.35000000000001%
	l1: 		110.0
	p dist pair: 	278.642822265625
	above 70.00%
	push
	Executing push ...
	push time: 	33.41038489341736
	test
	time: 	5.071746110916138
	cross ent: 	0.03879325481309934
	cluster: 	0.2980452159028937
	separation:	120.98685981750488
	avg separation:	220.54452117919922
	accu: 		99.36%
	l1: 		110.0
	p dist pair: 	164.81500244140625
	above 70.00%
	last layer
iteration: 	0
	train
	time: 	31.98256492614746
	cross ent: 	0.039578199908708485
	cluster: 	0.2730460727704873
	separation:	120.70590749104818
	avg separation:	220.45294720458983
	accu: 		99.425%
	l1: 		103.41832733154297
	p dist pair: 	164.81500244140625
	test
	time: 	4.97988486289978
	cross ent: 	0.03817011375087532
	cluster: 	0.30247780762332693
	separation:	121.0495687866211
	avg separation:	220.56432495117187
	accu: 		99.36%
	l1: 		103.41832733154297
	p dist pair: 	164.81500244140625
	above 70.00%
iteration: 	1
	train
	time: 	30.61920714378357
	cross ent: 	0.03695440243883301
	cluster: 	0.2705580943478247
	separation:	120.78073281860351
	avg separation:	220.48243599446616
	accu: 		99.43666666666667%
	l1: 		97.7945556640625
	p dist pair: 	164.81500244140625
	test
	time: 	5.027344703674316
	cross ent: 	0.0371101846298734
	cluster: 	0.31303120855054656
	separation:	121.08277046203614
	avg separation:	220.5938442993164
	accu: 		99.37%
	l1: 		97.7945556640625
	p dist pair: 	164.81500244140625
	above 70.00%
iteration: 	2
	train
	time: 	30.96360731124878
	cross ent: 	0.03741598846924171
	cluster: 	0.25751263538777375
	separation:	120.73965998331705
	avg separation:	220.45953672281902
	accu: 		99.42166666666667%
	l1: 		92.34930419921875
	p dist pair: 	164.81500244140625
	test
	time: 	4.982228755950928
	cross ent: 	0.03601443096431467
	cluster: 	0.3076615290897098
	separation:	121.08268989562988
	avg separation:	220.6038311767578
	accu: 		99.4%
	l1: 		92.34930419921875
	p dist pair: 	164.81500244140625
	above 70.00%
iteration: 	3
	train
	time: 	31.871601343154907
	cross ent: 	0.037597552133775025
	cluster: 	0.2713265665872362
	separation:	120.71892522176107
	avg separation:	220.44553967285157
	accu: 		99.43166666666666%
	l1: 		86.90594482421875
	p dist pair: 	164.81500244140625
	test
	time: 	4.999274492263794
	cross ent: 	0.03601710285522131
	cluster: 	0.2992582450838745
	separation:	121.00377151489258
	avg separation:	220.55626388549805
	accu: 		99.38%
	l1: 		86.90594482421875
	p dist pair: 	164.81500244140625
	above 70.00%
iteration: 	4
	train
	time: 	30.618952751159668
	cross ent: 	0.03688692037324169
	cluster: 	0.26035005874222406
	separation:	120.7489725748698
	avg separation:	220.44988669840495
	accu: 		99.41666666666666%
	l1: 		81.62944030761719
	p dist pair: 	164.81500244140625
	test
	time: 	4.8578808307647705
	cross ent: 	0.03448450954754662
	cluster: 	0.30459366245999264
	separation:	121.03331970214843
	avg separation:	220.58345809936523
	accu: 		99.4%
	l1: 		81.62944030761719
	p dist pair: 	164.81500244140625
	above 70.00%
iteration: 	5
	train
	time: 	31.055829286575317
	cross ent: 	0.03626600732851754
	cluster: 	0.2763297082396724
	separation:	120.73941163126628
	avg separation:	220.47064721679686
	accu: 		99.45333333333333%
	l1: 		76.3917236328125
	p dist pair: 	164.81500244140625
	test
	time: 	5.078534126281738
	cross ent: 	0.034991508142011296
	cluster: 	0.2999838721004926
	separation:	121.05415832519532
	avg separation:	220.5731298828125
	accu: 		99.38%
	l1: 		76.3917236328125
	p dist pair: 	164.81500244140625
	above 70.00%
iteration: 	6
	train
	time: 	31.92146611213684
	cross ent: 	0.037378872748071446
	cluster: 	0.276910344985595
	separation:	120.69169625854492
	avg separation:	220.44827388509114
	accu: 		99.40833333333333%
	l1: 		71.29046630859375
	p dist pair: 	164.81500244140625
	test
	time: 	5.0382726192474365
	cross ent: 	0.035629626890513466
	cluster: 	0.2948813147217152
	separation:	120.98361961364746
	avg separation:	220.5338690185547
	accu: 		99.37%
	l1: 		71.29046630859375
	p dist pair: 	164.81500244140625
	above 70.00%
iteration: 	7
	train
	time: 	31.476037979125977
	cross ent: 	0.03552909462794196
	cluster: 	0.25740203905378684
	separation:	120.71979149373372
	avg separation:	220.45659562174478
	accu: 		99.42166666666667%
	l1: 		68.05655670166016
	p dist pair: 	164.81500244140625
	test
	time: 	4.603049993515015
	cross ent: 	0.03431653616869881
	cluster: 	0.3143844918626928
	separation:	121.03935455322265
	avg separation:	220.59010665893555
	accu: 		99.38%
	l1: 		68.05655670166016
	p dist pair: 	164.81500244140625
	above 70.00%
iteration: 	8
	train
	time: 	31.25233221054077
	cross ent: 	0.03504743426385297
	cluster: 	0.2642603899193297
	separation:	120.73172604370117
	avg separation:	220.45908654785157
	accu: 		99.43333333333332%
	l1: 		66.29339599609375
	p dist pair: 	164.81500244140625
	test
	time: 	4.999586582183838
	cross ent: 	0.03388741165952524
	cluster: 	0.31992248021611885
	separation:	121.07151588439942
	avg separation:	220.61620086669922
	accu: 		99.41%
	l1: 		66.29339599609375
	p dist pair: 	164.81500244140625
	above 70.00%
iteration: 	9
	train
	time: 	32.13405084609985
	cross ent: 	0.0351701741827225
	cluster: 	0.2732122839915222
	separation:	120.6870931599935
	avg separation:	220.43303564453126
	accu: 		99.44166666666666%
	l1: 		64.76699829101562
	p dist pair: 	164.81500244140625
	test
	time: 	4.943474531173706
	cross ent: 	0.03464440436735458
	cluster: 	0.30476865706370515
	separation:	121.07928169250488
	avg separation:	220.5763803100586
	accu: 		99.39%
	l1: 		64.76699829101562
	p dist pair: 	164.81500244140625
	above 70.00%
iteration: 	10
	train
	time: 	31.73859739303589
	cross ent: 	0.03542949113536936
	cluster: 	0.2671228813203901
	separation:	120.75111607869466
	avg separation:	220.45803361002604
	accu: 		99.43833333333333%
	l1: 		63.416259765625
	p dist pair: 	164.81500244140625
	test
	time: 	4.591756105422974
	cross ent: 	0.03434213256041403
	cluster: 	0.29606189434103725
	separation:	120.96980384826661
	avg separation:	220.53213424682616
	accu: 		99.37%
	l1: 		63.416259765625
	p dist pair: 	164.81500244140625
	above 70.00%
iteration: 	11
	train
	time: 	31.382203817367554
	cross ent: 	0.03406492012330758
	cluster: 	0.26849360396480915
	separation:	120.71076494344075
	avg separation:	220.4498116048177
	accu: 		99.44833333333334%
	l1: 		62.31199264526367
	p dist pair: 	164.81500244140625
	test
	time: 	5.199718236923218
	cross ent: 	0.03369630047229293
	cluster: 	0.29628515325151966
	separation:	120.99385665893554
	avg separation:	220.5330140686035
	accu: 		99.4%
	l1: 		62.31199264526367
	p dist pair: 	164.81500244140625
	above 70.00%
iteration: 	12
	train
	time: 	31.55033540725708
	cross ent: 	0.03251099358744492
	cluster: 	0.2616058083335617
	separation:	120.69209320068359
	avg separation:	220.44588926188152
	accu: 		99.44833333333334%
	l1: 		61.3195915222168
	p dist pair: 	164.81500244140625
	test
	time: 	5.020165681838989
	cross ent: 	0.03323469201139233
	cluster: 	0.3057919825055433
	separation:	121.05530990600586
	avg separation:	220.58319915771483
	accu: 		99.41%
	l1: 		61.3195915222168
	p dist pair: 	164.81500244140625
	above 70.00%
iteration: 	13
	train
	time: 	32.097463607788086
	cross ent: 	0.03319407176007129
	cluster: 	0.2500106661582613
	separation:	120.7140309753418
	avg separation:	220.44678466796876
	accu: 		99.46333333333334%
	l1: 		60.358184814453125
	p dist pair: 	164.81500244140625
	test
	time: 	4.981475591659546
	cross ent: 	0.03370716690536937
	cluster: 	0.29977110433879717
	separation:	120.99017250061036
	avg separation:	220.5434718322754
	accu: 		99.4%
	l1: 		60.358184814453125
	p dist pair: 	164.81500244140625
	above 70.00%
iteration: 	14
	train
	time: 	30.063470125198364
	cross ent: 	0.03366607750581655
	cluster: 	0.2616851020158647
	separation:	120.71402285766601
	avg separation:	220.47080497233074
	accu: 		99.43333333333332%
	l1: 		59.469268798828125
	p dist pair: 	164.81500244140625
	test
	time: 	4.983470439910889
	cross ent: 	0.03279517348710215
	cluster: 	0.3261314995440625
	separation:	121.07240715026856
	avg separation:	220.57163635253906
	accu: 		99.39%
	l1: 		59.469268798828125
	p dist pair: 	164.81500244140625
	above 70.00%
iteration: 	15
	train
	time: 	31.908558130264282
	cross ent: 	0.0341200394279828
	cluster: 	0.27530315873508515
	separation:	120.69860222371419
	avg separation:	220.43944063313802
	accu: 		99.435%
	l1: 		58.62907409667969
	p dist pair: 	164.81500244140625
	test
	time: 	5.010486841201782
	cross ent: 	0.03184687224929803
	cluster: 	0.2958391590481551
	separation:	121.05115753173828
	avg separation:	220.56816665649413
	accu: 		99.41%
	l1: 		58.62907409667969
	p dist pair: 	164.81500244140625
	above 70.00%
iteration: 	16
	train
	time: 	31.950602531433105
	cross ent: 	0.03192162586744719
	cluster: 	0.2648610102875076
	separation:	120.67001478068033
	avg separation:	220.43542946370442
	accu: 		99.45166666666667%
	l1: 		57.99831771850586
	p dist pair: 	164.81500244140625
	test
	time: 	4.998466968536377
	cross ent: 	0.03238677270550397
	cluster: 	0.3065670421308823
	separation:	121.03196716308594
	avg separation:	220.56595825195313
	accu: 		99.38%
	l1: 		57.99831771850586
	p dist pair: 	164.81500244140625
	above 70.00%
iteration: 	17
	train
	time: 	29.906602144241333
	cross ent: 	0.03171263739210554
	cluster: 	0.2686647886866194
	separation:	120.71002526855469
	avg separation:	220.43217016601562
	accu: 		99.45833333333334%
	l1: 		57.37919235229492
	p dist pair: 	164.81500244140625
	test
	time: 	5.004417657852173
	cross ent: 	0.03185317920797388
	cluster: 	0.2991712268187257
	separation:	121.00056411743164
	avg separation:	220.5360108947754
	accu: 		99.4%
	l1: 		57.37919235229492
	p dist pair: 	164.81500244140625
	above 70.00%
iteration: 	18
	train
	time: 	32.22502374649048
	cross ent: 	0.03209374389764465
	cluster: 	0.2654854512862245
	separation:	120.70096027628581
	avg separation:	220.44147853597005
	accu: 		99.43333333333332%
	l1: 		56.77342224121094
	p dist pair: 	164.81500244140625
	test
	time: 	4.9515509605407715
	cross ent: 	0.031325068666919836
	cluster: 	0.3016981396032861
	separation:	121.03223289489746
	avg separation:	220.55938201904297
	accu: 		99.4%
	l1: 		56.77342224121094
	p dist pair: 	164.81500244140625
	above 70.00%
iteration: 	19
	train
	time: 	31.95419478416443
	cross ent: 	0.03133906692241241
	cluster: 	0.26374152367102943
	separation:	120.71869026692708
	avg separation:	220.4716577758789
	accu: 		99.47%
	l1: 		56.218692779541016
	p dist pair: 	164.81500244140625
	test
	time: 	5.063223838806152
	cross ent: 	0.03133338671235833
	cluster: 	0.3090196995206497
	separation:	121.06830444335938
	avg separation:	220.56830001831054
	accu: 		99.4%
	l1: 		56.218692779541016
	p dist pair: 	164.81500244140625
	above 70.00%
epoch: 	11
	joint
	train
	time: 	96.27545523643494
	cross ent: 	0.029345698232141632
	cluster: 	0.3179406896578924
	separation:	167.38035821533202
	avg separation:	228.8691805826823
	accu: 		99.44666666666667%
	l1: 		56.218692779541016
	p dist pair: 	209.90682983398438
	test
	time: 	5.055309534072876
	cross ent: 	0.025686702055973
	cluster: 	0.5115498917741934
	separation:	221.6832890319824
	avg separation:	247.72006256103515
	accu: 		99.47%
	l1: 		56.218692779541016
	p dist pair: 	209.90682983398438
	above 70.00%
epoch: 	12
	joint
	train
	time: 	97.06238293647766
	cross ent: 	0.1840054755823997
	cluster: 	0.4840429094739569
	separation:	256.5274732869466
	avg separation:	267.8505049641927
	accu: 		99.46666666666667%
	l1: 		56.218692779541016
	p dist pair: 	263.2594299316406
	test
	time: 	5.046905517578125
	cross ent: 	0.3788268706202507
	cluster: 	0.7769170118123293
	separation:	270.4430679321289
	avg separation:	277.5902047729492
	accu: 		99.49%
	l1: 		56.218692779541016
	p dist pair: 	263.2594299316406
	above 70.00%
epoch: 	13
	joint
	train
	time: 	97.37817120552063
	cross ent: 	0.39518373787403105
	cluster: 	0.6079928489228089
	separation:	271.75411499023437
	avg separation:	278.3569768880208
	accu: 		99.5%
	l1: 		56.218692779541016
	p dist pair: 	266.23663330078125
	test
	time: 	4.506751298904419
	cross ent: 	0.38501173675060274
	cluster: 	0.9319871844351292
	separation:	272.844548034668
	avg separation:	278.71751953125
	accu: 		99.49%
	l1: 		56.218692779541016
	p dist pair: 	266.23663330078125
	above 70.00%
epoch: 	14
	joint
	train
	time: 	99.08379530906677
	cross ent: 	0.38134421449899675
	cluster: 	0.5240231442252795
	separation:	272.9003632405599
	avg separation:	278.7213426920573
	accu: 		99.58666666666667%
	l1: 		56.218692779541016
	p dist pair: 	266.3568420410156
	test
	time: 	4.676242351531982
	cross ent: 	0.38305177360773085
	cluster: 	0.9071405014395714
	separation:	273.33594787597656
	avg separation:	278.8215798950195
	accu: 		99.49%
	l1: 		56.218692779541016
	p dist pair: 	266.3568420410156
	above 70.00%
epoch: 	15
	joint
	train
	time: 	96.96907591819763
	cross ent: 	0.380235111951828
	cluster: 	0.5355463318626086
	separation:	273.34222981770836
	avg separation:	278.8385156656901
	accu: 		99.58%
	l1: 		56.218692779541016
	p dist pair: 	266.46514892578125
	test
	time: 	5.0425965785980225
	cross ent: 	0.38115236222743987
	cluster: 	0.9296521800756454
	separation:	273.6959924316406
	avg separation:	278.95558288574216
	accu: 		99.49%
	l1: 		56.218692779541016
	p dist pair: 	266.46514892578125
	above 70.00%
epoch: 	16
	joint
	train
	time: 	96.62455987930298
	cross ent: 	0.37789398433764776
	cluster: 	0.5270004822810491
	separation:	273.4544413655599
	avg separation:	278.8862862955729
	accu: 		99.6%
	l1: 		56.218692779541016
	p dist pair: 	266.56011962890625
	test
	time: 	5.094653844833374
	cross ent: 	0.3801543417572975
	cluster: 	0.9477421073615551
	separation:	273.9198303222656
	avg separation:	279.0231301879883
	accu: 		99.47%
	l1: 		56.218692779541016
	p dist pair: 	266.56011962890625
	above 70.00%
epoch: 	17
	joint
	train
	time: 	96.35605192184448
	cross ent: 	0.37692422326405844
	cluster: 	0.5350761136213938
	separation:	273.7345633951823
	avg separation:	278.93902884928383
	accu: 		99.57833333333333%
	l1: 		56.218692779541016
	p dist pair: 	266.6577453613281
	test
	time: 	5.081009149551392
	cross ent: 	0.3779346612095833
	cluster: 	0.9653920610249043
	separation:	274.0398834228516
	avg separation:	279.0448159790039
	accu: 		99.48%
	l1: 		56.218692779541016
	p dist pair: 	266.6577453613281
	above 70.00%
epoch: 	18
	joint
	train
	time: 	98.12420082092285
	cross ent: 	0.3732322886784871
	cluster: 	0.5269217660029729
	separation:	273.90938427734375
	avg separation:	278.99360282389324
	accu: 		99.615%
	l1: 		56.218692779541016
	p dist pair: 	266.78302001953125
	test
	time: 	4.9611594676971436
	cross ent: 	0.37450571209192274
	cluster: 	0.9692766326665878
	separation:	274.2800866699219
	avg separation:	279.11253021240236
	accu: 		99.47%
	l1: 		56.218692779541016
	p dist pair: 	266.78302001953125
	above 70.00%
epoch: 	19
	joint
	train
	time: 	98.1995804309845
	cross ent: 	0.37102972956498464
	cluster: 	0.5159028611580531
	separation:	274.03781530761717
	avg separation:	279.0330830485026
	accu: 		99.61166666666666%
	l1: 		56.218692779541016
	p dist pair: 	266.79180908203125
	test
	time: 	5.045790195465088
	cross ent: 	0.37377856731414794
	cluster: 	0.9698309721052647
	separation:	274.3073333740234
	avg separation:	279.11524322509763
	accu: 		99.48%
	l1: 		56.218692779541016
	p dist pair: 	266.79180908203125
	above 70.00%
epoch: 	20
	joint
	train
	time: 	96.15828490257263
	cross ent: 	0.3705557757417361
	cluster: 	0.5077778485218684
	separation:	274.051065226237
	avg separation:	279.03806795247397
	accu: 		99.61%
	l1: 		56.218692779541016
	p dist pair: 	266.8050537109375
	test
	time: 	5.036196947097778
	cross ent: 	0.3730993789434433
	cluster: 	0.9801221057772637
	separation:	274.3431576538086
	avg separation:	279.1368698120117
	accu: 		99.5%
	l1: 		56.218692779541016
	p dist pair: 	266.8050537109375
	above 70.00%
	push
	Executing push ...
	push time: 	32.24608016014099
	test
	time: 	4.949612617492676
	cross ent: 	0.03336295322618753
	cluster: 	0.7349040321707071
	separation:	236.10206588745118
	avg separation:	263.67766174316404
	accu: 		99.53999999999999%
	l1: 		56.218692779541016
	p dist pair: 	240.82342529296875
	above 70.00%
	last layer
iteration: 	0
	train
	time: 	29.995214223861694
	cross ent: 	0.028588840464476864
	cluster: 	0.3024278901457971
	separation:	235.87007196044922
	avg separation:	263.5762161865234
	accu: 		99.64%
	l1: 		55.1776008605957
	p dist pair: 	240.82342529296875
	test
	time: 	4.989250659942627
	cross ent: 	0.03466043737567816
	cluster: 	0.7185267746866885
	separation:	236.1070655822754
	avg separation:	263.66532806396486
	accu: 		99.53999999999999%
	l1: 		55.1776008605957
	p dist pair: 	240.82342529296875
	above 70.00%
iteration: 	1
	train
	time: 	31.97148036956787
	cross ent: 	0.028391592645294925
	cluster: 	0.29538044838126126
	separation:	235.82726147460937
	avg separation:	263.58443216959637
	accu: 		99.63833333333334%
	l1: 		54.01819610595703
	p dist pair: 	240.82342529296875
	test
	time: 	4.9244465827941895
	cross ent: 	0.03311704622548859
	cluster: 	0.7430097111581563
	separation:	236.10831741333007
	avg separation:	263.669736328125
	accu: 		99.55000000000001%
	l1: 		54.01819610595703
	p dist pair: 	240.82342529296875
	above 70.00%
iteration: 	2
	train
	time: 	31.980201959609985
	cross ent: 	0.02768326118456025
	cluster: 	0.29806462197790584
	separation:	235.90376397705077
	avg separation:	263.59807092285155
	accu: 		99.64833333333334%
	l1: 		52.766822814941406
	p dist pair: 	240.82342529296875
	test
	time: 	4.938786268234253
	cross ent: 	0.0335835141426287
	cluster: 	0.7253516568845589
	separation:	236.11293045043945
	avg separation:	263.6591357421875
	accu: 		99.53999999999999%
	l1: 		52.766822814941406
	p dist pair: 	240.82342529296875
	above 70.00%
iteration: 	3
	train
	time: 	29.481274127960205
	cross ent: 	0.028163732014009533
	cluster: 	0.29602236689201283
	separation:	235.93555169677734
	avg separation:	263.614833984375
	accu: 		99.63%
	l1: 		51.42927169799805
	p dist pair: 	240.82342529296875
	test
	time: 	4.994417190551758
	cross ent: 	0.03278146435161034
	cluster: 	0.7385213191325601
	separation:	236.10631011962892
	avg separation:	263.6825497436523
	accu: 		99.55000000000001%
	l1: 		51.42927169799805
	p dist pair: 	240.82342529296875
	above 70.00%
iteration: 	4
	train
	time: 	31.579325675964355
	cross ent: 	0.029112862273163044
	cluster: 	0.29723441535990663
	separation:	235.8681779988607
	avg separation:	263.58851615397134
	accu: 		99.63833333333334%
	l1: 		50.12358856201172
	p dist pair: 	240.82342529296875
	test
	time: 	4.945106029510498
	cross ent: 	0.03169965190962103
	cluster: 	0.7449243661893342
	separation:	236.0996598815918
	avg separation:	263.66310638427734
	accu: 		99.55000000000001%
	l1: 		50.12358856201172
	p dist pair: 	240.82342529296875
	above 70.00%
iteration: 	5
	train
	time: 	31.8249831199646
	cross ent: 	0.026462535482666378
	cluster: 	0.2852691293370396
	separation:	235.9035338745117
	avg separation:	263.60244775390623
	accu: 		99.64833333333334%
	l1: 		49.06495666503906
	p dist pair: 	240.82342529296875
	test
	time: 	4.630962133407593
	cross ent: 	0.03255122376256622
	cluster: 	0.7252763097466232
	separation:	236.1188934326172
	avg separation:	263.6750765991211
	accu: 		99.53999999999999%
	l1: 		49.06495666503906
	p dist pair: 	240.82342529296875
	above 70.00%
iteration: 	6
	train
	time: 	30.525465965270996
	cross ent: 	0.027801017942736508
	cluster: 	0.2904636590409791
	separation:	235.8691937052409
	avg separation:	263.5727757161458
	accu: 		99.655%
	l1: 		47.98771667480469
	p dist pair: 	240.82342529296875
	test
	time: 	4.784693241119385
	cross ent: 	0.03211049493969767
	cluster: 	0.722583736074339
	separation:	236.09642166137695
	avg separation:	263.64897186279296
	accu: 		99.53999999999999%
	l1: 		47.98771667480469
	p dist pair: 	240.82342529296875
	above 70.00%
iteration: 	7
	train
	time: 	32.03596377372742
	cross ent: 	0.026650629769355873
	cluster: 	0.3049738712883797
	separation:	235.867015238444
	avg separation:	263.59716353352866
	accu: 		99.65166666666667%
	l1: 		47.11932373046875
	p dist pair: 	240.82342529296875
	test
	time: 	4.981757402420044
	cross ent: 	0.031630095093569253
	cluster: 	0.7271795398335599
	separation:	236.13596176147462
	avg separation:	263.6791009521484
	accu: 		99.55000000000001%
	l1: 		47.11932373046875
	p dist pair: 	240.82342529296875
	above 70.00%
iteration: 	8
	train
	time: 	31.93087339401245
	cross ent: 	0.026404368673082598
	cluster: 	0.28344933594347094
	separation:	235.87796209716797
	avg separation:	263.5944934488932
	accu: 		99.625%
	l1: 		46.36715316772461
	p dist pair: 	240.82342529296875
	test
	time: 	5.036354303359985
	cross ent: 	0.030571661831490928
	cluster: 	0.757432068201415
	separation:	236.0976498413086
	avg separation:	263.66718231201173
	accu: 		99.52%
	l1: 		46.36715316772461
	p dist pair: 	240.82342529296875
	above 70.00%
iteration: 	9
	train
	time: 	30.330872535705566
	cross ent: 	0.02675659164147995
	cluster: 	0.2814924047131111
	separation:	235.8960152791341
	avg separation:	263.60790869140624
	accu: 		99.63666666666666%
	l1: 		45.635528564453125
	p dist pair: 	240.82342529296875
	test
	time: 	5.032018661499023
	cross ent: 	0.030523283913353225
	cluster: 	0.7380327479080006
	separation:	236.0987286376953
	avg separation:	263.6528201293945
	accu: 		99.53%
	l1: 		45.635528564453125
	p dist pair: 	240.82342529296875
	above 70.00%
iteration: 	10
	train
	time: 	30.964478969573975
	cross ent: 	0.02601896256929225
	cluster: 	0.3055631393802614
	separation:	235.83833378092447
	avg separation:	263.58051322428383
	accu: 		99.66666666666667%
	l1: 		44.92741012573242
	p dist pair: 	240.82342529296875
	test
	time: 	5.023874282836914
	cross ent: 	0.03073545077269955
	cluster: 	0.7512120788234824
	separation:	236.07253631591797
	avg separation:	263.6648522949219
	accu: 		99.53999999999999%
	l1: 		44.92741012573242
	p dist pair: 	240.82342529296875
	above 70.00%
iteration: 	11
	train
	time: 	31.897051095962524
	cross ent: 	0.024206491089241656
	cluster: 	0.2880028117906186
	separation:	235.8883743693034
	avg separation:	263.59745935058595
	accu: 		99.66333333333334%
	l1: 		44.26782989501953
	p dist pair: 	240.82342529296875
	test
	time: 	4.9345972537994385
	cross ent: 	0.030194010017439724
	cluster: 	0.7329883525922923
	separation:	236.13562484741212
	avg separation:	263.685859375
	accu: 		99.53%
	l1: 		44.26782989501953
	p dist pair: 	240.82342529296875
	above 70.00%
iteration: 	12
	train
	time: 	30.45415735244751
	cross ent: 	0.024893275263127485
	cluster: 	0.30272610923293297
	separation:	235.88513008626302
	avg separation:	263.58178340657554
	accu: 		99.64333333333333%
	l1: 		43.566009521484375
	p dist pair: 	240.82342529296875
	test
	time: 	4.875558376312256
	cross ent: 	0.03078478274466761
	cluster: 	0.714666298020893
	separation:	236.11719619750977
	avg separation:	263.6633282470703
	accu: 		99.5%
	l1: 		43.566009521484375
	p dist pair: 	240.82342529296875
	above 70.00%
iteration: 	13
	train
	time: 	30.37491488456726
	cross ent: 	0.024959505500621162
	cluster: 	0.2813537376719905
	separation:	235.86708286539712
	avg separation:	263.58375236002604
	accu: 		99.64%
	l1: 		42.95920181274414
	p dist pair: 	240.82342529296875
	test
	time: 	4.953861236572266
	cross ent: 	0.029776245760949678
	cluster: 	0.7399186802153781
	separation:	236.07072677612305
	avg separation:	263.65534423828126
	accu: 		99.53%
	l1: 		42.95920181274414
	p dist pair: 	240.82342529296875
	above 70.00%
iteration: 	14
	train
	time: 	31.89348530769348
	cross ent: 	0.024198826253258934
	cluster: 	0.29911116982196106
	separation:	235.8414878540039
	avg separation:	263.58506652832034
	accu: 		99.64666666666666%
	l1: 		42.41572570800781
	p dist pair: 	240.82342529296875
	test
	time: 	4.913984775543213
	cross ent: 	0.030080143977393163
	cluster: 	0.7292570935003824
	separation:	236.1151856994629
	avg separation:	263.6684375
	accu: 		99.52%
	l1: 		42.41572570800781
	p dist pair: 	240.82342529296875
	above 70.00%
iteration: 	15
	train
	time: 	31.641621589660645
	cross ent: 	0.023410191173820444
	cluster: 	0.29587843105923095
	separation:	235.85485026041667
	avg separation:	263.5893133138021
	accu: 		99.64833333333334%
	l1: 		41.923492431640625
	p dist pair: 	240.82342529296875
	test
	time: 	4.407867908477783
	cross ent: 	0.029576412094174883
	cluster: 	0.721834221074605
	separation:	236.08620040893555
	avg separation:	263.64871978759766
	accu: 		99.52%
	l1: 		41.923492431640625
	p dist pair: 	240.82342529296875
	above 70.00%
iteration: 	16
	train
	time: 	30.68122911453247
	cross ent: 	0.024130486179705864
	cluster: 	0.28669802205028344
	separation:	235.85176149495442
	avg separation:	263.58357963053385
	accu: 		99.65166666666667%
	l1: 		41.44341278076172
	p dist pair: 	240.82342529296875
	test
	time: 	4.894965648651123
	cross ent: 	0.029022140441520607
	cluster: 	0.7434393207024186
	separation:	236.1249235534668
	avg separation:	263.6793786621094
	accu: 		99.51%
	l1: 		41.44341278076172
	p dist pair: 	240.82342529296875
	above 70.00%
iteration: 	17
	train
	time: 	31.819347143173218
	cross ent: 	0.02407210142262435
	cluster: 	0.2993595224436188
	separation:	235.90147432454427
	avg separation:	263.58687943522136
	accu: 		99.63666666666666%
	l1: 		40.976966857910156
	p dist pair: 	240.82342529296875
	test
	time: 	4.937289237976074
	cross ent: 	0.028632756106962916
	cluster: 	0.7484816865030006
	separation:	236.06772247314453
	avg separation:	263.6443978881836
	accu: 		99.52%
	l1: 		40.976966857910156
	p dist pair: 	240.82342529296875
	above 70.00%
iteration: 	18
	train
	time: 	31.907612800598145
	cross ent: 	0.023578391078025257
	cluster: 	0.2879795625249535
	separation:	235.88550476074218
	avg separation:	263.58620247395834
	accu: 		99.66333333333334%
	l1: 		40.546871185302734
	p dist pair: 	240.82342529296875
	test
	time: 	4.930456161499023
	cross ent: 	0.028850157341948943
	cluster: 	0.7390007763022731
	separation:	236.14223556518556
	avg separation:	263.6867315673828
	accu: 		99.51%
	l1: 		40.546871185302734
	p dist pair: 	240.82342529296875
	above 70.00%
iteration: 	19
	train
	time: 	29.92617630958557
	cross ent: 	0.0241411117966054
	cluster: 	0.30563395706325536
	separation:	235.90121852620442
	avg separation:	263.6020596923828
	accu: 		99.645%
	l1: 		40.10305404663086
	p dist pair: 	240.82342529296875
	test
	time: 	4.916829824447632
	cross ent: 	0.027751552880508824
	cluster: 	0.7574195368438814
	separation:	236.1130516052246
	avg separation:	263.68613891601564
	accu: 		99.53%
	l1: 		40.10305404663086
	p dist pair: 	240.82342529296875
	above 70.00%
epoch: 	21
	joint
	train
	time: 	97.82290482521057
	cross ent: 	0.02226057448948268
	cluster: 	0.29762852080664015
	separation:	237.39278407796223
	avg separation:	263.6833117675781
	accu: 		99.63833333333334%
	l1: 		40.10305404663086
	p dist pair: 	241.1522979736328
	test
	time: 	4.88106107711792
	cross ent: 	0.02755253401264781
	cluster: 	0.7321547243578244
	separation:	238.65765380859375
	avg separation:	263.8349090576172
	accu: 		99.53%
	l1: 		40.10305404663086
	p dist pair: 	241.1522979736328
	above 70.00%
epoch: 	22
	joint
	train
	time: 	97.65196061134338
	cross ent: 	0.022231804347209012
	cluster: 	0.29080069028151534
	separation:	239.14139200846355
	avg separation:	263.7820238850911
	accu: 		99.645%
	l1: 		40.10305404663086
	p dist pair: 	241.35089111328125
	test
	time: 	4.908128261566162
	cross ent: 	0.026607767126406542
	cluster: 	0.7528774862701539
	separation:	239.98464569091797
	avg separation:	263.88727416992185
	accu: 		99.52%
	l1: 		40.10305404663086
	p dist pair: 	241.35089111328125
	above 70.00%
epoch: 	23
	joint
	train
	time: 	96.27465629577637
	cross ent: 	0.022241968042993297
	cluster: 	0.2989761885177577
	separation:	240.3506652628581
	avg separation:	263.8482341715495
	accu: 		99.63%
	l1: 		40.10305404663086
	p dist pair: 	241.57699584960938
	test
	time: 	4.975738048553467
	cross ent: 	0.02671901910973247
	cluster: 	0.748098306771135
	separation:	241.19304550170898
	avg separation:	264.0003918457031
	accu: 		99.52%
	l1: 		40.10305404663086
	p dist pair: 	241.57699584960938
	above 70.00%
epoch: 	24
	joint
	train
	time: 	96.67525887489319
	cross ent: 	0.02179527706381244
	cluster: 	0.29645497972215523
	separation:	241.0950913696289
	avg separation:	263.92423291015626
	accu: 		99.63166666666666%
	l1: 		40.10305404663086
	p dist pair: 	241.5990753173828
	test
	time: 	4.881122589111328
	cross ent: 	0.02681592274166178
	cluster: 	0.725029998687678
	separation:	241.30313858032227
	avg separation:	263.9850094604492
	accu: 		99.53%
	l1: 		40.10305404663086
	p dist pair: 	241.5990753173828
	above 70.00%
epoch: 	25
	joint
	train
	time: 	97.36110019683838
	cross ent: 	0.02144448189662459
	cluster: 	0.30117371265101245
	separation:	241.11020310465494
	avg separation:	263.9054189046224
	accu: 		99.63833333333334%
	l1: 		40.10305404663086
	p dist pair: 	241.6200408935547
	test
	time: 	4.883021116256714
	cross ent: 	0.026919892581936437
	cluster: 	0.7449336149182636
	separation:	241.4291520690918
	avg separation:	264.01243408203123
	accu: 		99.53%
	l1: 		40.10305404663086
	p dist pair: 	241.6200408935547
	above 70.00%
epoch: 	26
	joint
	train
	time: 	98.07121706008911
	cross ent: 	0.02151363942841999
	cluster: 	0.29055840463237836
	separation:	241.3551836344401
	avg separation:	263.9588800048828
	accu: 		99.64166666666667%
	l1: 		40.10305404663086
	p dist pair: 	241.64210510253906
	test
	time: 	5.006082057952881
	cross ent: 	0.027051764700445347
	cluster: 	0.724046112477081
	separation:	241.5349040222168
	avg separation:	264.01311462402344
	accu: 		99.52%
	l1: 		40.10305404663086
	p dist pair: 	241.64210510253906
	above 70.00%
epoch: 	27
	joint
	train
	time: 	96.17843842506409
	cross ent: 	0.02130158693009677
	cluster: 	0.2963217318917159
	separation:	241.36992840576173
	avg separation:	263.94093888346356
	accu: 		99.64666666666666%
	l1: 		40.10305404663086
	p dist pair: 	241.66404724121094
	test
	time: 	4.950789451599121
	cross ent: 	0.02678538558539003
	cluster: 	0.7466798732761526
	separation:	241.648076171875
	avg separation:	264.0391101074219
	accu: 		99.52%
	l1: 		40.10305404663086
	p dist pair: 	241.66404724121094
	above 70.00%
epoch: 	28
	joint
	train
	time: 	96.4734058380127
	cross ent: 	0.02189245139877312
	cluster: 	0.28618334833482123
	separation:	241.54460921223958
	avg separation:	263.9579451497396
	accu: 		99.64%
	l1: 		40.10305404663086
	p dist pair: 	241.68624877929688
	test
	time: 	5.027892589569092
	cross ent: 	0.026729356251889838
	cluster: 	0.7520160366297932
	separation:	241.73608489990235
	avg separation:	264.0249026489258
	accu: 		99.53%
	l1: 		40.10305404663086
	p dist pair: 	241.68624877929688
	above 70.00%
epoch: 	29
	joint
	train
	time: 	96.82146692276001
	cross ent: 	0.021460340263321994
	cluster: 	0.2949969111357738
	separation:	241.49426814778647
	avg separation:	263.9307337239583
	accu: 		99.64833333333334%
	l1: 		40.10305404663086
	p dist pair: 	241.68797302246094
	test
	time: 	4.968261480331421
	cross ent: 	0.02667419859964866
	cluster: 	0.7404450078622904
	separation:	241.73129333496092
	avg separation:	264.01769287109374
	accu: 		99.5%
	l1: 		40.10305404663086
	p dist pair: 	241.68797302246094
	above 70.00%
epoch: 	30
	joint
	train
	time: 	99.07212591171265
	cross ent: 	0.021689624358822282
	cluster: 	0.2912459825417803
	separation:	241.547794535319
	avg separation:	263.957755452474
	accu: 		99.65666666666667%
	l1: 		40.10305404663086
	p dist pair: 	241.6895294189453
	test
	time: 	4.45278525352478
	cross ent: 	0.026724121722509153
	cluster: 	0.7358802946005016
	separation:	241.77614059448243
	avg separation:	264.0293426513672
	accu: 		99.52%
	l1: 		40.10305404663086
	p dist pair: 	241.6895294189453
	above 70.00%
	push
	Executing push ...
	push time: 	30.979957580566406
	test
	time: 	4.988814353942871
	cross ent: 	0.02768621304508997
	cluster: 	0.7310964596032136
	separation:	236.07301849365234
	avg separation:	263.3857272338867
	accu: 		99.51%
	l1: 		40.10305404663086
	p dist pair: 	241.0460968017578
	above 70.00%
	last layer
iteration: 	0
	train
	time: 	32.15502119064331
	cross ent: 	0.022330948907222287
	cluster: 	0.29568117245068426
	separation:	235.88690738932291
	avg separation:	263.31917618815106
	accu: 		99.65%
	l1: 		39.83435821533203
	p dist pair: 	241.0460968017578
	test
	time: 	4.921849727630615
	cross ent: 	0.027753862291865515
	cluster: 	0.7270261771707738
	separation:	236.07853881835936
	avg separation:	263.40636260986327
	accu: 		99.5%
	l1: 		39.83435821533203
	p dist pair: 	241.0460968017578
	above 70.00%
iteration: 	1
	train
	time: 	32.04796624183655
	cross ent: 	0.022631367211579344
	cluster: 	0.30696570374727405
	separation:	235.85783026123048
	avg separation:	263.3043420410156
	accu: 		99.63833333333334%
	l1: 		39.50188064575195
	p dist pair: 	241.0460968017578
	test
	time: 	4.62069296836853
	cross ent: 	0.027870106389163995
	cluster: 	0.7271056964007585
	separation:	236.0953157043457
	avg separation:	263.39769561767577
	accu: 		99.51%
	l1: 		39.50188064575195
	p dist pair: 	241.0460968017578
	above 70.00%
iteration: 	2
	train
	time: 	30.179146766662598
	cross ent: 	0.022380609981211212
	cluster: 	0.31419455887471365
	separation:	235.88208001708983
	avg separation:	263.3175681559245
	accu: 		99.645%
	l1: 		39.18632888793945
	p dist pair: 	241.0460968017578
	test
	time: 	4.876057147979736
	cross ent: 	0.027669475239817984
	cluster: 	0.7174417772961169
	separation:	236.0838087463379
	avg separation:	263.3775762939453
	accu: 		99.52%
	l1: 		39.18632888793945
	p dist pair: 	241.0460968017578
	above 70.00%
iteration: 	3
	train
	time: 	31.844444751739502
	cross ent: 	0.02139229549995313
	cluster: 	0.2900413096656363
	separation:	235.91179595947267
	avg separation:	263.32364200846354
	accu: 		99.64833333333334%
	l1: 		38.87687683105469
	p dist pair: 	241.0460968017578
	test
	time: 	4.969786167144775
	cross ent: 	0.02694568684033584
	cluster: 	0.7269716073635208
	separation:	236.06224655151368
	avg separation:	263.4030194091797
	accu: 		99.51%
	l1: 		38.87687683105469
	p dist pair: 	241.0460968017578
	above 70.00%
iteration: 	4
	train
	time: 	32.10418939590454
	cross ent: 	0.02124957155692391
	cluster: 	0.2961093167776028
	separation:	235.8947349243164
	avg separation:	263.3125251057943
	accu: 		99.65333333333334%
	l1: 		38.53562927246094
	p dist pair: 	241.0460968017578
	test
	time: 	4.929924249649048
	cross ent: 	0.026803180432179944
	cluster: 	0.7441817259761592
	separation:	236.07611923217775
	avg separation:	263.3968865966797
	accu: 		99.52%
	l1: 		38.53562927246094
	p dist pair: 	241.0460968017578
	above 70.00%
iteration: 	5
	train
	time: 	29.656023263931274
	cross ent: 	0.021584224500654576
	cluster: 	0.29730649648524315
	separation:	235.91637819417318
	avg separation:	263.3317551269531
	accu: 		99.64166666666667%
	l1: 		38.19158172607422
	p dist pair: 	241.0460968017578
	test
	time: 	4.961594104766846
	cross ent: 	0.027042509570892433
	cluster: 	0.7107778107977356
	separation:	236.06393814086914
	avg separation:	263.3880676269531
	accu: 		99.49%
	l1: 		38.19158172607422
	p dist pair: 	241.0460968017578
	above 70.00%
iteration: 	6
	train
	time: 	31.98382019996643
	cross ent: 	0.02041194531849275
	cluster: 	0.28610619583078856
	separation:	235.84532220458985
	avg separation:	263.3152696940104
	accu: 		99.65833333333333%
	l1: 		37.87278366088867
	p dist pair: 	241.0460968017578
	test
	time: 	4.877156496047974
	cross ent: 	0.026143749757029582
	cluster: 	0.7350603046748438
	separation:	236.0758949279785
	avg separation:	263.39916107177737
	accu: 		99.51%
	l1: 		37.87278366088867
	p dist pair: 	241.0460968017578
	above 70.00%
iteration: 	7
	train
	time: 	31.881114959716797
	cross ent: 	0.021779011283962365
	cluster: 	0.28805252329653985
	separation:	235.90564495849608
	avg separation:	263.326051554362
	accu: 		99.65333333333334%
	l1: 		37.510292053222656
	p dist pair: 	241.0460968017578
	test
	time: 	4.872888088226318
	cross ent: 	0.02650235255539883
	cluster: 	0.7215280079049989
	separation:	236.07793319702148
	avg separation:	263.3922409057617
	accu: 		99.5%
	l1: 		37.510292053222656
	p dist pair: 	241.0460968017578
	above 70.00%
iteration: 	8
	train
	time: 	30.64551043510437
	cross ent: 	0.021071038201024444
	cluster: 	0.29840622567390285
	separation:	235.92141373697916
	avg separation:	263.3336160481771
	accu: 		99.645%
	l1: 		37.20186233520508
	p dist pair: 	241.0460968017578
	test
	time: 	4.4185168743133545
	cross ent: 	0.025877474022854584
	cluster: 	0.7435586730410432
	separation:	236.07436492919922
	avg separation:	263.41742462158203
	accu: 		99.5%
	l1: 		37.20186233520508
	p dist pair: 	241.0460968017578
	above 70.00%
iteration: 	9
	train
	time: 	31.850478887557983
	cross ent: 	0.02041177686587131
	cluster: 	0.2832377361646116
	separation:	235.84805131022136
	avg separation:	263.3131202799479
	accu: 		99.63833333333334%
	l1: 		36.94622802734375
	p dist pair: 	241.0460968017578
	test
	time: 	5.026078939437866
	cross ent: 	0.025633467131119688
	cluster: 	0.7322487213674321
	separation:	236.06608093261718
	avg separation:	263.3945687866211
	accu: 		99.5%
	l1: 		36.94622802734375
	p dist pair: 	241.0460968017578
	above 70.00%
iteration: 	10
	train
	time: 	31.94971776008606
	cross ent: 	0.0203794792239399
	cluster: 	0.2848878681043182
	separation:	235.9008427327474
	avg separation:	263.31907958984374
	accu: 		99.66333333333334%
	l1: 		36.68939208984375
	p dist pair: 	241.0460968017578
	test
	time: 	4.99191427230835
	cross ent: 	0.02637590221595019
	cluster: 	0.7083625434855639
	separation:	236.07606338500977
	avg separation:	263.391130065918
	accu: 		99.5%
	l1: 		36.68939208984375
	p dist pair: 	241.0460968017578
	above 70.00%
iteration: 	11
	train
	time: 	30.54285454750061
	cross ent: 	0.01992118664116909
	cluster: 	0.2853022640531902
	separation:	235.94935791015624
	avg separation:	263.3409240315755
	accu: 		99.665%
	l1: 		36.448909759521484
	p dist pair: 	241.0460968017578
	test
	time: 	4.927431583404541
	cross ent: 	0.02606301917490782
	cluster: 	0.7277916381025716
	separation:	236.09472396850586
	avg separation:	263.4021890258789
	accu: 		99.51%
	l1: 		36.448909759521484
	p dist pair: 	241.0460968017578
	above 70.00%
iteration: 	12
	train
	time: 	31.518330574035645
	cross ent: 	0.021019026195979677
	cluster: 	0.3029481004503808
	separation:	235.868680867513
	avg separation:	263.30919755045574
	accu: 		99.63833333333334%
	l1: 		36.193748474121094
	p dist pair: 	241.0460968017578
	test
	time: 	4.855561971664429
	cross ent: 	0.02543421793554444
	cluster: 	0.7198505977472087
	separation:	236.0999041748047
	avg separation:	263.4000732421875
	accu: 		99.5%
	l1: 		36.193748474121094
	p dist pair: 	241.0460968017578
	above 70.00%
iteration: 	13
	train
	time: 	31.951695680618286
	cross ent: 	0.021047836778336205
	cluster: 	0.277754557254666
	separation:	235.90551344807943
	avg separation:	263.33230017089846
	accu: 		99.63166666666666%
	l1: 		35.983070373535156
	p dist pair: 	241.0460968017578
	test
	time: 	5.033978462219238
	cross ent: 	0.02570488586148713
	cluster: 	0.7224223536652425
	separation:	236.08538101196288
	avg separation:	263.39085998535154
	accu: 		99.5%
	l1: 		35.983070373535156
	p dist pair: 	241.0460968017578
	above 70.00%
iteration: 	14
	train
	time: 	30.885943174362183
	cross ent: 	0.01998994437674992
	cluster: 	0.3008473146069834
	separation:	235.84049005126954
	avg separation:	263.29975671386717
	accu: 		99.67%
	l1: 		35.751380920410156
	p dist pair: 	241.0460968017578
	test
	time: 	4.909983158111572
	cross ent: 	0.0256176879798295
	cluster: 	0.7297428971034242
	separation:	236.046697845459
	avg separation:	263.3863098144531
	accu: 		99.5%
	l1: 		35.751380920410156
	p dist pair: 	241.0460968017578
	above 70.00%
iteration: 	15
	train
	time: 	31.20198631286621
	cross ent: 	0.02039883280894719
	cluster: 	0.31002848773320635
	separation:	235.9190105794271
	avg separation:	263.32830834960936
	accu: 		99.665%
	l1: 		35.509620666503906
	p dist pair: 	241.0460968017578
	test
	time: 	4.90910792350769
	cross ent: 	0.025520325015531854
	cluster: 	0.7140208537894068
	separation:	236.08039932250978
	avg separation:	263.3927099609375
	accu: 		99.49%
	l1: 		35.509620666503906
	p dist pair: 	241.0460968017578
	above 70.00%
iteration: 	16
	train
	time: 	31.96988081932068
	cross ent: 	0.0211744659251223
	cluster: 	0.299057927247457
	separation:	235.83545365397134
	avg separation:	263.30125301106773
	accu: 		99.62166666666667%
	l1: 		35.28617858886719
	p dist pair: 	241.0460968017578
	test
	time: 	4.90025520324707
	cross ent: 	0.02505097087880131
	cluster: 	0.7215952340771764
	separation:	236.07772994995116
	avg separation:	263.3894290161133
	accu: 		99.51%
	l1: 		35.28617858886719
	p dist pair: 	241.0460968017578
	above 70.00%
iteration: 	17
	train
	time: 	30.634355783462524
	cross ent: 	0.019810198560434703
	cluster: 	0.2886452399904374
	separation:	235.91085841878254
	avg separation:	263.33068676757813
	accu: 		99.63333333333333%
	l1: 		35.131675720214844
	p dist pair: 	241.0460968017578
	test
	time: 	4.905270338058472
	cross ent: 	0.025313053722493352
	cluster: 	0.7201055426085077
	separation:	236.09149490356447
	avg separation:	263.4008163452148
	accu: 		99.5%
	l1: 		35.131675720214844
	p dist pair: 	241.0460968017578
	above 70.00%
iteration: 	18
	train
	time: 	31.1036376953125
	cross ent: 	0.01995444751391187
	cluster: 	0.2947919017415552
	separation:	235.86989526367188
	avg separation:	263.3151112467448
	accu: 		99.64666666666666%
	l1: 		34.94178009033203
	p dist pair: 	241.0460968017578
	test
	time: 	4.911581754684448
	cross ent: 	0.02491722412290983
	cluster: 	0.7399851153446798
	separation:	236.03672592163085
	avg separation:	263.3993310546875
	accu: 		99.52%
	l1: 		34.94178009033203
	p dist pair: 	241.0460968017578
	above 70.00%
iteration: 	19
	train
	time: 	32.08023548126221
	cross ent: 	0.019802453024856125
	cluster: 	0.30000959495442414
	separation:	235.84178810628256
	avg separation:	263.3126949869792
	accu: 		99.65%
	l1: 		34.778968811035156
	p dist pair: 	241.0460968017578
	test
	time: 	4.913960218429565
	cross ent: 	0.02483435800706502
	cluster: 	0.7262731865358364
	separation:	236.07273361206055
	avg separation:	263.39277893066406
	accu: 		99.49%
	l1: 		34.778968811035156
	p dist pair: 	241.0460968017578
	above 70.00%
