training set size: 60000
push set size: 60000
test set size: 10000
batch size: 80
start training
epoch: 	0
	warm
	train
	time: 	50.74035882949829
	cross ent: 	0.4100177333851655
	cluster: 	8.497918385704358
	separation:	32.830858950297035
	avg separation:	78.89739225260416
	accu: 		90.46833333333333%
	l1: 		9.0
	p dist pair: 	87.2137680053711
	test
	time: 	8.064744234085083
	cross ent: 	0.3429367760196328
	cluster: 	1.2043704321235418
	separation:	10.560452449172736
	avg separation:	55.972918357849125
	accu: 		90.61%
	l1: 		9.0
	p dist pair: 	87.2137680053711
	above 70.00%
epoch: 	1
	joint
	train
	time: 	138.05271005630493
	cross ent: 	0.3253788841764132
	cluster: 	0.19878278842320043
	separation:	1.5512599839071433
	avg separation:	19.329538174947103
	accu: 		90.535%
	l1: 		9.0
	p dist pair: 	143.91836547851562
	test
	time: 	7.755560636520386
	cross ent: 	0.31147974409163
	cluster: 	0.019869646821171046
	separation:	0.11495094325393439
	avg separation:	17.795646924972534
	accu: 		90.61%
	l1: 		9.0
	p dist pair: 	143.91836547851562
	above 70.00%
epoch: 	2
	joint
	train
	time: 	137.1658272743225
	cross ent: 	0.31988237807154657
	cluster: 	0.03306959793965022
	separation:	0.18650549440582592
	avg separation:	18.40573319307963
	accu: 		90.53666666666666%
	l1: 		9.0
	p dist pair: 	155.04034423828125
	test
	time: 	7.081671476364136
	cross ent: 	0.31339500710368157
	cluster: 	0.0291034541092813
	separation:	0.17114312953315675
	avg separation:	19.08492026090622
	accu: 		90.61%
	l1: 		9.0
	p dist pair: 	155.04034423828125
	above 70.00%
epoch: 	3
	joint
	train
	time: 	136.6305592060089
	cross ent: 	0.3181521849532922
	cluster: 	0.03361669781059027
	separation:	0.17941222337881724
	avg separation:	20.41046073404948
	accu: 		90.48833333333334%
	l1: 		9.0
	p dist pair: 	175.8019256591797
	test
	time: 	7.827061414718628
	cross ent: 	0.3115234608203173
	cluster: 	0.024719103667885066
	separation:	0.11657692831009626
	avg separation:	21.39777391910553
	accu: 		90.61%
	l1: 		9.0
	p dist pair: 	175.8019256591797
	above 70.00%
epoch: 	4
	joint
	train
	time: 	136.6975917816162
	cross ent: 	0.32258336765567464
	cluster: 	0.04950503508746624
	separation:	0.2936865939398607
	avg separation:	23.684127131779988
	accu: 		90.345%
	l1: 		9.0
	p dist pair: 	217.08438110351562
	test
	time: 	7.778846263885498
	cross ent: 	0.31265576370060444
	cluster: 	0.028470995500683785
	separation:	0.16035595252178608
	avg separation:	25.20381618142128
	accu: 		90.61%
	l1: 		9.0
	p dist pair: 	217.08438110351562
	above 70.00%
epoch: 	5
	joint
	train
	time: 	136.6615891456604
	cross ent: 	0.3135486151278019
	cluster: 	0.021288838028286895
	separation:	0.13157276128729184
	avg separation:	25.54230041972796
	accu: 		90.53833333333333%
	l1: 		9.0
	p dist pair: 	221.9404296875
	test
	time: 	7.049453020095825
	cross ent: 	0.3116732156276703
	cluster: 	0.0171409480413422
	separation:	0.11207790266722441
	avg separation:	25.472080429792403
	accu: 		90.61%
	l1: 		9.0
	p dist pair: 	221.9404296875
	above 70.00%
	push
	Executing push ...
	push time: 	46.71886944770813
	test
	time: 	7.787032842636108
	cross ent: 	11.706391198253632
	cluster: 	3.992309483578538e-05
	separation:	0.00034277342907444106
	avg separation:	0.060465855426155034
	accu: 		9.39%
	l1: 		9.0
	p dist pair: 	1.10081946849823
	last layer
iteration: 	0
	train
	time: 	44.230528116226196
	cross ent: 	9.64166123008728
	cluster: 	4.016215076383863e-05
	separation:	0.00034267375261212387
	avg separation:	0.06060432597373923
	accu: 		9.461666666666666%
	l1: 		9.000070571899414
	p dist pair: 	1.10081946849823
	test
	time: 	7.056720733642578
	cross ent: 	7.595074785804318
	cluster: 	3.999023370624855e-05
	separation:	0.0003441528239841318
	avg separation:	0.060418060589581726
	accu: 		9.39%
	l1: 		9.000070571899414
	p dist pair: 	1.10081946849823
iteration: 	1
	train
	time: 	44.992748498916626
	cross ent: 	5.544040791193644
	cluster: 	4.0110270811662e-05
	separation:	0.0003421722470084205
	avg separation:	0.06061392198316753
	accu: 		9.463333333333333%
	l1: 		8.999905586242676
	p dist pair: 	1.10081946849823
	test
	time: 	7.749173164367676
	cross ent: 	3.526671751420945
	cluster: 	4.0203856435709895e-05
	separation:	0.00034376830319843066
	avg separation:	0.060420514831785115
	accu: 		9.39%
	l1: 		8.999905586242676
	p dist pair: 	1.10081946849823
iteration: 	2
	train
	time: 	44.41005730628967
	cross ent: 	1.9158549875418345
	cluster: 	4.024963450259141e-05
	separation:	0.00034276225328600657
	avg separation:	0.06062867931742221
	accu: 		15.736666666666665%
	l1: 		8.99731731414795
	p dist pair: 	1.10081946849823
	test
	time: 	7.083398103713989
	cross ent: 	0.816879249215126
	cluster: 	3.97827136680462e-05
	separation:	0.00034259032539807777
	avg separation:	0.0604199974052608
	accu: 		50.74999999999999%
	l1: 		8.99731731414795
	p dist pair: 	1.10081946849823
iteration: 	3
	train
	time: 	44.704195499420166
	cross ent: 	0.5266398594776789
	cluster: 	4.025980698012669e-05
	separation:	0.00034277446020860225
	avg separation:	0.0606036991328001
	accu: 		76.63166666666666%
	l1: 		8.99171257019043
	p dist pair: 	1.10081946849823
	test
	time: 	7.431636095046997
	cross ent: 	0.3857642070949078
	cluster: 	3.995361254396812e-05
	separation:	0.0003423889088503529
	avg separation:	0.060618070224300026
	accu: 		87.26%
	l1: 		8.99171257019043
	p dist pair: 	1.10081946849823
	above 70.00%
iteration: 	4
	train
	time: 	44.85007619857788
	cross ent: 	0.3574033691287041
	cluster: 	4.0349325234274146e-05
	separation:	0.00034268494237524766
	avg separation:	0.06063926727573077
	accu: 		88.92333333333333%
	l1: 		8.986005783081055
	p dist pair: 	1.10081946849823
	test
	time: 	7.113099813461304
	cross ent: 	0.33853877112269404
	cluster: 	4.044799751568462e-05
	separation:	0.0003435058531897539
	avg separation:	0.06056384043069556
	accu: 		89.95%
	l1: 		8.986005783081055
	p dist pair: 	1.10081946849823
	above 70.00%
iteration: 	5
	train
	time: 	44.215551137924194
	cross ent: 	0.33838068811098737
	cluster: 	4.031779047484936e-05
	separation:	0.00034249064733739943
	avg separation:	0.060620675968627136
	accu: 		89.97166666666668%
	l1: 		8.979326248168945
	p dist pair: 	1.10081946849823
	test
	time: 	7.801928520202637
	cross ent: 	0.3335334969311953
	cluster: 	4.048461828801919e-05
	separation:	0.0003426818779030327
	avg separation:	0.06036188075318932
	accu: 		90.16999999999999%
	l1: 		8.979326248168945
	p dist pair: 	1.10081946849823
	above 70.00%
iteration: 	6
	train
	time: 	44.50970911979675
	cross ent: 	0.3355158380965392
	cluster: 	4.026896229819007e-05
	separation:	0.00034277547791134567
	avg separation:	0.060639392389605445
	accu: 		90.21166666666667%
	l1: 		8.970528602600098
	p dist pair: 	1.10081946849823
	test
	time: 	7.6749467849731445
	cross ent: 	0.33180969521403314
	cluster: 	4.013671790517037e-05
	separation:	0.0003438903731671417
	avg separation:	0.060523130288347604
	accu: 		90.21000000000001%
	l1: 		8.970528602600098
	p dist pair: 	1.10081946849823
	above 70.00%
iteration: 	7
	train
	time: 	43.29684662818909
	cross ent: 	0.3359087508022785
	cluster: 	4.044087792923771e-05
	separation:	0.0003428131160714353
	avg separation:	0.06063341093932589
	accu: 		90.17833333333334%
	l1: 		8.958160400390625
	p dist pair: 	1.10081946849823
	test
	time: 	7.779341459274292
	cross ent: 	0.3309965243935585
	cluster: 	4.020385635953971e-05
	separation:	0.00034326781531262895
	avg separation:	0.06054840349825099
	accu: 		90.29%
	l1: 		8.958160400390625
	p dist pair: 	1.10081946849823
	above 70.00%
iteration: 	8
	train
	time: 	45.13759636878967
	cross ent: 	0.33463278487324716
	cluster: 	4.0019735309518485e-05
	separation:	0.0003425415095795567
	avg separation:	0.06064627142623067
	accu: 		90.19500000000001%
	l1: 		8.94113826751709
	p dist pair: 	1.10081946849823
	test
	time: 	7.752517461776733
	cross ent: 	0.33063002534210684
	cluster: 	3.946533095358973e-05
	separation:	0.0003422668389771388
	avg separation:	0.060508644704241304
	accu: 		90.2%
	l1: 		8.94113826751709
	p dist pair: 	1.10081946849823
	above 70.00%
iteration: 	9
	train
	time: 	43.2890510559082
	cross ent: 	0.33597671018044156
	cluster: 	4.040425685040342e-05
	separation:	0.0003428822889691219
	avg separation:	0.06059985662003358
	accu: 		90.22%
	l1: 		8.916749954223633
	p dist pair: 	1.10081946849823
	test
	time: 	7.779597043991089
	cross ent: 	0.33185627475380897
	cluster: 	3.988647387473065e-05
	separation:	0.00034247435793304247
	avg separation:	0.06036860263440758
	accu: 		90.28%
	l1: 		8.916749954223633
	p dist pair: 	1.10081946849823
	above 70.00%
iteration: 	10
	train
	time: 	44.75311994552612
	cross ent: 	0.3361475798090299
	cluster: 	4.038391181650998e-05
	separation:	0.0003421457983398189
	avg separation:	0.060648948730280004
	accu: 		90.20333333333333%
	l1: 		8.88566780090332
	p dist pair: 	1.10081946849823
	test
	time: 	7.7375805377960205
	cross ent: 	0.32967531591653826
	cluster: 	3.9965819951248704e-05
	separation:	0.0003419555591085555
	avg separation:	0.06038911908166483
	accu: 		90.25%
	l1: 		8.88566780090332
	p dist pair: 	1.10081946849823
	above 70.00%
iteration: 	11
	train
	time: 	43.33799958229065
	cross ent: 	0.3340439715385437
	cluster: 	4.0151978197779196e-05
	separation:	0.000343028773398449
	avg separation:	0.06062825705980261
	accu: 		90.23833333333333%
	l1: 		8.848215103149414
	p dist pair: 	1.10081946849823
	test
	time: 	7.826524972915649
	cross ent: 	0.3288273321092129
	cluster: 	3.979492068310719e-05
	separation:	0.00034262084061310817
	avg separation:	0.06025720140896738
	accu: 		90.31%
	l1: 		8.848215103149414
	p dist pair: 	1.10081946849823
	above 70.00%
iteration: 	12
	train
	time: 	45.028313636779785
	cross ent: 	0.334577948987484
	cluster: 	4.029744534030518e-05
	separation:	0.00034286804819324364
	avg separation:	0.06067618141447504
	accu: 		90.24%
	l1: 		8.805479049682617
	p dist pair: 	1.10081946849823
	test
	time: 	7.745449542999268
	cross ent: 	0.3295005095005035
	cluster: 	3.974609284796315e-05
	separation:	0.0003417175225195024
	avg separation:	0.06043679885799065
	accu: 		90.27%
	l1: 		8.805479049682617
	p dist pair: 	1.10081946849823
	above 70.00%
iteration: 	13
	train
	time: 	43.34775972366333
	cross ent: 	0.33393414568901064
	cluster: 	4.0217082412103385e-05
	separation:	0.0003430023246910423
	avg separation:	0.060666904664908844
	accu: 		90.20666666666666%
	l1: 		8.759207725524902
	p dist pair: 	1.10081946849823
	test
	time: 	7.677613973617554
	cross ent: 	0.3287342091649771
	cluster: 	4.011840766906971e-05
	separation:	0.00034342650745884385
	avg separation:	0.06037494841730222
	accu: 		90.28%
	l1: 		8.759207725524902
	p dist pair: 	1.10081946849823
	above 70.00%
iteration: 	14
	train
	time: 	45.045318603515625
	cross ent: 	0.3336243253350258
	cluster: 	4.016621971337978e-05
	separation:	0.00034255473408848045
	avg separation:	0.060634127749751014
	accu: 		90.24333333333333%
	l1: 		8.709901809692383
	p dist pair: 	1.10081946849823
	test
	time: 	7.772518873214722
	cross ent: 	0.32787683233618736
	cluster: 	3.961181552881499e-05
	separation:	0.000343786613057091
	avg separation:	0.0604011970735155
	accu: 		90.35%
	l1: 		8.709901809692383
	p dist pair: 	1.10081946849823
	above 70.00%
iteration: 	15
	train
	time: 	43.5846688747406
	cross ent: 	0.33371022578080495
	cluster: 	4.039408434376431e-05
	separation:	0.000342409266741015
	avg separation:	0.06062717395400007
	accu: 		90.26666666666667%
	l1: 		8.659300804138184
	p dist pair: 	1.10081946849823
	test
	time: 	7.771432399749756
	cross ent: 	0.32709342658519747
	cluster: 	4.015502840161389e-05
	separation:	0.00034299315616635794
	avg separation:	0.06068599918158725
	accu: 		90.32%
	l1: 		8.659300804138184
	p dist pair: 	1.10081946849823
	above 70.00%
iteration: 	16
	train
	time: 	45.11929249763489
	cross ent: 	0.3328226045668125
	cluster: 	4.028320384046916e-05
	separation:	0.00034304810113584003
	avg separation:	0.060615648957590265
	accu: 		90.22333333333333%
	l1: 		8.609930038452148
	p dist pair: 	1.10081946849823
	test
	time: 	7.747051477432251
	cross ent: 	0.3272897305339575
	cluster: 	4.0069579559940396e-05
	separation:	0.00034256591173289054
	avg separation:	0.06041747909737751
	accu: 		90.28%
	l1: 		8.609930038452148
	p dist pair: 	1.10081946849823
	above 70.00%
iteration: 	17
	train
	time: 	43.28299617767334
	cross ent: 	0.3327073825995127
	cluster: 	4.020589259380358e-05
	separation:	0.00034254252697185926
	avg separation:	0.060616285902758436
	accu: 		90.22833333333334%
	l1: 		8.560041427612305
	p dist pair: 	1.10081946849823
	test
	time: 	7.730569124221802
	cross ent: 	0.3273177339881659
	cluster: 	3.9801024437338126e-05
	separation:	0.0003426635668347444
	avg separation:	0.060504538093227894
	accu: 		90.27%
	l1: 		8.560041427612305
	p dist pair: 	1.10081946849823
	above 70.00%
iteration: 	18
	train
	time: 	44.95659303665161
	cross ent: 	0.3322464345494906
	cluster: 	4.0478516239090824e-05
	separation:	0.00034275920196281126
	avg separation:	0.06066544764613112
	accu: 		90.25999999999999%
	l1: 		8.511314392089844
	p dist pair: 	1.10081946849823
	test
	time: 	7.550819158554077
	cross ent: 	0.3274691192805767
	cluster: 	4.018554585059064e-05
	separation:	0.000342517082908671
	avg separation:	0.060452930743340405
	accu: 		90.39%
	l1: 		8.511314392089844
	p dist pair: 	1.10081946849823
	above 70.00%
iteration: 	19
	train
	time: 	41.80293869972229
	cross ent: 	0.331747250020504
	cluster: 	4.009806382055103e-05
	separation:	0.00034260661372294027
	avg separation:	0.06063522240146994
	accu: 		90.25833333333333%
	l1: 		8.461725234985352
	p dist pair: 	1.10081946849823
	test
	time: 	7.08742356300354
	cross ent: 	0.3276152697205543
	cluster: 	3.9801024353209865e-05
	separation:	0.00034254759909799757
	avg separation:	0.06048218969721347
	accu: 		90.27%
	l1: 		8.461725234985352
	p dist pair: 	1.10081946849823
	above 70.00%
epoch: 	6
	joint
	train
	time: 	125.6240770816803
	cross ent: 	0.2966332866748174
	cluster: 	0.01484946622512022
	separation:	0.02953696746187052
	avg separation:	0.11692846133808295
	accu: 		90.43666666666667%
	l1: 		8.461725234985352
	p dist pair: 	1.450641393661499
	test
	time: 	7.04980731010437
	cross ent: 	0.2550104750692844
	cluster: 	0.009211846706457437
	separation:	0.017609826242551207
	avg separation:	0.09340782100334763
	accu: 		90.79%
	l1: 		8.461725234985352
	p dist pair: 	1.450641393661499
	above 70.00%
epoch: 	7
	joint
	train
	time: 	125.20971202850342
	cross ent: 	0.23047205670674642
	cluster: 	0.0066424215684334435
	separation:	0.012365756411105395
	avg separation:	0.07415316701680422
	accu: 		90.95166666666667%
	l1: 		8.461725234985352
	p dist pair: 	1.304344892501831
	test
	time: 	7.138560771942139
	cross ent: 	0.22027922064065933
	cluster: 	0.007303777867928147
	separation:	0.012253417717292905
	avg separation:	0.07843646790832282
	accu: 		90.94%
	l1: 		8.461725234985352
	p dist pair: 	1.304344892501831
	above 70.00%
epoch: 	8
	joint
	train
	time: 	125.6190767288208
	cross ent: 	0.18391903040806454
	cluster: 	0.006046145728478829
	separation:	0.010409339585651954
	avg separation:	0.06978592463831107
	accu: 		91.97999999999999%
	l1: 		8.461725234985352
	p dist pair: 	1.1645376682281494
	test
	time: 	7.0683863162994385
	cross ent: 	0.17031063992530107
	cluster: 	0.005234350459650159
	separation:	0.0076185118034482
	avg separation:	0.0677094796486199
	accu: 		92.4%
	l1: 		8.461725234985352
	p dist pair: 	1.1645376682281494
	above 70.00%
epoch: 	9
	joint
	train
	time: 	125.5158896446228
	cross ent: 	0.15454396943251292
	cluster: 	0.00496133330774804
	separation:	0.006708712873359521
	avg separation:	0.06494608233496547
	accu: 		92.9%
	l1: 		8.461725234985352
	p dist pair: 	1.073462963104248
	test
	time: 	7.071895599365234
	cross ent: 	0.15505429595708847
	cluster: 	0.0043950072512961924
	separation:	0.00603949571494013
	avg separation:	0.06666509879752994
	accu: 		92.82000000000001%
	l1: 		8.461725234985352
	p dist pair: 	1.073462963104248
	above 70.00%
epoch: 	10
	joint
	train
	time: 	125.47089338302612
	cross ent: 	0.12454731664558252
	cluster: 	0.004341896664351225
	separation:	0.005127934875587622
	avg separation:	0.06258771500736475
	accu: 		93.90166666666667%
	l1: 		8.461725234985352
	p dist pair: 	1.067054271697998
	test
	time: 	7.036350965499878
	cross ent: 	0.14224873447790742
	cluster: 	0.0039998473552986975
	separation:	0.004764721570536494
	avg separation:	0.056199811846017834
	accu: 		93.15%
	l1: 		8.461725234985352
	p dist pair: 	1.067054271697998
	above 70.00%
	push
	Executing push ...
	push time: 	42.340734004974365
	test
	time: 	7.06412672996521
	cross ent: 	0.662782016706442
	cluster: 	0.0001476806611469783
	separation:	0.0028290343581466003
	avg separation:	0.05145610460080206
	accu: 		91.25999999999999%
	l1: 		8.461725234985352
	p dist pair: 	1.0781567096710205
	above 70.00%
	last layer
iteration: 	0
	train
	time: 	40.946706771850586
	cross ent: 	0.34409536232302584
	cluster: 	0.0001452616396418307
	separation:	0.0028278453045835097
	avg separation:	0.054822607330977914
	accu: 		92.36%
	l1: 		8.354576110839844
	p dist pair: 	1.0781567096710205
	test
	time: 	7.0976598262786865
	cross ent: 	0.2299027962901164
	cluster: 	0.00014808349110808193
	separation:	0.00282780755253043
	avg separation:	0.052543761320412156
	accu: 		92.62%
	l1: 		8.354576110839844
	p dist pair: 	1.0781567096710205
	above 70.00%
iteration: 	1
	train
	time: 	40.96332263946533
	cross ent: 	0.15560469413548708
	cluster: 	0.00014494934349446945
	separation:	0.002828867639414966
	avg separation:	0.054830141777793565
	accu: 		93.515%
	l1: 		8.353726387023926
	p dist pair: 	1.0781567096710205
	test
	time: 	7.116265058517456
	cross ent: 	0.17815392354503273
	cluster: 	0.0001484863240159484
	separation:	0.0028169066639384256
	avg separation:	0.05308539447374642
	accu: 		93.04%
	l1: 		8.353726387023926
	p dist pair: 	1.0781567096710205
	above 70.00%
iteration: 	2
	train
	time: 	40.905664920806885
	cross ent: 	0.14114344422519207
	cluster: 	0.0001450337752321502
	separation:	0.0028290843178207675
	avg separation:	0.05484247464686632
	accu: 		93.64%
	l1: 		8.378568649291992
	p dist pair: 	1.0781567096710205
	test
	time: 	7.065882921218872
	cross ent: 	0.17441404851153494
	cluster: 	0.00014797362992908348
	separation:	0.0028236205468419938
	avg separation:	0.05200406095013022
	accu: 		92.97999999999999%
	l1: 		8.378568649291992
	p dist pair: 	1.0781567096710205
	above 70.00%
iteration: 	3
	train
	time: 	41.036794662475586
	cross ent: 	0.1384101440658172
	cluster: 	0.0001449483262137316
	separation:	0.0028280385794738926
	avg separation:	0.05480058656136195
	accu: 		93.66166666666666%
	l1: 		8.399102210998535
	p dist pair: 	1.0781567096710205
	test
	time: 	7.075180292129517
	cross ent: 	0.17049783864989876
	cluster: 	0.00014716186355258289
	separation:	0.002830084155430086
	avg separation:	0.05200222664512694
	accu: 		93.07%
	l1: 		8.399102210998535
	p dist pair: 	1.0781567096710205
	above 70.00%
iteration: 	4
	train
	time: 	41.057191371917725
	cross ent: 	0.13548327483857672
	cluster: 	0.0001451151554168367
	separation:	0.002829586838061611
	avg separation:	0.054849090848118065
	accu: 		93.71666666666667%
	l1: 		8.416866302490234
	p dist pair: 	1.0781567096710205
	test
	time: 	7.047622442245483
	cross ent: 	0.16909819503314794
	cluster: 	0.00014826049374050854
	separation:	0.002827209414099343
	avg separation:	0.05250431683845818
	accu: 		93.01%
	l1: 		8.416866302490234
	p dist pair: 	1.0781567096710205
	above 70.00%
iteration: 	5
	train
	time: 	40.901044607162476
	cross ent: 	0.13361916955808797
	cluster: 	0.00014473775491812073
	separation:	0.002828340703311066
	avg separation:	0.054876291545728845
	accu: 		93.765%
	l1: 		8.430868148803711
	p dist pair: 	1.0781567096710205
	test
	time: 	7.041418552398682
	cross ent: 	0.16720555977895857
	cluster: 	0.00014843139073377642
	separation:	0.0028246154147200287
	avg separation:	0.052283428953960535
	accu: 		92.96%
	l1: 		8.430868148803711
	p dist pair: 	1.0781567096710205
	above 70.00%
iteration: 	6
	train
	time: 	40.9470591545105
	cross ent: 	0.1318214346865813
	cluster: 	0.00014482523858411393
	separation:	0.0028294596805547674
	avg separation:	0.05483319882924358
	accu: 		93.79166666666666%
	l1: 		8.441526412963867
	p dist pair: 	1.0781567096710205
	test
	time: 	7.1049346923828125
	cross ent: 	0.1663333102175966
	cluster: 	0.00014812621836654216
	separation:	0.002828424005419947
	avg separation:	0.05232600557617843
	accu: 		92.83%
	l1: 		8.441526412963867
	p dist pair: 	1.0781567096710205
	above 70.00%
iteration: 	7
	train
	time: 	41.05422306060791
	cross ent: 	0.1304091089318196
	cluster: 	0.0001451141379693581
	separation:	0.00282833460252732
	avg separation:	0.05473926030471921
	accu: 		93.83%
	l1: 		8.45217514038086
	p dist pair: 	1.0781567096710205
	test
	time: 	7.05290412902832
	cross ent: 	0.1643708758149296
	cluster: 	0.00014853515210688784
	separation:	0.0028259826020803304
	avg separation:	0.05275750210508704
	accu: 		92.92%
	l1: 		8.45217514038086
	p dist pair: 	1.0781567096710205
	above 70.00%
iteration: 	8
	train
	time: 	40.943339586257935
	cross ent: 	0.12866988908251126
	cluster: 	0.00014484253184734067
	separation:	0.0028284831165025634
	avg separation:	0.054821047897140186
	accu: 		93.88666666666666%
	l1: 		8.461934089660645
	p dist pair: 	1.0781567096710205
	test
	time: 	7.132586717605591
	cross ent: 	0.16306582791730762
	cluster: 	0.00014829711394327206
	separation:	0.0028274413431063294
	avg separation:	0.05238748321309686
	accu: 		92.95%
	l1: 		8.461934089660645
	p dist pair: 	1.0781567096710205
	above 70.00%
iteration: 	9
	train
	time: 	40.891313791275024
	cross ent: 	0.12809179203212262
	cluster: 	0.00014499918867325807
	separation:	0.0028284790543839336
	avg separation:	0.054774808436632155
	accu: 		93.89166666666667%
	l1: 		8.47027587890625
	p dist pair: 	1.0781567096710205
	test
	time: 	7.070255756378174
	cross ent: 	0.16294423641636968
	cluster: 	0.00014888915669871493
	separation:	0.0028224669746123253
	avg separation:	0.053424415569752456
	accu: 		92.92%
	l1: 		8.47027587890625
	p dist pair: 	1.0781567096710205
	above 70.00%
iteration: 	10
	train
	time: 	41.04715371131897
	cross ent: 	0.12646496326973042
	cluster: 	0.00014488525602064328
	separation:	0.002827780194270114
	avg separation:	0.054820528196791805
	accu: 		93.94%
	l1: 		8.477229118347168
	p dist pair: 	1.0781567096710205
	test
	time: 	7.122091293334961
	cross ent: 	0.1617371430899948
	cluster: 	0.00014869994868263347
	separation:	0.00282594598014839
	avg separation:	0.05219551477581263
	accu: 		92.93%
	l1: 		8.477229118347168
	p dist pair: 	1.0781567096710205
	above 70.00%
iteration: 	11
	train
	time: 	41.03381609916687
	cross ent: 	0.12612439247220755
	cluster: 	0.00014524129476073237
	separation:	0.002827263433796664
	avg separation:	0.05476410648971796
	accu: 		93.90666666666667%
	l1: 		8.484806060791016
	p dist pair: 	1.0781567096710205
	test
	time: 	7.048210859298706
	cross ent: 	0.1608711660001427
	cluster: 	0.00014797973344343518
	separation:	0.0028282653249334542
	avg separation:	0.05205874469131231
	accu: 		92.99%
	l1: 		8.484806060791016
	p dist pair: 	1.0781567096710205
	above 70.00%
iteration: 	12
	train
	time: 	40.986950397491455
	cross ent: 	0.12486305058002473
	cluster: 	0.00014493611910196098
	separation:	0.002829080247320235
	avg separation:	0.05481225871915619
	accu: 		93.97833333333332%
	l1: 		8.489845275878906
	p dist pair: 	1.0781567096710205
	test
	time: 	7.1190643310546875
	cross ent: 	0.16018425076268614
	cluster: 	0.00014819945901308528
	separation:	0.002826263374299742
	avg separation:	0.05281786412931979
	accu: 		92.93%
	l1: 		8.489845275878906
	p dist pair: 	1.0781567096710205
	above 70.00%
iteration: 	13
	train
	time: 	41.08107018470764
	cross ent: 	0.12480990111579497
	cluster: 	0.00014492086046387462
	separation:	0.002828461761586368
	avg separation:	0.05473158061131835
	accu: 		93.99333333333333%
	l1: 		8.492740631103516
	p dist pair: 	1.0781567096710205
	test
	time: 	7.0973803997039795
	cross ent: 	0.15983205392025412
	cluster: 	0.0001476135237339804
	separation:	0.0028286193188978358
	avg separation:	0.05232660545967519
	accu: 		92.95%
	l1: 		8.492740631103516
	p dist pair: 	1.0781567096710205
	above 70.00%
iteration: 	14
	train
	time: 	40.80547022819519
	cross ent: 	0.12410635608434677
	cluster: 	0.00014499715414785895
	separation:	0.0028287252268443504
	avg separation:	0.05483824516211947
	accu: 		94.0%
	l1: 		8.495296478271484
	p dist pair: 	1.0781567096710205
	test
	time: 	7.0496299266815186
	cross ent: 	0.1607331148162484
	cluster: 	0.00014908446815638853
	separation:	0.002824139345320873
	avg separation:	0.05364579038694501
	accu: 		92.96%
	l1: 		8.495296478271484
	p dist pair: 	1.0781567096710205
	above 70.00%
iteration: 	15
	train
	time: 	40.78993201255798
	cross ent: 	0.12376722046236197
	cluster: 	0.00014492187720073463
	separation:	0.0028284220847611626
	avg separation:	0.05472835290183624
	accu: 		94.015%
	l1: 		8.497177124023438
	p dist pair: 	1.0781567096710205
	test
	time: 	7.107631683349609
	cross ent: 	0.1589061107672751
	cluster: 	0.00014754638485442228
	separation:	0.002823315362329595
	avg separation:	0.052558763176202776
	accu: 		92.95%
	l1: 		8.497177124023438
	p dist pair: 	1.0781567096710205
	above 70.00%
iteration: 	16
	train
	time: 	40.876625299453735
	cross ent: 	0.1237077766234676
	cluster: 	0.00014497782648929084
	separation:	0.0028275930214052398
	avg separation:	0.05477309205383062
	accu: 		94.0%
	l1: 		8.497699737548828
	p dist pair: 	1.0781567096710205
	test
	time: 	7.075141906738281
	cross ent: 	0.15926311879884453
	cluster: 	0.00014877319145284673
	separation:	0.0028253234270960094
	avg separation:	0.052732427846640346
	accu: 		92.99%
	l1: 		8.497699737548828
	p dist pair: 	1.0781567096710205
	above 70.00%
iteration: 	17
	train
	time: 	41.03229475021362
	cross ent: 	0.12302229083577791
	cluster: 	0.00014513651776117817
	separation:	0.0028279022667557
	avg separation:	0.054790044287840525
	accu: 		94.01%
	l1: 		8.497623443603516
	p dist pair: 	1.0781567096710205
	test
	time: 	7.064936637878418
	cross ent: 	0.15895075652748347
	cluster: 	0.00014807128641905365
	separation:	0.0028258361219195647
	avg separation:	0.05292639833875001
	accu: 		92.96%
	l1: 		8.497623443603516
	p dist pair: 	1.0781567096710205
	above 70.00%
iteration: 	18
	train
	time: 	40.864150524139404
	cross ent: 	0.12286497216920057
	cluster: 	0.0001450663275415233
	separation:	0.002827951094756524
	avg separation:	0.05487165792783101
	accu: 		94.11833333333334%
	l1: 		8.49629020690918
	p dist pair: 	1.0781567096710205
	test
	time: 	7.024543285369873
	cross ent: 	0.15989451088476925
	cluster: 	0.00014793090386319818
	separation:	0.0028284117981093003
	avg separation:	0.0522393392957747
	accu: 		92.97%
	l1: 		8.49629020690918
	p dist pair: 	1.0781567096710205
	above 70.00%
iteration: 	19
	train
	time: 	41.03083539009094
	cross ent: 	0.12277245929092169
	cluster: 	0.00014508565516007366
	separation:	0.002827805628068745
	avg separation:	0.05477217220887542
	accu: 		94.07166666666666%
	l1: 		8.493850708007812
	p dist pair: 	1.0781567096710205
	test
	time: 	7.096615791320801
	cross ent: 	0.15935334102716298
	cluster: 	0.00014819946090142367
	separation:	0.0028252562944544478
	avg separation:	0.05202874650247395
	accu: 		93.02%
	l1: 		8.493850708007812
	p dist pair: 	1.0781567096710205
	above 70.00%
epoch: 	11
	joint
	train
	time: 	125.206209897995
	cross ent: 	0.1153927131742239
	cluster: 	0.0001606882760048999
	separation:	0.0025043040425516663
	avg separation:	0.05379774399350087
	accu: 		94.63666666666667%
	l1: 		8.493850708007812
	p dist pair: 	1.0748796463012695
	test
	time: 	7.06733512878418
	cross ent: 	0.1376678379997611
	cluster: 	0.0001590515113514357
	separation:	0.002529040467343293
	avg separation:	0.048925342401489616
	accu: 		93.78999999999999%
	l1: 		8.493850708007812
	p dist pair: 	1.0748796463012695
	above 70.00%
epoch: 	12
	joint
	train
	time: 	126.17046880722046
	cross ent: 	0.1053770464460055
	cluster: 	0.00015824483524314322
	separation:	0.0025456594300145904
	avg separation:	0.05018306134765347
	accu: 		95.17666666666666%
	l1: 		8.493850708007812
	p dist pair: 	1.0636953115463257
	test
	time: 	7.120875358581543
	cross ent: 	0.12978010440245272
	cluster: 	0.00014257812199048204
	separation:	0.0023400390124879776
	avg separation:	0.04681286100298166
	accu: 		94.07%
	l1: 		8.493850708007812
	p dist pair: 	1.0636953115463257
	above 70.00%
epoch: 	13
	joint
	train
	time: 	125.43754410743713
	cross ent: 	0.09784609450399875
	cluster: 	0.00014410909248787599
	separation:	0.0024218241820732752
	avg separation:	0.04716698848828673
	accu: 		95.72833333333334%
	l1: 		8.493850708007812
	p dist pair: 	1.0495957136154175
	test
	time: 	7.091797590255737
	cross ent: 	0.12611295097507536
	cluster: 	0.00014295653747240067
	separation:	0.002477844174136408
	avg separation:	0.0447121789958328
	accu: 		94.28%
	l1: 		8.493850708007812
	p dist pair: 	1.0495957136154175
	above 70.00%
epoch: 	14
	joint
	train
	time: 	125.25007820129395
	cross ent: 	0.09059788397947947
	cluster: 	0.00013596903686751224
	separation:	0.00243075566769888
	avg separation:	0.04552971303835511
	accu: 		96.19166666666666%
	l1: 		8.493850708007812
	p dist pair: 	1.032746434211731
	test
	time: 	7.068894147872925
	cross ent: 	0.11955948319286108
	cluster: 	0.00013381347297809044
	separation:	0.00239818720438052
	avg separation:	0.04237210590392351
	accu: 		94.62%
	l1: 		8.493850708007812
	p dist pair: 	1.032746434211731
	above 70.00%
epoch: 	15
	joint
	train
	time: 	125.47060942649841
	cross ent: 	0.08364173279951016
	cluster: 	0.00012843221251447782
	separation:	0.002378067063943793
	avg separation:	0.044397718746215106
	accu: 		96.54%
	l1: 		8.493850708007812
	p dist pair: 	1.031567096710205
	test
	time: 	7.087677478790283
	cross ent: 	0.12041272578760981
	cluster: 	0.00013087157917993864
	separation:	0.002356579543848056
	avg separation:	0.04156862928532064
	accu: 		94.74000000000001%
	l1: 		8.493850708007812
	p dist pair: 	1.031567096710205
	above 70.00%
	push
	Executing push ...
	push time: 	42.61581110954285
	test
	time: 	7.0675787925720215
	cross ent: 	0.12594313841313123
	cluster: 	0.00013424072004340813
	separation:	0.0025974303524708376
	avg separation:	0.04201405008789152
	accu: 		94.5%
	l1: 		8.493850708007812
	p dist pair: 	1.0321238040924072
	above 70.00%
	last layer
iteration: 	0
	train
	time: 	40.95828819274902
	cross ent: 	0.08450975018739701
	cluster: 	0.00012709961127378242
	separation:	0.0025958679700270296
	avg separation:	0.044740067488203444
	accu: 		96.43833333333333%
	l1: 		8.529203414916992
	p dist pair: 	1.0321238040924072
	test
	time: 	7.091307640075684
	cross ent: 	0.12324708578176796
	cluster: 	0.0001339416473581423
	separation:	0.0025983336759964003
	avg separation:	0.04263283919543028
	accu: 		94.6%
	l1: 		8.529203414916992
	p dist pair: 	1.0321238040924072
	above 70.00%
iteration: 	1
	train
	time: 	41.09888005256653
	cross ent: 	0.08443042182922364
	cluster: 	0.0001272349061788797
	separation:	0.0025952098046739896
	avg separation:	0.04470471484959126
	accu: 		96.455%
	l1: 		8.565339088439941
	p dist pair: 	1.0321238040924072
	test
	time: 	7.053595542907715
	cross ent: 	0.12267485482618212
	cluster: 	0.00013387450905383958
	separation:	0.002595507750811521
	avg separation:	0.04237584197428077
	accu: 		94.65%
	l1: 		8.565339088439941
	p dist pair: 	1.0321238040924072
	above 70.00%
iteration: 	2
	train
	time: 	41.04284477233887
	cross ent: 	0.08401408684253693
	cluster: 	0.00012714843973905468
	separation:	0.0025956736722340186
	avg separation:	0.04471246097609401
	accu: 		96.50833333333333%
	l1: 		8.602633476257324
	p dist pair: 	1.0321238040924072
	test
	time: 	7.1050865650177
	cross ent: 	0.1224960458651185
	cluster: 	0.00013381957826823056
	separation:	0.002597051942429971
	avg separation:	0.04173142972867936
	accu: 		94.72%
	l1: 		8.602633476257324
	p dist pair: 	1.0321238040924072
	above 70.00%
iteration: 	3
	train
	time: 	40.85133910179138
	cross ent: 	0.0837646125604709
	cluster: 	0.00012701212796431113
	separation:	0.0025951213004688422
	avg separation:	0.04478543840472897
	accu: 		96.53%
	l1: 		8.63789176940918
	p dist pair: 	1.0321238040924072
	test
	time: 	7.116474390029907
	cross ent: 	0.122732895007357
	cluster: 	0.0001342346145861484
	separation:	0.0025965514575364067
	avg separation:	0.042500061709433795
	accu: 		94.63000000000001%
	l1: 		8.63789176940918
	p dist pair: 	1.0321238040924072
	above 70.00%
iteration: 	4
	train
	time: 	40.9988579750061
	cross ent: 	0.08300999799370766
	cluster: 	0.00012695617895830462
	separation:	0.0025957285991559426
	avg separation:	0.04478102638820807
	accu: 		96.53500000000001%
	l1: 		8.674692153930664
	p dist pair: 	1.0321238040924072
	test
	time: 	7.083110332489014
	cross ent: 	0.12240759587846696
	cluster: 	0.00013419189116802954
	separation:	0.0025988463807152585
	avg separation:	0.04219567704480141
	accu: 		94.69%
	l1: 		8.674692153930664
	p dist pair: 	1.0321238040924072
	above 70.00%
iteration: 	5
	train
	time: 	40.86556625366211
	cross ent: 	0.08338706506043672
	cluster: 	0.0001269297302812144
	separation:	0.0025956055177375676
	avg separation:	0.04468226087714235
	accu: 		96.53%
	l1: 		8.709817886352539
	p dist pair: 	1.0321238040924072
	test
	time: 	7.038841724395752
	cross ent: 	0.12256486832164228
	cluster: 	0.0001333129847694181
	separation:	0.0025958251440897583
	avg separation:	0.04190867398865521
	accu: 		94.67%
	l1: 		8.709817886352539
	p dist pair: 	1.0321238040924072
	above 70.00%
iteration: 	6
	train
	time: 	40.89838194847107
	cross ent: 	0.08289167233308156
	cluster: 	0.00012716064647126283
	separation:	0.0025953217005978027
	avg separation:	0.04473317358891169
	accu: 		96.49666666666667%
	l1: 		8.74395751953125
	p dist pair: 	1.0321238040924072
	test
	time: 	7.084530830383301
	cross ent: 	0.12335063767619431
	cluster: 	0.0001340393034263343
	separation:	0.0025957579957321284
	avg separation:	0.042223395244218406
	accu: 		94.6%
	l1: 		8.74395751953125
	p dist pair: 	1.0321238040924072
	above 70.00%
iteration: 	7
	train
	time: 	41.02522873878479
	cross ent: 	0.08273870626091957
	cluster: 	0.00012722880268302105
	separation:	0.0025952047159274417
	avg separation:	0.04472866709778706
	accu: 		96.57333333333334%
	l1: 		8.778756141662598
	p dist pair: 	1.0321238040924072
	test
	time: 	7.062968492507935
	cross ent: 	0.12285369643941521
	cluster: 	0.00013347167673259718
	separation:	0.0025957763029146007
	avg separation:	0.04224036371335387
	accu: 		94.73%
	l1: 		8.778756141662598
	p dist pair: 	1.0321238040924072
	above 70.00%
iteration: 	8
	train
	time: 	41.004664182662964
	cross ent: 	0.08294004847357671
	cluster: 	0.00012702738665636086
	separation:	0.002595176231426497
	avg separation:	0.04467973029861848
	accu: 		96.52333333333334%
	l1: 		8.810665130615234
	p dist pair: 	1.0321238040924072
	test
	time: 	7.026598930358887
	cross ent: 	0.12315344144590198
	cluster: 	0.00013377074685081425
	separation:	0.0025961730402195827
	avg separation:	0.04238574592396617
	accu: 		94.72%
	l1: 		8.810665130615234
	p dist pair: 	1.0321238040924072
	above 70.00%
iteration: 	9
	train
	time: 	40.97344517707825
	cross ent: 	0.08275816993787885
	cluster: 	0.00012703959379602262
	separation:	0.0025950012703736623
	avg separation:	0.04466742561881741
	accu: 		96.56666666666666%
	l1: 		8.84107780456543
	p dist pair: 	1.0321238040924072
	test
	time: 	7.073928594589233
	cross ent: 	0.12309782978147268
	cluster: 	0.00013416747680821572
	separation:	0.002596539242367726
	avg separation:	0.042722029094584286
	accu: 		94.59%
	l1: 		8.84107780456543
	p dist pair: 	1.0321238040924072
	above 70.00%
iteration: 	10
	train
	time: 	41.13226938247681
	cross ent: 	0.08253131293008725
	cluster: 	0.000127308148497832
	separation:	0.002595463100510339
	avg separation:	0.044747086505095165
	accu: 		96.55666666666667%
	l1: 		8.871147155761719
	p dist pair: 	1.0321238040924072
	test
	time: 	7.045676946640015
	cross ent: 	0.12401854291558266
	cluster: 	0.0001332763640766643
	separation:	0.0025962157669709995
	avg separation:	0.04123118394985795
	accu: 		94.84%
	l1: 		8.871147155761719
	p dist pair: 	1.0321238040924072
	above 70.00%
iteration: 	11
	train
	time: 	41.02744936943054
	cross ent: 	0.08256463763862848
	cluster: 	0.00012743123581579615
	separation:	0.0025960490368306635
	avg separation:	0.04470834249258041
	accu: 		96.55333333333334%
	l1: 		8.901680946350098
	p dist pair: 	1.0321238040924072
	test
	time: 	7.086288690567017
	cross ent: 	0.12252504845149816
	cluster: 	0.00013359984983253527
	separation:	0.0025960875884629784
	avg separation:	0.04193266755901277
	accu: 		94.74000000000001%
	l1: 		8.901680946350098
	p dist pair: 	1.0321238040924072
	above 70.00%
iteration: 	12
	train
	time: 	40.88718938827515
	cross ent: 	0.08222738698124886
	cluster: 	0.00012691040250259296
	separation:	0.0025952047171692054
	avg separation:	0.04468768664821982
	accu: 		96.595%
	l1: 		8.930337905883789
	p dist pair: 	1.0321238040924072
	test
	time: 	7.1338207721710205
	cross ent: 	0.1230963505525142
	cluster: 	0.0001347045849342976
	separation:	0.0025985045728157273
	avg separation:	0.04309545948170126
	accu: 		94.61%
	l1: 		8.930337905883789
	p dist pair: 	1.0321238040924072
	above 70.00%
iteration: 	13
	train
	time: 	40.98071074485779
	cross ent: 	0.0823921222575009
	cluster: 	0.00012712707739774486
	separation:	0.0025958089637570085
	avg separation:	0.04464138826231162
	accu: 		96.53833333333334%
	l1: 		8.958236694335938
	p dist pair: 	1.0321238040924072
	test
	time: 	7.069585800170898
	cross ent: 	0.12395720517262816
	cluster: 	0.00013347167750794143
	separation:	0.002597088554466609
	avg separation:	0.041370910326950255
	accu: 		94.74000000000001%
	l1: 		8.958236694335938
	p dist pair: 	1.0321238040924072
	above 70.00%
iteration: 	14
	train
	time: 	41.16211485862732
	cross ent: 	0.08242928652962049
	cluster: 	0.00012700907604084932
	separation:	0.002595639081671834
	avg separation:	0.044692644332846004
	accu: 		96.61666666666666%
	l1: 		8.985126495361328
	p dist pair: 	1.0321238040924072
	test
	time: 	7.079006910324097
	cross ent: 	0.12358069104142487
	cluster: 	0.00013366088361749462
	separation:	0.00259561762039084
	avg separation:	0.04199194365181029
	accu: 		94.72%
	l1: 		8.985126495361328
	p dist pair: 	1.0321238040924072
	above 70.00%
iteration: 	15
	train
	time: 	40.73013424873352
	cross ent: 	0.08228932258486747
	cluster: 	0.0001270823184307422
	separation:	0.0025955709293484686
	avg separation:	0.04476988833273451
	accu: 		96.57%
	l1: 		9.011759757995605
	p dist pair: 	1.0321238040924072
	test
	time: 	7.118435382843018
	cross ent: 	0.12424298919271677
	cluster: 	0.00013422851338532383
	separation:	0.0025960082406527364
	avg separation:	0.04274919491726905
	accu: 		94.58%
	l1: 		9.011759757995605
	p dist pair: 	1.0321238040924072
	above 70.00%
iteration: 	16
	train
	time: 	40.85602045059204
	cross ent: 	0.08209183176482718
	cluster: 	0.00012694702400646444
	separation:	0.0025951172340040406
	avg separation:	0.044634177397936584
	accu: 		96.54833333333333%
	l1: 		9.038209915161133
	p dist pair: 	1.0321238040924072
	test
	time: 	7.084056377410889
	cross ent: 	0.12378965691663325
	cluster: 	0.00013342895157052225
	separation:	0.00259709466190543
	avg separation:	0.0420485046505928
	accu: 		94.69999999999999%
	l1: 		9.038209915161133
	p dist pair: 	1.0321238040924072
	above 70.00%
iteration: 	17
	train
	time: 	41.16195487976074
	cross ent: 	0.08206491940220197
	cluster: 	0.00012700602403492667
	separation:	0.0025951853888109325
	avg separation:	0.04472297232101361
	accu: 		96.59%
	l1: 		9.063149452209473
	p dist pair: 	1.0321238040924072
	test
	time: 	7.07857608795166
	cross ent: 	0.123639996801503
	cluster: 	0.00013428344555222794
	separation:	0.002597271672275383
	avg separation:	0.04300283641554415
	accu: 		94.58%
	l1: 		9.063149452209473
	p dist pair: 	1.0321238040924072
	above 70.00%
iteration: 	18
	train
	time: 	41.042704582214355
	cross ent: 	0.08235534989585479
	cluster: 	0.00012737325263454598
	separation:	0.0025952118433391056
	avg separation:	0.044667465237279734
	accu: 		96.51666666666667%
	l1: 		9.087442398071289
	p dist pair: 	1.0321238040924072
	test
	time: 	7.054219722747803
	cross ent: 	0.12308574760798364
	cluster: 	0.00013397216563703295
	separation:	0.002597466999141034
	avg separation:	0.04250883107539266
	accu: 		94.65%
	l1: 		9.087442398071289
	p dist pair: 	1.0321238040924072
	above 70.00%
iteration: 	19
	train
	time: 	40.99194574356079
	cross ent: 	0.08237754629800717
	cluster: 	0.00012722778545503388
	separation:	0.0025949799042815965
	avg separation:	0.04475789810344577
	accu: 		96.56833333333333%
	l1: 		9.110814094543457
	p dist pair: 	1.0321238040924072
	test
	time: 	7.067681074142456
	cross ent: 	0.12344240148551762
	cluster: 	0.00013395995799783122
	separation:	0.002598022402380593
	avg separation:	0.04265004899352789
	accu: 		94.65%
	l1: 		9.110814094543457
	p dist pair: 	1.0321238040924072
	above 70.00%
