training set size: 60000
push set size: 60000
test set size: 10000
batch size: 80
start training
epoch: 	0
	warm
	train
training set size: 60000
push set size: 60000
test set size: 10000
batch size: 80
start training
epoch: 	0
	warm
	train
	time: 	35.57454323768616
	cross ent: 	2.1971849029858905
	cluster: 	55.98257932408651
	separation:	17.730050461769103
	avg separation:	232.09041910807292
	accu: 		18.725%
	l1: 		110.0
	p dist pair: 	522.4168090820312
	test
	time: 	4.796004772186279
	cross ent: 	2.0171978521347045
	cluster: 	8.876103029251098
	separation:	5.009681086540223
	avg separation:	210.4380322265625
	accu: 		34.089999999999996%
	l1: 		110.0
	p dist pair: 	522.4168090820312
epoch: 	1
	warm
	train
	time: 	34.228474378585815
	cross ent: 	1.6172908307711282
	cluster: 	2.3594764550924303
	separation:	1.4083868125279744
	avg separation:	196.35457135009764
	accu: 		47.25%
	l1: 		110.0
	p dist pair: 	479.91680908203125
	test
	time: 	4.820439338684082
	cross ent: 	1.2135785216093062
	cluster: 	0.3258661262691021
	separation:	0.34968226045370104
	avg separation:	191.33706298828125
	accu: 		64.85%
	l1: 		110.0
	p dist pair: 	479.91680908203125
epoch: 	2
	warm
	train
	time: 	35.07327914237976
	cross ent: 	1.028836963415146
	cluster: 	0.21211305627226829
	separation:	0.2428905412554741
	avg separation:	194.00800575764973
	accu: 		68.86833333333333%
	l1: 		110.0
	p dist pair: 	483.3913269042969
	test
	time: 	4.910667419433594
	cross ent: 	0.8856577938795089
	cluster: 	0.14772023491561412
	separation:	0.20210654452443122
	avg separation:	192.4726953125
	accu: 		73.06%
	l1: 		110.0
	p dist pair: 	483.3913269042969
	above 70.00%
epoch: 	3
	warm
	train
	time: 	35.592503786087036
	cross ent: 	0.8678565967082977
	cluster: 	0.15875052562355996
	separation:	0.22882718074321748
	avg separation:	195.22907041422525
	accu: 		73.50999999999999%
	l1: 		110.0
	p dist pair: 	487.0322570800781
	test
	time: 	5.038745164871216
	cross ent: 	0.8059157058596611
	cluster: 	0.15582812137901783
	separation:	0.2592120951414108
	avg separation:	195.01193176269533
	accu: 		76.14999999999999%
	l1: 		110.0
	p dist pair: 	487.0322570800781
	above 70.00%
epoch: 	4
	warm
	train
	time: 	34.89934206008911
	cross ent: 	0.7887015971740087
	cluster: 	0.13518916569650175
	separation:	0.22099939926465353
	avg separation:	195.09909267171224
	accu: 		76.21833333333333%
	l1: 		110.0
	p dist pair: 	483.9308166503906
	test
	time: 	4.6223533153533936
	cross ent: 	0.7975620955228806
	cluster: 	0.13244832780212165
	separation:	0.19641618832945823
	avg separation:	194.08127624511718
	accu: 		74.88%
	l1: 		110.0
	p dist pair: 	483.9308166503906
	above 70.00%
epoch: 	5
	joint
	train
	time: 	96.86013221740723
	cross ent: 	0.4809598914484183
	cluster: 	0.4931757798045874
	separation:	9.828223466694356
	avg separation:	275.47217580159503
	accu: 		89.42333333333333%
	l1: 		110.0
	p dist pair: 	663.29736328125
	test
	time: 	4.8909361362457275
	cross ent: 	0.3681622830033302
	cluster: 	1.0732173943519592
	separation:	35.0258738899231
	avg separation:	355.2843814086914
	accu: 		94.51%
	l1: 		110.0
	p dist pair: 	663.29736328125
	above 70.00%
epoch: 	6
	joint
	train
	time: 	97.58340382575989
	cross ent: 	0.26704271508256594
	cluster: 	0.9029523019244273
	separation:	61.53465960184733
	avg separation:	369.0234221598307
	accu: 		95.77%
	l1: 		110.0
	p dist pair: 	600.461181640625
	test
	time: 	5.154139041900635
	cross ent: 	0.33686203345656396
	cluster: 	1.252329294681549
	separation:	107.78195343017578
	avg separation:	368.02594696044923
	accu: 		96.53%
	l1: 		110.0
	p dist pair: 	600.461181640625
	above 70.00%
epoch: 	7
	joint
	train
	time: 	99.07288813591003
	cross ent: 	0.2205358174641927
	cluster: 	1.2734946856945752
	separation:	130.3675602722168
	avg separation:	384.041094930013
	accu: 		97.375%
	l1: 		110.0
	p dist pair: 	681.5963134765625
	test
	time: 	5.134048700332642
	cross ent: 	0.19598959110677242
	cluster: 	1.4658545404672623
	separation:	146.76595596313476
	avg separation:	432.1319897460937
	accu: 		98.19%
	l1: 		110.0
	p dist pair: 	681.5963134765625
	above 70.00%
epoch: 	8
	joint
	train
	time: 	97.617840051651
	cross ent: 	0.19969708396991093
	cluster: 	0.9940230734199286
	separation:	142.3159078572591
	avg separation:	495.5031315917969
	accu: 		97.97333333333333%
	l1: 		110.0
	p dist pair: 	940.3255615234375
	test
	time: 	5.024096727371216
	cross ent: 	0.19333642952144145
	cluster: 	1.1400750017166137
	separation:	143.97425552368165
	avg separation:	561.0686840820313
	accu: 		98.14%
	l1: 		110.0
	p dist pair: 	940.3255615234375
	above 70.00%
epoch: 	9
	joint
	train
	time: 	97.35306286811829
	cross ent: 	0.18171903542677562
	cluster: 	0.5590277190059424
	separation:	149.32758967081705
	avg separation:	571.3453728841146
	accu: 		98.82%
	l1: 		110.0
	p dist pair: 	973.337890625
	test
	time: 	5.196580171585083
	cross ent: 	0.17936268597841262
	cluster: 	0.3439703903347254
	separation:	151.03210769653322
	avg separation:	579.8258087158204
	accu: 		99.03%
	l1: 		110.0
	p dist pair: 	973.337890625
	above 70.00%
epoch: 	10
	joint
	train
	time: 	97.9881522655487
	cross ent: 	0.1805945830841859
	cluster: 	0.41501255268851917
	separation:	150.76983655802408
	avg separation:	590.430620686849
	accu: 		99.00833333333333%
	l1: 		110.0
	p dist pair: 	1011.472900390625
	test
	time: 	4.582751750946045
	cross ent: 	0.17073238469660282
	cluster: 	0.349823367446661
	separation:	151.88946563720702
	avg separation:	600.4043878173828
	accu: 		99.18%
	l1: 		110.0
	p dist pair: 	1011.472900390625
	above 70.00%
	push
	Executing push ...
	push time: 	35.0049831867218
	test
	time: 	5.080232620239258
	cross ent: 	0.04247574032531702
	cluster: 	0.13868685931316577
	separation:	50.68502201080322
	avg separation:	151.26883666992188
	accu: 		99.21%
	l1: 		110.0
	p dist pair: 	142.88587951660156
	above 70.00%
	last layer
iteration: 	0
	train
	time: 	32.69760179519653
	cross ent: 	0.04408242966781836
	cluster: 	0.1541982683778818
	separation:	50.11930254109701
	avg separation:	150.37314034016927
	accu: 		99.19333333333333%
	l1: 		106.47815704345703
	p dist pair: 	142.88587951660156
	test
	time: 	5.060373306274414
	cross ent: 	0.04070294103876222
	cluster: 	0.13984019856448868
	separation:	50.6458629989624
	avg separation:	151.0543132019043
	accu: 		99.24%
	l1: 		106.47815704345703
	p dist pair: 	142.88587951660156
	above 70.00%
iteration: 	1
	train
	time: 	33.252901554107666
	cross ent: 	0.043473796329053585
	cluster: 	0.1523572453588713
	separation:	50.11694119262695
	avg separation:	150.35625083414715
	accu: 		99.20166666666667%
	l1: 		103.107177734375
	p dist pair: 	142.88587951660156
	test
	time: 	5.288146734237671
	cross ent: 	0.0423358499880851
	cluster: 	0.15747173166833817
	separation:	50.95532287597656
	avg separation:	151.17640197753906
	accu: 		99.18%
	l1: 		103.107177734375
	p dist pair: 	142.88587951660156
	above 70.00%
iteration: 	2
	train
	time: 	33.53664231300354
	cross ent: 	0.04316243521906048
	cluster: 	0.1520360718361723
	separation:	50.108113627115884
	avg separation:	150.36644260660808
	accu: 		99.22333333333333%
	l1: 		99.79688262939453
	p dist pair: 	142.88587951660156
	test
	time: 	5.007453680038452
	cross ent: 	0.040086646918789486
	cluster: 	0.13319718362487037
	separation:	50.72395092010498
	avg separation:	151.06672119140626
	accu: 		99.25%
	l1: 		99.79688262939453
	p dist pair: 	142.88587951660156
	above 70.00%
iteration: 	3
	train
	time: 	33.371819734573364
	cross ent: 	0.042906777309098594
	cluster: 	0.16933080283385546
	separation:	50.12624208068848
	avg separation:	150.39662615966796
	accu: 		99.195%
	l1: 		96.4215316772461
	p dist pair: 	142.88587951660156
	test
	time: 	5.218959093093872
	cross ent: 	0.04025891782825056
	cluster: 	0.12874740673956694
	separation:	50.55284286499023
	avg separation:	150.96641052246093
	accu: 		99.22%
	l1: 		96.4215316772461
	p dist pair: 	142.88587951660156
	above 70.00%
iteration: 	4
	train
	time: 	33.12118887901306
	cross ent: 	0.041880414380187476
	cluster: 	0.15535667327628472
	separation:	50.11929462178548
	avg separation:	150.37421693929036
	accu: 		99.21833333333333%
	l1: 		93.04774475097656
	p dist pair: 	142.88587951660156
	test
	time: 	5.25689172744751
	cross ent: 	0.040593908609298526
	cluster: 	0.1410244685484213
	separation:	50.835226135253905
	avg separation:	151.28662139892577
	accu: 		99.21%
	l1: 		93.04774475097656
	p dist pair: 	142.88587951660156
	above 70.00%
iteration: 	5
	train
	time: 	33.56613230705261
	cross ent: 	0.04103080618634704
	cluster: 	0.15305001955972208
	separation:	50.109635711669924
	avg separation:	150.3628338724772
	accu: 		99.235%
	l1: 		89.69808959960938
	p dist pair: 	142.88587951660156
	test
	time: 	5.221310615539551
	cross ent: 	0.040380985839583446
	cluster: 	0.14026513017772232
	separation:	50.86675834655762
	avg separation:	151.21080001831055
	accu: 		99.22%
	l1: 		89.69808959960938
	p dist pair: 	142.88587951660156
	above 70.00%
iteration: 	6
	train
	time: 	33.076120376586914
	cross ent: 	0.040924165744538187
	cluster: 	0.1601943949549847
	separation:	50.100189961751305
	avg separation:	150.35341724650064
	accu: 		99.23333333333333%
	l1: 		86.29853820800781
	p dist pair: 	142.88587951660156
	test
	time: 	5.302980422973633
	cross ent: 	0.0398778576937184
	cluster: 	0.14794351143529638
	separation:	50.859855308532715
	avg separation:	151.3232556152344
	accu: 		99.22%
	l1: 		86.29853820800781
	p dist pair: 	142.88587951660156
	above 70.00%
iteration: 	7
	train
	time: 	32.89640188217163
	cross ent: 	0.03982644995479495
	cluster: 	0.1531911783104685
	separation:	50.118530146280925
	avg separation:	150.3750106608073
	accu: 		99.24166666666666%
	l1: 		83.20144653320312
	p dist pair: 	142.88587951660156
	test
	time: 	5.272686243057251
	cross ent: 	0.038570796168132804
	cluster: 	0.13588158933387603
	separation:	50.65663013458252
	avg separation:	151.0428550720215
	accu: 		99.26%
	l1: 		83.20144653320312
	p dist pair: 	142.88587951660156
	above 70.00%
iteration: 	8
	train
	time: 	33.03596258163452
	cross ent: 	0.03993652701837709
	cluster: 	0.15036918176753292
	separation:	50.10418121846517
	avg separation:	150.35841392008464
	accu: 		99.24%
	l1: 		80.50668334960938
	p dist pair: 	142.88587951660156
	test
	time: 	4.226804733276367
	cross ent: 	0.038230708233750195
	cluster: 	0.13115414200219674
	separation:	50.576494674682614
	avg separation:	150.98666091918946
	accu: 		99.26%
	l1: 		80.50668334960938
	p dist pair: 	142.88587951660156
	above 70.00%
iteration: 	9
	train
	time: 	33.10168719291687
	cross ent: 	0.03932366772228852
	cluster: 	0.15040035095702237
	separation:	50.11119667561849
	avg separation:	150.34806030273438
	accu: 		99.27333333333334%
	l1: 		77.96959686279297
	p dist pair: 	142.88587951660156
	test
	time: 	5.10019326210022
	cross ent: 	0.037966818705535844
	cluster: 	0.132428318055172
	separation:	50.604315490722655
	avg separation:	150.91919311523438
	accu: 		99.28%
	l1: 		77.96959686279297
	p dist pair: 	142.88587951660156
	above 70.00%
iteration: 	10
	train
	time: 	33.36260390281677
	cross ent: 	0.040499282152139736
	cluster: 	0.1533577284507919
	separation:	50.10618237813314
	avg separation:	150.35417645263672
	accu: 		99.24833333333333%
	l1: 		75.6768569946289
	p dist pair: 	142.88587951660156
	test
	time: 	5.09859299659729
	cross ent: 	0.038173114128294404
	cluster: 	0.13732965872899514
	separation:	50.79208984375
	avg separation:	151.19346420288085
	accu: 		99.22999999999999%
	l1: 		75.6768569946289
	p dist pair: 	142.88587951660156
	above 70.00%
iteration: 	11
	train
	time: 	32.92765688896179
	cross ent: 	0.04039384686465686
	cluster: 	0.15899160835628087
	separation:	50.09495713297526
	avg separation:	150.34418615722657
	accu: 		99.25166666666667%
	l1: 		73.72113037109375
	p dist pair: 	142.88587951660156
	test
	time: 	5.012242078781128
	cross ent: 	0.0383216954630916
	cluster: 	0.14055529517383547
	separation:	50.87928939819336
	avg separation:	151.18867599487305
	accu: 		99.22999999999999%
	l1: 		73.72113037109375
	p dist pair: 	142.88587951660156
	above 70.00%
iteration: 	12
	train
	time: 	33.50355529785156
	cross ent: 	0.03924820753014258
	cluster: 	0.15082232197265452
	separation:	50.12070158386231
	avg separation:	150.39188137817382
	accu: 		99.24666666666667%
	l1: 		72.08396911621094
	p dist pair: 	142.88587951660156
	test
	time: 	5.295121431350708
	cross ent: 	0.03835710483013827
	cluster: 	0.1507980859403324
	separation:	50.867268104553226
	avg separation:	151.2908448791504
	accu: 		99.21%
	l1: 		72.08396911621094
	p dist pair: 	142.88587951660156
	above 70.00%
iteration: 	13
	train
	time: 	33.1571626663208
	cross ent: 	0.03932518177496968
	cluster: 	0.16643052963508914
	separation:	50.124001653035485
	avg separation:	150.37550762939452
	accu: 		99.24833333333333%
	l1: 		70.73600769042969
	p dist pair: 	142.88587951660156
	test
	time: 	5.105311155319214
	cross ent: 	0.03810266963308095
	cluster: 	0.148783743637905
	separation:	50.87795852661133
	avg separation:	151.3028823852539
	accu: 		99.24%
	l1: 		70.73600769042969
	p dist pair: 	142.88587951660156
	above 70.00%
iteration: 	14
	train
	time: 	32.67877554893494
	cross ent: 	0.03861749707882215
	cluster: 	0.1464296855595118
	separation:	50.10543548075358
	avg separation:	150.3472369181315
	accu: 		99.245%
	l1: 		69.51417541503906
	p dist pair: 	142.88587951660156
	test
	time: 	5.067362546920776
	cross ent: 	0.03763117290902301
	cluster: 	0.14140929024215437
	separation:	50.756297760009765
	avg separation:	151.23732238769531
	accu: 		99.26%
	l1: 		69.51417541503906
	p dist pair: 	142.88587951660156
	above 70.00%
iteration: 	15
	train
	time: 	34.15208864212036
	cross ent: 	0.03820347674548005
	cluster: 	0.15848039754111476
	separation:	50.11406127421061
	avg separation:	150.38421110026042
	accu: 		99.26166666666667%
	l1: 		68.4146499633789
	p dist pair: 	142.88587951660156
	test
	time: 	5.384417295455933
	cross ent: 	0.0377662306354614
	cluster: 	0.14925988245027838
	separation:	50.878917121887206
	avg separation:	151.29387664794922
	accu: 		99.21%
	l1: 		68.4146499633789
	p dist pair: 	142.88587951660156
	above 70.00%
iteration: 	16
	train
	time: 	33.00796985626221
	cross ent: 	0.03812402840913273
	cluster: 	0.14360357954551
	separation:	50.1261415049235
	avg separation:	150.38109924316407
	accu: 		99.26666666666667%
	l1: 		67.36072540283203
	p dist pair: 	142.88587951660156
	test
	time: 	5.2780749797821045
	cross ent: 	0.03704274644042016
	cluster: 	0.14868913211132168
	separation:	50.8262996673584
	avg separation:	151.24412002563477
	accu: 		99.22%
	l1: 		67.36072540283203
	p dist pair: 	142.88587951660156
	above 70.00%
iteration: 	17
	train
	time: 	33.400816679000854
	cross ent: 	0.03848607531240365
	cluster: 	0.15969425709114876
	separation:	50.121239873250325
	avg separation:	150.37749108886717
	accu: 		99.21333333333334%
	l1: 		66.4342269897461
	p dist pair: 	142.88587951660156
	test
	time: 	5.149292230606079
	cross ent: 	0.03653923884354299
	cluster: 	0.14348082766358858
	separation:	50.78111400604248
	avg separation:	151.0759992980957
	accu: 		99.27%
	l1: 		66.4342269897461
	p dist pair: 	142.88587951660156
	above 70.00%
iteration: 	18
	train
	time: 	33.84824085235596
	cross ent: 	0.03744547403914233
	cluster: 	0.15469149912230204
	separation:	50.126445322672524
	avg separation:	150.38318438720702
	accu: 		99.25166666666667%
	l1: 		65.62549591064453
	p dist pair: 	142.88587951660156
	test
	time: 	4.70054292678833
	cross ent: 	0.03575193310127361
	cluster: 	0.1318336148133676
	separation:	50.6230924987793
	avg separation:	151.02779846191407
	accu: 		99.26%
	l1: 		65.62549591064453
	p dist pair: 	142.88587951660156
	above 70.00%
iteration: 	19
	train
	time: 	33.45186638832092
	cross ent: 	0.03751705527705296
	cluster: 	0.15172633917986725
	separation:	50.11554301961263
	avg separation:	150.3722401123047
	accu: 		99.26%
	l1: 		64.847900390625
	p dist pair: 	142.88587951660156
	test
	time: 	5.171075344085693
	cross ent: 	0.03645976688625524
	cluster: 	0.15530064323786064
	separation:	50.858396949768064
	avg separation:	151.16097244262696
	accu: 		99.22999999999999%
	l1: 		64.847900390625
	p dist pair: 	142.88587951660156
	above 70.00%
epoch: 	11
	joint
	train
	time: 	97.3510844707489
	cross ent: 	0.043178190750069914
	cluster: 	0.2005228334608643
	separation:	94.17108985900879
	avg separation:	161.74144213867189
	accu: 		99.19333333333333%
	l1: 		64.847900390625
	p dist pair: 	151.15219116210938
	test
	time: 	5.27168345451355
	cross ent: 	0.04819001474417746
	cluster: 	0.22955595600884407
	separation:	115.3767357635498
	avg separation:	171.3146531677246
	accu: 		99.15%
	l1: 		64.847900390625
	p dist pair: 	151.15219116210938
	above 70.00%
epoch: 	12
	joint
	train
	time: 	98.44143676757812
	cross ent: 	0.09321448130905628
	cluster: 	0.24397461674703905
	separation:	126.19688590494792
	avg separation:	179.09266166178386
	accu: 		99.23333333333333%
	l1: 		64.847900390625
	p dist pair: 	175.45449829101562
	test
	time: 	5.0883989334106445
	cross ent: 	0.11469773598015308
	cluster: 	0.2855927082523704
	separation:	137.29065284729003
	avg separation:	186.44786895751952
	accu: 		99.21%
	l1: 		64.847900390625
	p dist pair: 	175.45449829101562
	above 70.00%
epoch: 	13
	joint
	train
	time: 	97.29394173622131
	cross ent: 	0.16342812920610109
	cluster: 	0.27642998651166756
	separation:	142.19656686401368
	avg separation:	190.7532710571289
	accu: 		99.29833333333333%
	l1: 		64.847900390625
	p dist pair: 	187.83226013183594
	test
	time: 	4.994756698608398
	cross ent: 	0.19163617834448815
	cluster: 	0.3451648562029004
	separation:	145.50896453857422
	avg separation:	193.23097244262695
	accu: 		99.24%
	l1: 		64.847900390625
	p dist pair: 	187.83226013183594
	above 70.00%
epoch: 	14
	joint
	train
	time: 	97.24013066291809
	cross ent: 	0.18413727547725042
	cluster: 	0.22843292936682702
	separation:	145.11687306722004
	avg separation:	192.93671750895183
	accu: 		99.35166666666667%
	l1: 		64.847900390625
	p dist pair: 	188.05111694335938
	test
	time: 	4.8889899253845215
	cross ent: 	0.18733405992388724
	cluster: 	0.35811804290860894
	separation:	146.21508850097655
	avg separation:	194.28856979370119
	accu: 		99.28%
	l1: 		64.847900390625
	p dist pair: 	188.05111694335938
	above 70.00%
epoch: 	15
	joint
	train
	time: 	97.12225341796875
	cross ent: 	0.18567630745967229
	cluster: 	0.21072421300411223
	separation:	145.43685772705078
	avg separation:	193.84617669677735
	accu: 		99.41%
	l1: 		64.847900390625
	p dist pair: 	188.22393798828125
	test
	time: 	5.1254847049713135
	cross ent: 	0.18834242820739747
	cluster: 	0.41510377716273067
	separation:	146.49283233642578
	avg separation:	195.0296839904785
	accu: 		99.26%
	l1: 		64.847900390625
	p dist pair: 	188.22393798828125
	above 70.00%
epoch: 	16
	joint
	train
	time: 	97.17657899856567
	cross ent: 	0.18469270787636438
	cluster: 	0.21566818618277708
	separation:	145.76345587158204
	avg separation:	194.48526540120443
	accu: 		99.43166666666666%
	l1: 		64.847900390625
	p dist pair: 	188.44970703125
	test
	time: 	4.866425275802612
	cross ent: 	0.1904623819887638
	cluster: 	0.36342576663941145
	separation:	146.70332252502442
	avg separation:	195.46889282226562
	accu: 		99.28%
	l1: 		64.847900390625
	p dist pair: 	188.44970703125
	above 70.00%
epoch: 	17
	joint
	train
	time: 	97.06817555427551
	cross ent: 	0.18727629346648852
	cluster: 	0.2090349999765555
	separation:	145.98784829711914
	avg separation:	195.1404208984375
	accu: 		99.45333333333333%
	l1: 		64.847900390625
	p dist pair: 	188.66278076171875
	test
	time: 	4.862810134887695
	cross ent: 	0.18997509256005288
	cluster: 	0.39122177224606275
	separation:	146.83990020751952
	avg separation:	196.10513504028322
	accu: 		99.31%
	l1: 		64.847900390625
	p dist pair: 	188.66278076171875
	above 70.00%
epoch: 	18
	joint
	train
	time: 	96.81249332427979
	cross ent: 	0.18706486442685127
	cluster: 	0.21547184379398823
	separation:	146.05486604817708
	avg separation:	195.4902870686849
	accu: 		99.46666666666667%
	l1: 		64.847900390625
	p dist pair: 	188.84986877441406
	test
	time: 	4.928882360458374
	cross ent: 	0.19080738261342048
	cluster: 	0.3892830392718315
	separation:	146.92740684509278
	avg separation:	196.22009536743164
	accu: 		99.29%
	l1: 		64.847900390625
	p dist pair: 	188.84986877441406
	above 70.00%
epoch: 	19
	joint
	train
	time: 	97.68892765045166
	cross ent: 	0.18661065441370012
	cluster: 	0.2117434743543466
	separation:	146.10743161010743
	avg separation:	195.50723799641926
	accu: 		99.48%
	l1: 		64.847900390625
	p dist pair: 	188.8737335205078
	test
	time: 	4.882951974868774
	cross ent: 	0.19073951497673988
	cluster: 	0.3958445528894663
	separation:	146.9343731689453
	avg separation:	196.5366325378418
	accu: 		99.31%
	l1: 		64.847900390625
	p dist pair: 	188.8737335205078
	above 70.00%
epoch: 	20
	joint
	train
	time: 	96.6602611541748
	cross ent: 	0.18715324650208157
	cluster: 	0.20517772412796814
	separation:	146.08924708048502
	avg separation:	195.5564932454427
	accu: 		99.44166666666666%
	l1: 		64.847900390625
	p dist pair: 	188.90411376953125
	test
	time: 	4.801209926605225
	cross ent: 	0.19049218505620957
	cluster: 	0.39230854049324987
	separation:	146.93978134155273
	avg separation:	196.3396795654297
	accu: 		99.3%
	l1: 		64.847900390625
	p dist pair: 	188.90411376953125
	above 70.00%
	push
	Executing push ...
	push time: 	33.29447102546692
	test
	time: 	4.433607578277588
	cross ent: 	0.03530695393506903
	cluster: 	0.20802363220762346
	separation:	81.93009155273438
	avg separation:	161.90324340820314
	accu: 		99.32%
	l1: 		64.847900390625
	p dist pair: 	135.9484405517578
	above 70.00%
	last layer
iteration: 	0
	train
	time: 	32.30155038833618
	cross ent: 	0.03070867752721339
	cluster: 	0.09582234729162883
	separation:	81.27555484517416
	avg separation:	161.1322114461263
	accu: 		99.44333333333333%
	l1: 		64.13426208496094
	p dist pair: 	135.9484405517578
	test
	time: 	4.961278676986694
	cross ent: 	0.03411556562467013
	cluster: 	0.20376428727708118
	separation:	81.8738242340088
	avg separation:	161.95404724121093
	accu: 		99.35000000000001%
	l1: 		64.13426208496094
	p dist pair: 	135.9484405517578
	above 70.00%
iteration: 	1
	train
	time: 	31.437021732330322
	cross ent: 	0.03009893168263564
	cluster: 	0.09234847907026415
	separation:	81.27860726420084
	avg separation:	161.1517250773112
	accu: 		99.45%
	l1: 		63.375099182128906
	p dist pair: 	135.9484405517578
	test
	time: 	5.038121223449707
	cross ent: 	0.03491803226977936
	cluster: 	0.21611091771483187
	separation:	81.94720024108886
	avg separation:	161.88922805786132
	accu: 		99.32%
	l1: 		63.375099182128906
	p dist pair: 	135.9484405517578
	above 70.00%
iteration: 	2
	train
	time: 	32.30194687843323
	cross ent: 	0.029364848346080785
	cluster: 	0.09389202525170792
	separation:	81.32023559570312
	avg separation:	161.16118029785156
	accu: 		99.48166666666667%
	l1: 		62.644676208496094
	p dist pair: 	135.9484405517578
	test
	time: 	4.923470497131348
	cross ent: 	0.03351697744408739
	cluster: 	0.19824267727482947
	separation:	81.7876586151123
	avg separation:	161.8366213989258
	accu: 		99.33999999999999%
	l1: 		62.644676208496094
	p dist pair: 	135.9484405517578
	above 70.00%
iteration: 	3
	train
	time: 	31.85623288154602
	cross ent: 	0.03008722619037144
	cluster: 	0.09820695922513066
	separation:	81.28096237691244
	avg separation:	161.1389629720052
	accu: 		99.47%
	l1: 		62.011817932128906
	p dist pair: 	135.9484405517578
	test
	time: 	4.887768268585205
	cross ent: 	0.03430254522332689
	cluster: 	0.21763270074421598
	separation:	81.93440879821777
	avg separation:	161.8930206298828
	accu: 		99.32%
	l1: 		62.011817932128906
	p dist pair: 	135.9484405517578
	above 70.00%
iteration: 	4
	train
	time: 	31.366808652877808
	cross ent: 	0.029481017080543098
	cluster: 	0.10140653975096453
	separation:	81.28746546427409
	avg separation:	161.1520118001302
	accu: 		99.47833333333334%
	l1: 		61.373321533203125
	p dist pair: 	135.9484405517578
	test
	time: 	5.00011134147644
	cross ent: 	0.03381671882452793
	cluster: 	0.21595123728249746
	separation:	81.9068440246582
	avg separation:	161.86839935302734
	accu: 		99.33%
	l1: 		61.373321533203125
	p dist pair: 	135.9484405517578
	above 70.00%
iteration: 	5
	train
	time: 	32.308403968811035
	cross ent: 	0.02839023506156324
	cluster: 	0.0947067865828091
	separation:	81.27719066874187
	avg separation:	161.12157071940103
	accu: 		99.46833333333333%
	l1: 		60.838069915771484
	p dist pair: 	135.9484405517578
	test
	time: 	4.9368531703948975
	cross ent: 	0.03423857124216738
	cluster: 	0.19623187788805807
	separation:	81.85018539428711
	avg separation:	161.86913131713868
	accu: 		99.31%
	l1: 		60.838069915771484
	p dist pair: 	135.9484405517578
	above 70.00%
iteration: 	6
	train
	time: 	31.755995512008667
	cross ent: 	0.028698482218799958
	cluster: 	0.10710945200511682
	separation:	81.2826069539388
	avg separation:	161.13516097005208
	accu: 		99.47500000000001%
	l1: 		60.27318572998047
	p dist pair: 	135.9484405517578
	test
	time: 	5.006070137023926
	cross ent: 	0.034288202830357474
	cluster: 	0.2002757372953056
	separation:	81.80823196411133
	avg separation:	161.923486328125
	accu: 		99.31%
	l1: 		60.27318572998047
	p dist pair: 	135.9484405517578
	above 70.00%
iteration: 	7
	train
	time: 	31.892258405685425
	cross ent: 	0.028639197798698054
	cluster: 	0.0977100700744195
	separation:	81.28754526265462
	avg separation:	161.16093868001303
	accu: 		99.47166666666666%
	l1: 		59.77084732055664
	p dist pair: 	135.9484405517578
	test
	time: 	4.902394533157349
	cross ent: 	0.03336070220248075
	cluster: 	0.20678094326212887
	separation:	81.9290729522705
	avg separation:	161.9223844909668
	accu: 		99.33%
	l1: 		59.77084732055664
	p dist pair: 	135.9484405517578
	above 70.00%
iteration: 	8
	train
	time: 	31.73129630088806
	cross ent: 	0.027869544819463046
	cluster: 	0.09632913624941526
	separation:	81.31489169820149
	avg separation:	161.16947572835286
	accu: 		99.47666666666667%
	l1: 		59.293949127197266
	p dist pair: 	135.9484405517578
	test
	time: 	4.880895614624023
	cross ent: 	0.03435568697823328
	cluster: 	0.20319209597968438
	separation:	81.89721282958985
	avg separation:	161.96675537109374
	accu: 		99.25%
	l1: 		59.293949127197266
	p dist pair: 	135.9484405517578
	above 70.00%
iteration: 	9
	train
	time: 	31.320683002471924
	cross ent: 	0.027352957265509757
	cluster: 	0.08488958859188521
	separation:	81.2716828664144
	avg separation:	161.15391528320313
	accu: 		99.49166666666667%
	l1: 		58.919044494628906
	p dist pair: 	135.9484405517578
	test
	time: 	4.596575736999512
	cross ent: 	0.033064167638513026
	cluster: 	0.20056527333072155
	separation:	81.94039169311523
	avg separation:	161.91501647949218
	accu: 		99.33999999999999%
	l1: 		58.919044494628906
	p dist pair: 	135.9484405517578
	above 70.00%
iteration: 	10
	train
	time: 	16.05221199989319
	cross ent: 	0.02842001144915897
	cluster: 	0.10201000286125539
	separation:	81.28909423828125
	avg separation:	161.15646346028646
	accu: 		99.46000000000001%
	l1: 		58.54752731323242
	p dist pair: 	135.9484405517578
	test
	time: 	2.5292952060699463
	cross ent: 	0.032620997708436336
	cluster: 	0.1953078481263219
	separation:	81.79349464416504
	avg separation:	161.80453994750977
	accu: 		99.33%
	l1: 		58.54752731323242
	p dist pair: 	135.9484405517578
	above 70.00%
iteration: 	11
	train
	time: 	15.960785865783691
	cross ent: 	0.02917980999132851
	cluster: 	0.09349708806265455
	separation:	81.298420018514
	avg separation:	161.1544284057617
	accu: 		99.48333333333333%
	l1: 		58.16935729980469
	p dist pair: 	135.9484405517578
	test
	time: 	2.727018117904663
	cross ent: 	0.033293967261415675
	cluster: 	0.1950695389026805
	separation:	81.89134223937988
	avg separation:	161.8554246520996
	accu: 		99.29%
	l1: 		58.16935729980469
	p dist pair: 	135.9484405517578
	above 70.00%
iteration: 	12
	train
	time: 	25.52765727043152
	cross ent: 	0.029558212776416137
	cluster: 	0.1051255487461749
	separation:	81.28317529805501
	avg separation:	161.14761260986327
	accu: 		99.465%
	l1: 		57.81422424316406
	p dist pair: 	135.9484405517578
	test
	time: 	5.025892972946167
	cross ent: 	0.03215105319381109
	cluster: 	0.20450189997180132
	separation:	81.90637474060058
	avg separation:	161.93244094848632
	accu: 		99.35000000000001%
	l1: 		57.81422424316406
	p dist pair: 	135.9484405517578
	above 70.00%
iteration: 	13
	train
	time: 	32.7045841217041
	cross ent: 	0.02932513678079704
	cluster: 	0.09102499845448377
	separation:	81.29060739135743
	avg separation:	161.1729365641276
	accu: 		99.47666666666667%
	l1: 		57.46290969848633
	p dist pair: 	135.9484405517578
	test
	time: 	5.12535285949707
	cross ent: 	0.033841083091392644
	cluster: 	0.22751795765354474
	separation:	81.93954284667969
	avg separation:	162.07302352905273
	accu: 		99.25%
	l1: 		57.46290969848633
	p dist pair: 	135.9484405517578
	above 70.00%
iteration: 	14
	train
	time: 	32.13533592224121
	cross ent: 	0.028667560146636486
	cluster: 	0.09735818321905874
	separation:	81.28293651326497
	avg separation:	161.15079960123697
	accu: 		99.49166666666667%
	l1: 		57.1367301940918
	p dist pair: 	135.9484405517578
	test
	time: 	4.217452764511108
	cross ent: 	0.03271864159571123
	cluster: 	0.22189994277257938
	separation:	82.01327041625977
	avg separation:	161.90094009399414
	accu: 		99.33%
	l1: 		57.1367301940918
	p dist pair: 	135.9484405517578
	above 70.00%
iteration: 	15
	train
	time: 	31.433982372283936
	cross ent: 	0.02739899081296365
	cluster: 	0.0983912002654494
	separation:	81.28109782409668
	avg separation:	161.12559602864584
	accu: 		99.49%
	l1: 		56.87755584716797
	p dist pair: 	135.9484405517578
	test
	time: 	5.095178127288818
	cross ent: 	0.03150954806566006
	cluster: 	0.207104354737603
	separation:	81.8928621673584
	avg separation:	161.9870120239258
	accu: 		99.36%
	l1: 		56.87755584716797
	p dist pair: 	135.9484405517578
	above 70.00%
iteration: 	16
	train
	time: 	31.882445335388184
	cross ent: 	0.028009722535149193
	cluster: 	0.09370929344126488
	separation:	81.26753704833985
	avg separation:	161.14239935302734
	accu: 		99.48666666666666%
	l1: 		56.588722229003906
	p dist pair: 	135.9484405517578
	test
	time: 	5.316004514694214
	cross ent: 	0.03178373419359559
	cluster: 	0.19013390701562458
	separation:	81.79187469482422
	avg separation:	161.71438934326173
	accu: 		99.35000000000001%
	l1: 		56.588722229003906
	p dist pair: 	135.9484405517578
	above 70.00%
iteration: 	17
	train
	time: 	32.7303307056427
	cross ent: 	0.02754647606155292
	cluster: 	0.09256473283526914
	separation:	81.26183910624187
	avg separation:	161.1413369954427
	accu: 		99.495%
	l1: 		56.30012130737305
	p dist pair: 	135.9484405517578
	test
	time: 	4.337919473648071
	cross ent: 	0.03190032299084123
	cluster: 	0.21325456032958756
	separation:	81.94335350036621
	avg separation:	161.97424194335937
	accu: 		99.33999999999999%
	l1: 		56.30012130737305
	p dist pair: 	135.9484405517578
	above 70.00%
iteration: 	18
	train
	time: 	31.62807846069336
	cross ent: 	0.026951835956114036
	cluster: 	0.10312579699069223
	separation:	81.2593139444987
	avg separation:	161.12263580322266
	accu: 		99.50333333333333%
	l1: 		56.02708435058594
	p dist pair: 	135.9484405517578
	test
	time: 	5.185147047042847
	cross ent: 	0.031003857031901134
	cluster: 	0.18859166423666465
	separation:	81.91613525390625
	avg separation:	161.87412643432617
	accu: 		99.37%
	l1: 		56.02708435058594
	p dist pair: 	135.9484405517578
	above 70.00%
iteration: 	19
	train
	time: 	32.77398180961609
	cross ent: 	0.026487545312110644
	cluster: 	0.0956753779159238
	separation:	81.28924798583985
	avg separation:	161.15433829752604
	accu: 		99.515%
	l1: 		55.78448486328125
	p dist pair: 	135.9484405517578
	test
	time: 	5.139350414276123
	cross ent: 	0.03181159234518418
	cluster: 	0.23155036468131585
	separation:	82.03084785461425
	avg separation:	162.05329437255858
	accu: 		99.32%
	l1: 		55.78448486328125
	p dist pair: 	135.9484405517578
	above 70.00%
epoch: 	21
	joint
	train
	time: 	96.86617374420166
	cross ent: 	0.027904499780541908
	cluster: 	0.09434081761601071
	separation:	82.41284646606445
	avg separation:	161.5544983927409
	accu: 		99.51166666666667%
	l1: 		55.78448486328125
	p dist pair: 	135.88668823242188
	test
	time: 	5.040847539901733
	cross ent: 	0.031644686649087816
	cluster: 	0.21139597783083444
	separation:	83.77636436462403
	avg separation:	162.51279190063477
	accu: 		99.33999999999999%
	l1: 		55.78448486328125
	p dist pair: 	135.88668823242188
	above 70.00%
epoch: 	22
	joint
	train
	time: 	96.58129262924194
	cross ent: 	0.027011175463868616
	cluster: 	0.10095182125545883
	separation:	83.7328050435384
	avg separation:	162.18806553141275
	accu: 		99.505%
	l1: 		55.78448486328125
	p dist pair: 	135.84812927246094
	test
	time: 	5.120100975036621
	cross ent: 	0.03263645984377945
	cluster: 	0.21803083378224983
	separation:	84.85176620483398
	avg separation:	163.08199798583985
	accu: 		99.31%
	l1: 		55.78448486328125
	p dist pair: 	135.84812927246094
	above 70.00%
epoch: 	23
	joint
	train
	time: 	99.10654759407043
	cross ent: 	0.02699728443403728
	cluster: 	0.10362828248335669
	separation:	84.52355602010091
	avg separation:	162.55871516927084
	accu: 		99.52%
	l1: 		55.78448486328125
	p dist pair: 	135.81333923339844
	test
	time: 	4.451299428939819
	cross ent: 	0.03160644613846671
	cluster: 	0.2004811237604008
	separation:	85.30120735168457
	avg separation:	163.34666595458984
	accu: 		99.36%
	l1: 		55.78448486328125
	p dist pair: 	135.81333923339844
	above 70.00%
epoch: 	24
	joint
	train
	time: 	97.83342576026917
	cross ent: 	0.027397623445217806
	cluster: 	0.09946795891935471
	separation:	84.86244695027669
	avg separation:	162.69477553304037
	accu: 		99.49666666666667%
	l1: 		55.78448486328125
	p dist pair: 	135.80926513671875
	test
	time: 	5.131762981414795
	cross ent: 	0.031236975872307084
	cluster: 	0.21860174016590464
	separation:	85.45564559936524
	avg separation:	163.29465759277343
	accu: 		99.35000000000001%
	l1: 		55.78448486328125
	p dist pair: 	135.80926513671875
	above 70.00%
epoch: 	25
	joint
	train
	time: 	96.71667623519897
	cross ent: 	0.0273383477073318
	cluster: 	0.10931763584713917
	separation:	84.92064065551757
	avg separation:	162.72449686686198
	accu: 		99.50333333333333%
	l1: 		55.78448486328125
	p dist pair: 	135.8057098388672
	test
	time: 	5.013803958892822
	cross ent: 	0.03150440876954235
	cluster: 	0.20224476467585192
	separation:	85.48835403442382
	avg separation:	163.3148635864258
	accu: 		99.31%
	l1: 		55.78448486328125
	p dist pair: 	135.8057098388672
	above 70.00%
epoch: 	26
	joint
	train
	time: 	96.52420735359192
	cross ent: 	0.026669210655459512
	cluster: 	0.10728994947617564
	separation:	84.97323947143555
	avg separation:	162.71702119954426
	accu: 		99.495%
	l1: 		55.78448486328125
	p dist pair: 	135.8016815185547
	test
	time: 	5.101151704788208
	cross ent: 	0.032088522058329544
	cluster: 	0.21930625902372414
	separation:	85.60775405883788
	avg separation:	163.41741119384767
	accu: 		99.29%
	l1: 		55.78448486328125
	p dist pair: 	135.8016815185547
	above 70.00%
epoch: 	27
	joint
	train
	time: 	98.02847027778625
	cross ent: 	0.027584847883709396
	cluster: 	0.10364861368675095
	separation:	85.0221175028483
	avg separation:	162.76009836832682
	accu: 		99.47166666666666%
	l1: 		55.78448486328125
	p dist pair: 	135.7980499267578
	test
	time: 	4.735528469085693
	cross ent: 	0.03212947107211221
	cluster: 	0.23450397087377495
	separation:	85.6246231842041
	avg separation:	163.41667755126954
	accu: 		99.32%
	l1: 		55.78448486328125
	p dist pair: 	135.7980499267578
	above 70.00%
epoch: 	28
	joint
	train
	time: 	98.54160642623901
	cross ent: 	0.02710424231691286
	cluster: 	0.09984960982017219
	separation:	85.07835473124186
	avg separation:	162.75928684488932
	accu: 		99.47333333333333%
	l1: 		55.78448486328125
	p dist pair: 	135.7946319580078
	test
	time: 	5.441090106964111
	cross ent: 	0.03154310194251593
	cluster: 	0.20698620749230032
	separation:	85.61386085510254
	avg separation:	163.56293411254882
	accu: 		99.33999999999999%
	l1: 		55.78448486328125
	p dist pair: 	135.7946319580078
	above 70.00%
epoch: 	29
	joint
	train
	time: 	96.40067338943481
	cross ent: 	0.027748028284326817
	cluster: 	0.10028387412130056
	separation:	85.10877872721355
	avg separation:	162.77368137613934
	accu: 		99.47666666666667%
	l1: 		55.78448486328125
	p dist pair: 	135.7943878173828
	test
	time: 	5.142452716827393
	cross ent: 	0.03198651977349073
	cluster: 	0.2264447351396666
	separation:	85.67842094421387
	avg separation:	163.53058715820313
	accu: 		99.35000000000001%
	l1: 		55.78448486328125
	p dist pair: 	135.7943878173828
	above 70.00%
epoch: 	30
	joint
	train
	time: 	96.57886791229248
	cross ent: 	0.028090424114527803
	cluster: 	0.11106415891829723
	separation:	85.11109806315105
	avg separation:	162.785407023112
	accu: 		99.45833333333334%
	l1: 		55.78448486328125
	p dist pair: 	135.79417419433594
	test
	time: 	5.34464693069458
	cross ent: 	0.031340121100074614
	cluster: 	0.21237651612638728
	separation:	85.66002807617187
	avg separation:	163.239278717041
	accu: 		99.33999999999999%
	l1: 		55.78448486328125
	p dist pair: 	135.79417419433594
	above 70.00%
	push
	Executing push ...
	push time: 	33.39144849777222
	test
	time: 	5.093430757522583
	cross ent: 	0.031572266347357075
	cluster: 	0.20815109258066514
	separation:	88.61386772155761
	avg separation:	164.9447621154785
	accu: 		99.31%
	l1: 		55.78448486328125
	p dist pair: 	138.61204528808594
	above 70.00%
	last layer
iteration: 	0
	train
	time: 	32.16642212867737
	cross ent: 	0.027802398236778877
	cluster: 	0.09938900407848025
	separation:	87.9582202351888
	avg separation:	164.4586724243164
	accu: 		99.47333333333333%
	l1: 		55.638301849365234
	p dist pair: 	138.61204528808594
	test
	time: 	5.3829665184021
	cross ent: 	0.03246535814338131
	cluster: 	0.23033286281621257
	separation:	88.71226737976075
	avg separation:	165.25826171875
	accu: 		99.3%
	l1: 		55.638301849365234
	p dist pair: 	138.61204528808594
	above 70.00%
iteration: 	1
	train
	time: 	32.03075623512268
	cross ent: 	0.027773790401173757
	cluster: 	0.09881873572745827
	separation:	87.92116075642903
	avg separation:	164.4314292602539
	accu: 		99.49%
	l1: 		55.52439880371094
	p dist pair: 	138.61204528808594
	test
	time: 	5.082310676574707
	cross ent: 	0.03170874041505158
	cluster: 	0.21322399348660837
	separation:	88.63859352111817
	avg separation:	165.37314712524415
	accu: 		99.33%
	l1: 		55.52439880371094
	p dist pair: 	138.61204528808594
	above 70.00%
iteration: 	2
	train
	time: 	33.46774864196777
	cross ent: 	0.027325654241334027
	cluster: 	0.1041721267789059
	separation:	87.97132374064128
	avg separation:	164.44561267089844
	accu: 		99.50833333333333%
	l1: 		55.3827018737793
	p dist pair: 	138.61204528808594
	test
	time: 	5.212467908859253
	cross ent: 	0.030708393913519105
	cluster: 	0.20069928718512528
	separation:	88.59266059875489
	avg separation:	165.09459442138672
	accu: 		99.33999999999999%
	l1: 		55.3827018737793
	p dist pair: 	138.61204528808594
	above 70.00%
iteration: 	3
	train
	time: 	32.170406103134155
	cross ent: 	0.027676559155263628
	cluster: 	0.11015670384070836
	separation:	87.97487994384765
	avg separation:	164.45945495605469
	accu: 		99.47666666666667%
	l1: 		55.24767303466797
	p dist pair: 	138.61204528808594
	test
	time: 	5.181461811065674
	cross ent: 	0.031761906013416594
	cluster: 	0.20229743765288732
	separation:	88.62996047973633
	avg separation:	165.25300506591796
	accu: 		99.31%
	l1: 		55.24767303466797
	p dist pair: 	138.61204528808594
	above 70.00%
iteration: 	4
	train
	time: 	33.71318078041077
	cross ent: 	0.02680570432621365
	cluster: 	0.10209382476331666
	separation:	87.95455219523112
	avg separation:	164.4566743367513
	accu: 		99.49%
	l1: 		55.14204788208008
	p dist pair: 	138.61204528808594
	test
	time: 	5.171103477478027
	cross ent: 	0.031706005282176195
	cluster: 	0.2199956782379013
	separation:	88.64819000244141
	avg separation:	165.24780792236328
	accu: 		99.28%
	l1: 		55.14204788208008
	p dist pair: 	138.61204528808594
	above 70.00%
iteration: 	5
	train
	time: 	33.47184658050537
	cross ent: 	0.027556326480039084
	cluster: 	0.1105241746554772
	separation:	87.96910458374023
	avg separation:	164.4671757405599
	accu: 		99.48666666666666%
	l1: 		55.03013610839844
	p dist pair: 	138.61204528808594
	test
	time: 	5.247119665145874
	cross ent: 	0.030882899782154707
	cluster: 	0.19957865726872115
	separation:	88.53877578735352
	avg separation:	165.22739974975585
	accu: 		99.35000000000001%
	l1: 		55.03013610839844
	p dist pair: 	138.61204528808594
	above 70.00%
iteration: 	6
	train
	time: 	32.221317529678345
	cross ent: 	0.02702811142561647
	cluster: 	0.10302543870951437
	separation:	87.96465842692058
	avg separation:	164.43369559733074
	accu: 		99.515%
	l1: 		54.89860916137695
	p dist pair: 	138.61204528808594
	test
	time: 	4.380181312561035
	cross ent: 	0.03279380752501311
	cluster: 	0.21640222022571834
	separation:	88.64686408996582
	avg separation:	165.29295272827147
	accu: 		99.27%
	l1: 		54.89860916137695
	p dist pair: 	138.61204528808594
	above 70.00%
iteration: 	7
	train
	time: 	33.29577398300171
	cross ent: 	0.02716991816756005
	cluster: 	0.10057276227197144
	separation:	87.95693545532227
	avg separation:	164.45267486572266
	accu: 		99.51333333333334%
	l1: 		54.76781463623047
	p dist pair: 	138.61204528808594
	test
	time: 	5.2001683712005615
	cross ent: 	0.031551963032688944
	cluster: 	0.22292621992368367
	separation:	88.64738899230957
	avg separation:	165.30570083618164
	accu: 		99.29%
	l1: 		54.76781463623047
	p dist pair: 	138.61204528808594
	above 70.00%
iteration: 	8
	train
	time: 	33.43550419807434
	cross ent: 	0.02697955388816384
	cluster: 	0.10027936236535122
	separation:	87.95984176635743
	avg separation:	164.45994897460938
	accu: 		99.51666666666667%
	l1: 		54.62596893310547
	p dist pair: 	138.61204528808594
	test
	time: 	5.031301021575928
	cross ent: 	0.03213704802561551
	cluster: 	0.22551942861151475
	separation:	88.69379508972168
	avg separation:	165.17195571899413
	accu: 		99.3%
	l1: 		54.62596893310547
	p dist pair: 	138.61204528808594
	above 70.00%
iteration: 	9
	train
	time: 	31.467297792434692
	cross ent: 	0.026493071601493286
	cluster: 	0.09548720933462028
	separation:	87.96876677449545
	avg separation:	164.45805088297527
	accu: 		99.48166666666667%
	l1: 		54.515933990478516
	p dist pair: 	138.61204528808594
	test
	time: 	5.206597328186035
	cross ent: 	0.03108767577155959
	cluster: 	0.20960005289416586
	separation:	88.65805976867676
	avg separation:	165.12692993164063
	accu: 		99.31%
	l1: 		54.515933990478516
	p dist pair: 	138.61204528808594
	above 70.00%
iteration: 	10
	train
	time: 	33.57312059402466
	cross ent: 	0.027500883236605052
	cluster: 	0.10226151569651362
	separation:	87.97273874409993
	avg separation:	164.48721807861327
	accu: 		99.50333333333333%
	l1: 		54.39054870605469
	p dist pair: 	138.61204528808594
	test
	time: 	5.019503355026245
	cross ent: 	0.03090739214385394
	cluster: 	0.21273540828289697
	separation:	88.59784614562989
	avg separation:	165.16748748779298
	accu: 		99.33%
	l1: 		54.39054870605469
	p dist pair: 	138.61204528808594
	above 70.00%
iteration: 	11
	train
	time: 	33.65384387969971
	cross ent: 	0.026836258350211816
	cluster: 	0.10579972569851089
	separation:	87.9360685933431
	avg separation:	164.45392299397787
	accu: 		99.49%
	l1: 		54.287452697753906
	p dist pair: 	138.61204528808594
	test
	time: 	5.052290201187134
	cross ent: 	0.031259897807321975
	cluster: 	0.21149732202698943
	separation:	88.64687629699706
	avg separation:	165.27064361572266
	accu: 		99.3%
	l1: 		54.287452697753906
	p dist pair: 	138.61204528808594
	above 70.00%
iteration: 	12
	train
	time: 	31.78448247909546
	cross ent: 	0.027053159575366106
	cluster: 	0.10561129256742424
	separation:	87.98787813822429
	avg separation:	164.4742432047526
	accu: 		99.48666666666666%
	l1: 		54.15886688232422
	p dist pair: 	138.61204528808594
	test
	time: 	5.329438209533691
	cross ent: 	0.03193682129116496
	cluster: 	0.23238393011823064
	separation:	88.67115867614746
	avg separation:	165.28413864135743
	accu: 		99.32%
	l1: 		54.15886688232422
	p dist pair: 	138.61204528808594
	above 70.00%
iteration: 	13
	train
	time: 	33.91937851905823
	cross ent: 	0.026913215571354763
	cluster: 	0.10625592926581158
	separation:	87.94916283162435
	avg separation:	164.44627087402344
	accu: 		99.51166666666667%
	l1: 		54.0052490234375
	p dist pair: 	138.61204528808594
	test
	time: 	5.245136499404907
	cross ent: 	0.031174251285847276
	cluster: 	0.21463902239294838
	separation:	88.59391181945801
	avg separation:	165.14024322509766
	accu: 		99.3%
	l1: 		54.0052490234375
	p dist pair: 	138.61204528808594
	above 70.00%
iteration: 	14
	train
	time: 	33.4192681312561
	cross ent: 	0.02683793824876193
	cluster: 	0.10544457468772694
	separation:	87.96395176696777
	avg separation:	164.45584596761068
	accu: 		99.49166666666667%
	l1: 		53.882118225097656
	p dist pair: 	138.61204528808594
	test
	time: 	5.474568128585815
	cross ent: 	0.03215014880348463
	cluster: 	0.22966878666251433
	separation:	88.69360023498535
	avg separation:	165.09716049194336
	accu: 		99.22%
	l1: 		53.882118225097656
	p dist pair: 	138.61204528808594
	above 70.00%
iteration: 	15
	train
	time: 	31.991689205169678
	cross ent: 	0.026583065182203425
	cluster: 	0.0979999589320311
	separation:	87.94379396565755
	avg separation:	164.43313712565103
	accu: 		99.50333333333333%
	l1: 		53.74384307861328
	p dist pair: 	138.61204528808594
	test
	time: 	5.25191593170166
	cross ent: 	0.030685838912904728
	cluster: 	0.20554185894987312
	separation:	88.60129425048828
	avg separation:	165.04249053955078
	accu: 		99.3%
	l1: 		53.74384307861328
	p dist pair: 	138.61204528808594
	above 70.00%
iteration: 	16
	train
	time: 	34.07243084907532
	cross ent: 	0.02766832798048078
	cluster: 	0.10654448943961567
	separation:	87.96343813069662
	avg separation:	164.45016841634114
	accu: 		99.48833333333333%
	l1: 		53.62288284301758
	p dist pair: 	138.61204528808594
	test
	time: 	5.154207944869995
	cross ent: 	0.03114238296286203
	cluster: 	0.21034945607098052
	separation:	88.62196853637695
	avg separation:	165.2796238708496
	accu: 		99.31%
	l1: 		53.62288284301758
	p dist pair: 	138.61204528808594
	above 70.00%
iteration: 	17
	train
	time: 	33.22369742393494
	cross ent: 	0.027458868284282897
	cluster: 	0.10400987330303178
	separation:	87.97258681233724
	avg separation:	164.4686608276367
	accu: 		99.50333333333333%
	l1: 		53.468421936035156
	p dist pair: 	138.61204528808594
	test
	time: 	4.913381338119507
	cross ent: 	0.03153490745113231
	cluster: 	0.21905184398114216
	separation:	88.65367210388183
	avg separation:	165.2935563659668
	accu: 		99.27%
	l1: 		53.468421936035156
	p dist pair: 	138.61204528808594
	above 70.00%
iteration: 	18
	train
	time: 	32.40356421470642
	cross ent: 	0.027048219981448105
	cluster: 	0.10252563595820297
	separation:	87.96367813618978
	avg separation:	164.460531636556
	accu: 		99.495%
	l1: 		53.35740661621094
	p dist pair: 	138.61204528808594
	test
	time: 	5.20289945602417
	cross ent: 	0.03028206193441292
	cluster: 	0.20387321292917476
	separation:	88.59945304870605
	avg separation:	165.10098175048827
	accu: 		99.33%
	l1: 		53.35740661621094
	p dist pair: 	138.61204528808594
	above 70.00%
iteration: 	19
	train
	time: 	33.319464683532715
	cross ent: 	0.026094090637052432
	cluster: 	0.09822956706806629
	separation:	87.93945989990235
	avg separation:	164.44260544840495
	accu: 		99.51166666666667%
	l1: 		53.251731872558594
	p dist pair: 	138.61204528808594
	test
	time: 	5.5835185050964355
	cross ent: 	0.03162912267143838
	cluster: 	0.22973446634146966
	separation:	88.7129062652588
	avg separation:	165.249962310791
	accu: 		99.3%
	l1: 		53.251731872558594
	p dist pair: 	138.61204528808594
	above 70.00%
