training set size: 360000
push set size: 60000
test set size: 10000
batch size: 80
start training
epoch: 	0
	warm
	train
training set size: 369673
push set size: 60000
test set size: 10000
batch size: 80
training set size: 360000
push set size: 60000
test set size: 10000
batch size: 80
start training
epoch: 	0
	warm
	train
training set size: 360000
push set size: 60000
test set size: 10000
batch size: 80
start training
epoch: 	0
	warm
	train
training set size: 360000
push set size: 60000
test set size: 10000
batch size: 80
start training
epoch: 	0
	warm
	train
training set size: 369673
push set size: 60000
test set size: 10000
batch size: 80
training set size: 369673
push set size: 60000
test set size: 10000
batch size: 80
training set size: 360000
push set size: 60000
test set size: 10000
batch size: 80
start training
epoch: 	0
	warm
	train
	time: 	686.5658376216888
	cross ent: 	0.606692924618721
	cluster: 	0.12389388030394911
	separation:	0.14951611552304692
	avg separation:	10.65859265115526
	accu: 		67.01916666666666%
	l1: 		9.0
	p dist pair: 	14.093542098999023
	test
	time: 	5.538602113723755
	cross ent: 	0.5962817972898483
	cluster: 	0.04913105368614197
	separation:	0.06479944173246623
	avg separation:	10.61822413444519
	accu: 		69.58%
	l1: 		9.0
	p dist pair: 	14.093542098999023
epoch: 	1
	joint
	train
training set size: 360000
push set size: 60000
test set size: 10000
batch size: 80
start training
epoch: 	0
	warm
	train
training set size: 360000
push set size: 60000
test set size: 10000
batch size: 80
training set size: 360000
push set size: 60000
test set size: 10000
batch size: 80
start training
epoch: 	0
	warm
	train
training set size: 360000
push set size: 60000
test set size: 10000
batch size: 80
start training
epoch: 	0
	warm
	train
training set size: 360000
push set size: 60000
test set size: 10000
batch size: 80
start training
epoch: 	0
	warm
	train
training set size: 360000
push set size: 60000
test set size: 10000
batch size: 80
start training
epoch: 	0
	warm
	train
training set size: 360000
push set size: 60000
test set size: 10000
batch size: 80
start training
epoch: 	0
	warm
	train
training set size: 360000
push set size: 60000
test set size: 10000
batch size: 80
start training
epoch: 	0
	warm
	train
