training set size: 60000
push set size: 60000
test set size: 10000
batch size: 80
start training
epoch: 	0
	warm
	train
	time: 	71.17971682548523
	cross ent: 	0.6689724934101104
	cluster: 	11.940618201839428
	separation:	12.39915140598764
	avg separation:	111.56794783528646
	accu: 		64.86%
	l1: 		9.0
	p dist pair: 	172.3287353515625
	test
	time: 	11.560094356536865
	cross ent: 	0.6566687178611755
	cluster: 	0.027036290913820267
	separation:	0.029002782553434373
	avg separation:	106.42935096740723
	accu: 		64.79%
	l1: 		9.0
	p dist pair: 	172.3287353515625
epoch: 	1
	joint
	train
	time: 	208.84649682044983
	cross ent: 	0.6528679653008779
	cluster: 	0.03397187355409066
	separation:	0.039117527907093365
	avg separation:	117.31446236165364
	accu: 		65.47%
	l1: 		9.0
	p dist pair: 	182.2263946533203
	test
	time: 	11.731950044631958
	cross ent: 	0.6641399693489075
	cluster: 	0.04339269913733006
	separation:	0.04668343409895897
	avg separation:	121.47910110473633
	accu: 		62.2%
	l1: 		9.0
	p dist pair: 	182.2263946533203
epoch: 	2
	joint
	train
	time: 	209.3097915649414
	cross ent: 	0.6506127925713857
	cluster: 	0.025230141640951238
	separation:	0.029082257536550363
	avg separation:	129.54213674926757
	accu: 		65.72833333333334%
	l1: 		9.0
	p dist pair: 	193.99844360351562
	test
	time: 	12.041259050369263
	cross ent: 	0.659415392279625
	cluster: 	0.026010411959141493
	separation:	0.03114413971081376
	avg separation:	133.64437660217285
	accu: 		64.85%
	l1: 		9.0
	p dist pair: 	193.99844360351562
epoch: 	3
	joint
	train
	time: 	208.54571533203125
	cross ent: 	0.6528670741717021
	cluster: 	0.032405920875569184
	separation:	0.03725033017496268
	avg separation:	137.54137426757814
	accu: 		65.23833333333333%
	l1: 		9.0
	p dist pair: 	206.1708984375
	test
	time: 	11.526412725448608
	cross ent: 	0.6558449205756187
	cluster: 	0.024393077995628117
	separation:	0.028894957825541495
	avg separation:	143.13520656585695
	accu: 		64.85%
	l1: 		9.0
	p dist pair: 	206.1708984375
epoch: 	4
	joint
	train
	time: 	208.7515811920166
	cross ent: 	0.6515169943968455
	cluster: 	0.030702688078085582
	separation:	0.03538787086804708
	avg separation:	148.59470229085287
	accu: 		65.63%
	l1: 		9.0
	p dist pair: 	217.7930908203125
	test
	time: 	11.929374694824219
	cross ent: 	0.657596480846405
	cluster: 	0.03174139333888888
	separation:	0.03380701830610633
	avg separation:	152.41791091918947
	accu: 		64.85%
	l1: 		9.0
	p dist pair: 	217.7930908203125
epoch: 	5
	joint
	train
	time: 	209.17163228988647
	cross ent: 	0.6405511444409688
	cluster: 	0.01499715193361044
	separation:	0.017277596355726323
	avg separation:	154.02944801839192
	accu: 		66.16499999999999%
	l1: 		9.0
	p dist pair: 	217.45838928222656
	test
	time: 	12.121642112731934
	cross ent: 	0.6486339712142944
	cluster: 	0.010929711628705263
	separation:	0.012399780005216599
	avg separation:	151.89957752227784
	accu: 		64.85%
	l1: 		9.0
	p dist pair: 	217.45838928222656
	push
	Executing push ...
	push time: 	69.1488184928894
	test
	time: 	12.053605556488037
	cross ent: 	0.8733264337480068
	cluster: 	2.243652277684305e-05
	separation:	2.243652277684305e-05
	avg separation:	0.13804157584905624
	accu: 		64.53%
	l1: 		9.0
	p dist pair: 	0.4229162037372589
	last layer
iteration: 	0
	train
	time: 	68.05487418174744
	cross ent: 	0.7275518780549367
	cluster: 	2.19340010629215e-05
	separation:	2.19340010629215e-05
	avg separation:	0.1391930847565333
	accu: 		62.324999999999996%
	l1: 		8.952293395996094
	p dist pair: 	0.4229162037372589
	test
	time: 	11.623646259307861
	cross ent: 	0.7085434412956237
	cluster: 	2.1228026780590882e-05
	separation:	2.1228026780590882e-05
	avg separation:	0.13850080147385596
	accu: 		60.34%
	l1: 		8.952293395996094
	p dist pair: 	0.4229162037372589
iteration: 	1
	train
	time: 	68.54276275634766
	cross ent: 	0.704551930030187
	cluster: 	2.2367350699520708e-05
	separation:	2.2367350699520708e-05
	avg separation:	0.13929050356149675
	accu: 		60.56333333333333%
	l1: 		8.858100891113281
	p dist pair: 	0.4229162037372589
	test
	time: 	12.015312671661377
	cross ent: 	0.7048168081045151
	cluster: 	2.0849608858952706e-05
	separation:	2.0849608858952706e-05
	avg separation:	0.13900108873844147
	accu: 		60.38%
	l1: 		8.858100891113281
	p dist pair: 	0.4229162037372589
iteration: 	2
	train
	time: 	68.05265974998474
	cross ent: 	0.7007676746050516
	cluster: 	2.206014038165449e-05
	separation:	2.206014038165449e-05
	avg separation:	0.13929063308238984
	accu: 		60.91166666666666%
	l1: 		8.753376007080078
	p dist pair: 	0.4229162037372589
	test
	time: 	11.601924180984497
	cross ent: 	0.7028052496910095
	cluster: 	2.2351073530444408e-05
	separation:	2.2351073530444408e-05
	avg separation:	0.13833443224430084
	accu: 		59.919999999999995%
	l1: 		8.753376007080078
	p dist pair: 	0.4229162037372589
iteration: 	3
	train
	time: 	68.22191834449768
	cross ent: 	0.6971730083624522
	cluster: 	2.2408040781253174e-05
	separation:	2.2408040781253174e-05
	avg separation:	0.13929322783152262
	accu: 		60.99333333333333%
	l1: 		8.645625114440918
	p dist pair: 	0.4229162037372589
	test
	time: 	11.203640460968018
	cross ent: 	0.6989731875061989
	cluster: 	1.9995116731479355e-05
	separation:	1.9995116731479355e-05
	avg separation:	0.1391018570959568
	accu: 		60.49%
	l1: 		8.645625114440918
	p dist pair: 	0.4229162037372589
iteration: 	4
	train
	time: 	68.11412978172302
	cross ent: 	0.6945178396701813
	cluster: 	2.1901448962429034e-05
	separation:	2.1901448962429034e-05
	avg separation:	0.1393768969277541
	accu: 		61.14333333333334%
	l1: 		8.537833213806152
	p dist pair: 	0.4229162037372589
	test
	time: 	12.062572240829468
	cross ent: 	0.6968877989053727
	cluster: 	2.161865174457489e-05
	separation:	2.161865174457489e-05
	avg separation:	0.13849364414811136
	accu: 		60.519999999999996%
	l1: 		8.537833213806152
	p dist pair: 	0.4229162037372589
iteration: 	5
	train
	time: 	68.34150528907776
	cross ent: 	0.6916478565533956
	cluster: 	2.2025553840042753e-05
	separation:	2.2025553840042753e-05
	avg separation:	0.13923109337687492
	accu: 		61.425%
	l1: 		8.434165954589844
	p dist pair: 	0.4229162037372589
	test
	time: 	11.550705909729004
	cross ent: 	0.6951386827230454
	cluster: 	2.1838378381744404e-05
	separation:	2.1838378381744404e-05
	avg separation:	0.13869278505444527
	accu: 		61.08%
	l1: 		8.434165954589844
	p dist pair: 	0.4229162037372589
iteration: 	6
	train
	time: 	68.45430445671082
	cross ent: 	0.6896382087866465
	cluster: 	2.1956380622214056e-05
	separation:	2.1956380622214056e-05
	avg separation:	0.13924521867434184
	accu: 		61.515%
	l1: 		8.330744743347168
	p dist pair: 	0.4229162037372589
	test
	time: 	11.775660276412964
	cross ent: 	0.6930206850171089
	cluster: 	2.1984862733006595e-05
	separation:	2.1984862733006595e-05
	avg separation:	0.13847185008227825
	accu: 		61.23%
	l1: 		8.330744743347168
	p dist pair: 	0.4229162037372589
iteration: 	7
	train
	time: 	68.96015882492065
	cross ent: 	0.6864161322116852
	cluster: 	2.2605387792888602e-05
	separation:	2.2605387792888602e-05
	avg separation:	0.13928706605235736
	accu: 		61.653333333333336%
	l1: 		8.228084564208984
	p dist pair: 	0.4229162037372589
	test
	time: 	12.069349765777588
	cross ent: 	0.6896921950578689
	cluster: 	2.375488225425215e-05
	separation:	2.375488225425215e-05
	avg separation:	0.1386835815012455
	accu: 		61.1%
	l1: 		8.228084564208984
	p dist pair: 	0.4229162037372589
iteration: 	8
	train
	time: 	68.66536045074463
	cross ent: 	0.683427738904953
	cluster: 	2.1936035585895296e-05
	separation:	2.1936035585895296e-05
	avg separation:	0.13930698840816816
	accu: 		61.94666666666667%
	l1: 		8.12838363647461
	p dist pair: 	0.4229162037372589
	test
	time: 	11.7142653465271
	cross ent: 	0.6867551222443581
	cluster: 	2.1630858855132827e-05
	separation:	2.1630858855132827e-05
	avg separation:	0.13875584334135055
	accu: 		61.27%
	l1: 		8.12838363647461
	p dist pair: 	0.4229162037372589
iteration: 	9
	train
	time: 	68.84877943992615
	cross ent: 	0.6815245124499003
	cluster: 	2.2456868910012416e-05
	separation:	2.2456868910012416e-05
	avg separation:	0.13929460566242535
	accu: 		61.92999999999999%
	l1: 		8.029998779296875
	p dist pair: 	0.4229162037372589
	test
	time: 	11.966870307922363
	cross ent: 	0.6853461289405822
	cluster: 	2.2497557911265175e-05
	separation:	2.2497557911265175e-05
	avg separation:	0.13888447761535644
	accu: 		61.46%
	l1: 		8.029998779296875
	p dist pair: 	0.4229162037372589
iteration: 	10
	train
	time: 	67.93823885917664
	cross ent: 	0.679365014076233
	cluster: 	2.184651732113707e-05
	separation:	2.184651732113707e-05
	avg separation:	0.13930767126878102
	accu: 		62.029999999999994%
	l1: 		7.934891223907471
	p dist pair: 	0.4229162037372589
	test
	time: 	11.56678581237793
	cross ent: 	0.6836339771747589
	cluster: 	2.299804626090918e-05
	separation:	2.299804626090918e-05
	avg separation:	0.13827388875186444
	accu: 		61.36000000000001%
	l1: 		7.934891223907471
	p dist pair: 	0.4229162037372589
iteration: 	11
	train
	time: 	68.33140969276428
	cross ent: 	0.6776946391264598
	cluster: 	2.2373454190528717e-05
	separation:	2.2373454190528717e-05
	avg separation:	0.13922657988468806
	accu: 		62.23333333333333%
	l1: 		7.840867042541504
	p dist pair: 	0.4229162037372589
	test
	time: 	11.858348369598389
	cross ent: 	0.6806797182559967
	cluster: 	2.2668456372230138e-05
	separation:	2.2668456372230138e-05
	avg separation:	0.13842916704714298
	accu: 		61.59%
	l1: 		7.840867042541504
	p dist pair: 	0.4229162037372589
iteration: 	12
	train
	time: 	68.279705286026
	cross ent: 	0.676342988729477
	cluster: 	2.1720377993005967e-05
	separation:	2.1720377993005967e-05
	avg separation:	0.13924110154310862
	accu: 		62.351666666666674%
	l1: 		7.747983932495117
	p dist pair: 	0.4229162037372589
	test
	time: 	11.47661280632019
	cross ent: 	0.679779795408249
	cluster: 	2.128906190591806e-05
	separation:	2.128906190591806e-05
	avg separation:	0.1384871143102646
	accu: 		61.86000000000001%
	l1: 		7.747983932495117
	p dist pair: 	0.4229162037372589
iteration: 	13
	train
	time: 	68.51678323745728
	cross ent: 	0.6739955626328786
	cluster: 	2.1663411842079465e-05
	separation:	2.1663411842079465e-05
	avg separation:	0.13930610846479735
	accu: 		62.61%
	l1: 		7.658773422241211
	p dist pair: 	0.4229162037372589
	test
	time: 	12.11880898475647
	cross ent: 	0.6786873915791511
	cluster: 	2.2216796332941156e-05
	separation:	2.2216796332941156e-05
	avg separation:	0.1381392616033554
	accu: 		62.09%
	l1: 		7.658773422241211
	p dist pair: 	0.4229162037372589
iteration: 	14
	train
	time: 	67.79692101478577
	cross ent: 	0.6720043868223826
	cluster: 	2.179768919813796e-05
	separation:	2.179768919813796e-05
	avg separation:	0.1392968619366487
	accu: 		62.84333333333333%
	l1: 		7.5720624923706055
	p dist pair: 	0.4229162037372589
	test
	time: 	11.564614057540894
	cross ent: 	0.6764356905221939
	cluster: 	2.1264647934913227e-05
	separation:	2.1264647934913227e-05
	avg separation:	0.13817795097827912
	accu: 		62.019999999999996%
	l1: 		7.5720624923706055
	p dist pair: 	0.4229162037372589
iteration: 	15
	train
	time: 	68.24937629699707
	cross ent: 	0.6703817530473073
	cluster: 	2.208658893687243e-05
	separation:	2.208658893687243e-05
	avg separation:	0.1393157193561395
	accu: 		62.79%
	l1: 		7.486845970153809
	p dist pair: 	0.4229162037372589
	test
	time: 	12.06141209602356
	cross ent: 	0.6747673267126083
	cluster: 	2.1643065747412037e-05
	separation:	2.1643065747412037e-05
	avg separation:	0.1384043940156698
	accu: 		62.22%
	l1: 		7.486845970153809
	p dist pair: 	0.4229162037372589
iteration: 	16
	train
	time: 	68.50739288330078
	cross ent: 	0.6689832226435344
	cluster: 	2.206014038650513e-05
	separation:	2.206014038650513e-05
	avg separation:	0.1392499784330527
	accu: 		62.92833333333333%
	l1: 		7.404180526733398
	p dist pair: 	0.4229162037372589
	test
	time: 	11.666672468185425
	cross ent: 	0.6732670968770981
	cluster: 	2.2790526786593544e-05
	separation:	2.2790526786593544e-05
	avg separation:	0.13860402934253216
	accu: 		62.529999999999994%
	l1: 		7.404180526733398
	p dist pair: 	0.4229162037372589
iteration: 	17
	train
	time: 	68.41851162910461
	cross ent: 	0.6676031446456909
	cluster: 	2.2243245867988055e-05
	separation:	2.2243245867988055e-05
	avg separation:	0.13924663272500037
	accu: 		63.17%
	l1: 		7.324160575866699
	p dist pair: 	0.4229162037372589
	test
	time: 	11.803746938705444
	cross ent: 	0.6726272293925285
	cluster: 	2.1191405667195796e-05
	separation:	2.1191405667195796e-05
	avg separation:	0.13812480710446834
	accu: 		62.38%
	l1: 		7.324160575866699
	p dist pair: 	0.4229162037372589
iteration: 	18
	train
	time: 	68.87661409378052
	cross ent: 	0.6668576557636261
	cluster: 	2.1948242583675892e-05
	separation:	2.1948242583675892e-05
	avg separation:	0.13923561870058376
	accu: 		63.256666666666675%
	l1: 		7.245632648468018
	p dist pair: 	0.4229162037372589
	test
	time: 	12.064881563186646
	cross ent: 	0.6714448642730713
	cluster: 	2.1862792409592656e-05
	separation:	2.1862792409592656e-05
	avg separation:	0.13817187793552876
	accu: 		62.6%
	l1: 		7.245632648468018
	p dist pair: 	0.4229162037372589
iteration: 	19
	train
	time: 	68.05013012886047
	cross ent: 	0.6658240536053975
	cluster: 	2.226562537028561e-05
	separation:	2.226562537028561e-05
	avg separation:	0.1392746049662431
	accu: 		63.305%
	l1: 		7.169834136962891
	p dist pair: 	0.4229162037372589
	test
	time: 	11.594242572784424
	cross ent: 	0.6700225058197975
	cluster: 	2.292480401592911e-05
	separation:	2.292480401592911e-05
	avg separation:	0.1381612219661474
	accu: 		62.64999999999999%
	l1: 		7.169834136962891
	p dist pair: 	0.4229162037372589
epoch: 	6
	joint
	train
	time: 	209.2793800830841
	cross ent: 	0.28741183871527515
	cluster: 	0.01343246685695097
	separation:	0.029594869485990785
	avg separation:	0.2303419661919276
	accu: 		87.55833333333334%
	l1: 		7.169834136962891
	p dist pair: 	0.553168773651123
	test
	time: 	11.714420795440674
	cross ent: 	0.07907880317419767
	cluster: 	0.002842199659207836
	separation:	0.03469266270520165
	avg separation:	0.20451906740665435
	accu: 		97.98%
	l1: 		7.169834136962891
	p dist pair: 	0.553168773651123
	above 70.00%
epoch: 	7
	joint
	train
	time: 	209.1293489933014
	cross ent: 	0.04081961093780895
	cluster: 	0.002529099572605143
	separation:	0.07061090414226055
	avg separation:	0.2515973385771116
	accu: 		98.995%
	l1: 		7.169834136962891
	p dist pair: 	0.6421151161193848
	test
	time: 	11.36845850944519
	cross ent: 	0.058707664622925225
	cluster: 	0.0034061766846571117
	separation:	0.1250687960954383
	avg separation:	0.3066713300347328
	accu: 		98.31%
	l1: 		7.169834136962891
	p dist pair: 	0.6421151161193848
	above 70.00%
epoch: 	8
	joint
	train
	time: 	208.82504677772522
	cross ent: 	0.01986611449625343
	cluster: 	0.0030735677575382094
	separation:	0.2153473203877608
	avg separation:	0.4283348030646642
	accu: 		99.54333333333332%
	l1: 		7.169834136962891
	p dist pair: 	1.1288418769836426
	test
	time: 	12.194778442382812
	cross ent: 	0.04946917379274964
	cluster: 	0.006379077017772943
	separation:	0.31751184549182654
	avg separation:	0.615876910686493
	accu: 		98.56%
	l1: 		7.169834136962891
	p dist pair: 	1.1288418769836426
	above 70.00%
epoch: 	9
	joint
	train
	time: 	208.9628975391388
	cross ent: 	0.015846957731371125
	cluster: 	0.006200994985488554
	separation:	0.7578786232471466
	avg separation:	1.2593617297013602
	accu: 		99.65666666666667%
	l1: 		7.169834136962891
	p dist pair: 	3.2220218181610107
	test
	time: 	11.665524005889893
	cross ent: 	0.07798177072778344
	cluster: 	0.031162499270867557
	separation:	1.4136704184859992
	avg separation:	2.3198371958732604
	accu: 		97.72%
	l1: 		7.169834136962891
	p dist pair: 	3.2220218181610107
	above 70.00%
epoch: 	10
	joint
	train
	time: 	209.24277567863464
	cross ent: 	0.010438775832764804
	cluster: 	0.009827282854666313
	separation:	1.9836624935468037
	avg separation:	2.826138847351074
	accu: 		99.83166666666666%
	l1: 		7.169834136962891
	p dist pair: 	3.829707145690918
	test
	time: 	11.566270112991333
	cross ent: 	0.07685351196676493
	cluster: 	0.02384532425785437
	separation:	2.2002905487082898
	avg separation:	3.1111479091644285
	accu: 		98.35000000000001%
	l1: 		7.169834136962891
	p dist pair: 	3.829707145690918
	above 70.00%
	push
	Executing push ...
	push time: 	68.7923309803009
	test
	time: 	11.731581687927246
	cross ent: 	0.1171480992101715
	cluster: 	0.0012034911799128167
	separation:	0.04176671044639079
	avg separation:	1.8506368738412857
	accu: 		97.94%
	l1: 		7.169834136962891
	p dist pair: 	2.399264335632324
	above 70.00%
	last layer
iteration: 	0
	train
	time: 	68.66202735900879
	cross ent: 	0.01789088873984292
	cluster: 	0.0004984212319056193
	separation:	0.042312460064888
	avg separation:	1.8790823715527853
	accu: 		99.725%
	l1: 		7.328549385070801
	p dist pair: 	2.399264335632324
	test
	time: 	12.06773042678833
	cross ent: 	0.09966422104160301
	cluster: 	0.001223181128152646
	separation:	0.04172504800386378
	avg separation:	1.8520079880952836
	accu: 		98.24000000000001%
	l1: 		7.328549385070801
	p dist pair: 	2.399264335632324
	above 70.00%
iteration: 	1
	train
	time: 	68.3350236415863
	cross ent: 	0.009530334828188642
	cluster: 	0.0004965413492949059
	separation:	0.04231568672259649
	avg separation:	1.8793555963834128
	accu: 		99.85000000000001%
	l1: 		7.399817943572998
	p dist pair: 	2.399264335632324
	test
	time: 	11.937270402908325
	cross ent: 	0.088438716706587
	cluster: 	0.001195117162715178
	separation:	0.04160672514772159
	avg separation:	1.8460734140872956
	accu: 		98.31%
	l1: 		7.399817943572998
	p dist pair: 	2.399264335632324
	above 70.00%
iteration: 	2
	train
	time: 	68.3558394908905
	cross ent: 	0.007503261060997223
	cluster: 	0.0004990621001149218
	separation:	0.042347302918632826
	avg separation:	1.8788449233373006
	accu: 		99.86500000000001%
	l1: 		7.452922821044922
	p dist pair: 	2.399264335632324
	test
	time: 	11.831153154373169
	cross ent: 	0.08795181985304225
	cluster: 	0.0012040649127447978
	separation:	0.04167034803977003
	avg separation:	1.849451512694359
	accu: 		98.4%
	l1: 		7.452922821044922
	p dist pair: 	2.399264335632324
	above 70.00%
iteration: 	3
	train
	time: 	67.78640580177307
	cross ent: 	0.0062735279052673525
	cluster: 	0.0005009216392645612
	separation:	0.04231280589103699
	avg separation:	1.879289699713389
	accu: 		99.89166666666667%
	l1: 		7.497130870819092
	p dist pair: 	2.399264335632324
	test
	time: 	12.082186222076416
	cross ent: 	0.08761702691030222
	cluster: 	0.0012073852308094502
	separation:	0.04172244781308109
	avg separation:	1.8508333241939545
	accu: 		98.38%
	l1: 		7.497130870819092
	p dist pair: 	2.399264335632324
	above 70.00%
iteration: 	4
	train
	time: 	68.08027148246765
	cross ent: 	0.005658800330711529
	cluster: 	0.0004963826580593984
	separation:	0.042329374971489114
	avg separation:	1.8792801823616028
	accu: 		99.895%
	l1: 		7.539127349853516
	p dist pair: 	2.399264335632324
	test
	time: 	11.905764818191528
	cross ent: 	0.08543251513212453
	cluster: 	0.0012075439203181305
	separation:	0.041702879625372585
	avg separation:	1.8511592555046081
	accu: 		98.46000000000001%
	l1: 		7.539127349853516
	p dist pair: 	2.399264335632324
	above 70.00%
iteration: 	5
	train
	time: 	68.30146265029907
	cross ent: 	0.005389992536821713
	cluster: 	0.0005039143960069245
	separation:	0.04235349405060212
	avg separation:	1.87944225136439
	accu: 		99.89666666666666%
	l1: 		7.578489303588867
	p dist pair: 	2.399264335632324
	test
	time: 	11.384076595306396
	cross ent: 	0.08350689430371858
	cluster: 	0.0012242431452614256
	separation:	0.04172127582365647
	avg separation:	1.850248316526413
	accu: 		98.42999999999999%
	l1: 		7.578489303588867
	p dist pair: 	2.399264335632324
	above 70.00%
iteration: 	6
	train
	time: 	68.44137644767761
	cross ent: 	0.0054860981674088784
	cluster: 	0.0004975443596097951
	separation:	0.042306574210524556
	avg separation:	1.8793295984268188
	accu: 		99.89333333333333%
	l1: 		7.617020130157471
	p dist pair: 	2.399264335632324
	test
	time: 	11.795431137084961
	cross ent: 	0.08396944787120447
	cluster: 	0.001197717253526207
	separation:	0.04165173246365157
	avg separation:	1.8481159543991088
	accu: 		98.53%
	l1: 		7.617020130157471
	p dist pair: 	2.399264335632324
	above 70.00%
iteration: 	7
	train
	time: 	68.31183314323425
	cross ent: 	0.005261248174123466
	cluster: 	0.0005001709065012013
	separation:	0.04234066229561965
	avg separation:	1.8796821285883585
	accu: 		99.89666666666666%
	l1: 		7.657562732696533
	p dist pair: 	2.399264335632324
	test
	time: 	12.063965320587158
	cross ent: 	0.08409866056172177
	cluster: 	0.0011846435323241166
	separation:	0.04163787754703662
	avg separation:	1.8490662974119187
	accu: 		98.47%
	l1: 		7.657562732696533
	p dist pair: 	2.399264335632324
	above 70.00%
iteration: 	8
	train
	time: 	68.14986991882324
	cross ent: 	0.005232991617172956
	cluster: 	0.0005014546794506411
	separation:	0.04232670770585537
	avg separation:	1.879248085975647
	accu: 		99.895%
	l1: 		7.698043346405029
	p dist pair: 	2.399264335632324
	test
	time: 	11.99748158454895
	cross ent: 	0.08379014255129733
	cluster: 	0.001197094704839401
	separation:	0.04168890281725908
	avg separation:	1.8492194908857345
	accu: 		98.47%
	l1: 		7.698043346405029
	p dist pair: 	2.399264335632324
	above 70.00%
iteration: 	9
	train
	time: 	68.25856423377991
	cross ent: 	0.004964049785941218
	cluster: 	0.0004922485431889072
	separation:	0.042323179890712104
	avg separation:	1.8791728111902872
	accu: 		99.90666666666667%
	l1: 		7.733284950256348
	p dist pair: 	2.399264335632324
	test
	time: 	11.617369174957275
	cross ent: 	0.08422486218158155
	cluster: 	0.0011873656939133071
	separation:	0.04169785084814066
	avg separation:	1.8495609807968139
	accu: 		98.5%
	l1: 		7.733284950256348
	p dist pair: 	2.399264335632324
	above 70.00%
iteration: 	10
	train
	time: 	68.13332176208496
	cross ent: 	0.004850934693279366
	cluster: 	0.0004999674560191731
	separation:	0.04230973181128502
	avg separation:	1.8791087727546691
	accu: 		99.91%
	l1: 		7.773576736450195
	p dist pair: 	2.399264335632324
	test
	time: 	11.635346412658691
	cross ent: 	0.08572472401661799
	cluster: 	0.001209045383729972
	separation:	0.04170634675974725
	avg separation:	1.8512107008695602
	accu: 		98.5%
	l1: 		7.773576736450195
	p dist pair: 	2.399264335632324
	above 70.00%
iteration: 	11
	train
	time: 	68.23217368125916
	cross ent: 	0.0050041902787052095
	cluster: 	0.000504593920467111
	separation:	0.042325460478663444
	avg separation:	1.8792075757980347
	accu: 		99.90166666666667%
	l1: 		7.804437637329102
	p dist pair: 	2.399264335632324
	test
	time: 	11.678966522216797
	cross ent: 	0.08316535314079374
	cluster: 	0.0012133910800912417
	separation:	0.041688793096400334
	avg separation:	1.849011155962944
	accu: 		98.54%
	l1: 		7.804437637329102
	p dist pair: 	2.399264335632324
	above 70.00%
iteration: 	12
	train
	time: 	68.68753218650818
	cross ent: 	0.004815237239080792
	cluster: 	0.0005007141195625688
	separation:	0.0423321539858977
	avg separation:	1.8789810676574707
	accu: 		99.90333333333334%
	l1: 		7.831549644470215
	p dist pair: 	2.399264335632324
	test
	time: 	11.69638967514038
	cross ent: 	0.08669261231087148
	cluster: 	0.0011996581769199112
	separation:	0.041699742747150596
	avg separation:	1.8494579124450683
	accu: 		98.52%
	l1: 		7.831549644470215
	p dist pair: 	2.399264335632324
	above 70.00%
iteration: 	13
	train
	time: 	68.10374689102173
	cross ent: 	0.004890727404737845
	cluster: 	0.0004972676688339561
	separation:	0.04231793090701103
	avg separation:	1.8790432627995808
	accu: 		99.895%
	l1: 		7.854623317718506
	p dist pair: 	2.399264335632324
	test
	time: 	12.054274082183838
	cross ent: 	0.08638626253115944
	cluster: 	0.001210583470237907
	separation:	0.041709679290361235
	avg separation:	1.849489445090294
	accu: 		98.5%
	l1: 		7.854623317718506
	p dist pair: 	2.399264335632324
	above 70.00%
iteration: 	14
	train
	time: 	68.12004017829895
	cross ent: 	0.004948402631018932
	cluster: 	0.0004994832440279424
	separation:	0.04231085888048013
	avg separation:	1.879219929854075
	accu: 		99.90166666666667%
	l1: 		7.873149871826172
	p dist pair: 	2.399264335632324
	test
	time: 	11.625155687332153
	cross ent: 	0.08817444182466716
	cluster: 	0.0012143188223126345
	separation:	0.04168480131382239
	avg separation:	1.850867856144905
	accu: 		98.5%
	l1: 		7.873149871826172
	p dist pair: 	2.399264335632324
	above 70.00%
iteration: 	15
	train
	time: 	68.47186160087585
	cross ent: 	0.0049119641124270854
	cluster: 	0.0005009725013514981
	separation:	0.04232276889185111
	avg separation:	1.8794615464210511
	accu: 		99.89166666666667%
	l1: 		7.8922038078308105
	p dist pair: 	2.399264335632324
	test
	time: 	12.160249710083008
	cross ent: 	0.08713031749415677
	cluster: 	0.0012186278993613086
	separation:	0.041713487587549024
	avg separation:	1.849391742348671
	accu: 		98.5%
	l1: 		7.8922038078308105
	p dist pair: 	2.399264335632324
	above 70.00%
iteration: 	16
	train
	time: 	68.37223672866821
	cross ent: 	0.004818355567986146
	cluster: 	0.0004947733642766252
	separation:	0.04231788611660401
	avg separation:	1.8790361568133036
	accu: 		99.90333333333334%
	l1: 		7.9036173820495605
	p dist pair: 	2.399264335632324
	test
	time: 	11.707635402679443
	cross ent: 	0.08789406955766026
	cluster: 	0.0011875854199752212
	separation:	0.04167026273498777
	avg separation:	1.8487483781576157
	accu: 		98.52%
	l1: 		7.9036173820495605
	p dist pair: 	2.399264335632324
	above 70.00%
iteration: 	17
	train
	time: 	68.30897235870361
	cross ent: 	0.00479976371404094
	cluster: 	0.0005008077068099131
	separation:	0.042355093071858085
	avg separation:	1.8789989533424378
	accu: 		99.90333333333334%
	l1: 		7.9154253005981445
	p dist pair: 	2.399264335632324
	test
	time: 	11.769738674163818
	cross ent: 	0.08970124650863
	cluster: 	0.001250805625168141
	separation:	0.04176629573325044
	avg separation:	1.8523302280902862
	accu: 		98.47%
	l1: 		7.9154253005981445
	p dist pair: 	2.399264335632324
	above 70.00%
iteration: 	18
	train
	time: 	67.77033877372742
	cross ent: 	0.004648225026981284
	cluster: 	0.0004984497150483852
	separation:	0.04231126580139001
	avg separation:	1.8793073142369587
	accu: 		99.90166666666667%
	l1: 		7.925703048706055
	p dist pair: 	2.399264335632324
	test
	time: 	11.534273386001587
	cross ent: 	0.0884208324435167
	cluster: 	0.0012029784865444527
	separation:	0.041699352068681035
	avg separation:	1.849558972120285
	accu: 		98.5%
	l1: 		7.925703048706055
	p dist pair: 	2.399264335632324
	above 70.00%
iteration: 	19
	train
	time: 	68.46221709251404
	cross ent: 	0.004518218263906117
	cluster: 	0.0004978413981928801
	separation:	0.04233326083918412
	avg separation:	1.879272267182668
	accu: 		99.90833333333333%
	l1: 		7.9338812828063965
	p dist pair: 	2.399264335632324
	test
	time: 	11.726952075958252
	cross ent: 	0.09173357622639741
	cluster: 	0.0012088378658518194
	separation:	0.0417222282300645
	avg separation:	1.8508085173368454
	accu: 		98.50999999999999%
	l1: 		7.9338812828063965
	p dist pair: 	2.399264335632324
	above 70.00%
epoch: 	11
	joint
	train
	time: 	209.74780678749084
	cross ent: 	0.004426427166375409
	cluster: 	0.00043950602969077104
	separation:	0.06181994123756886
	avg separation:	1.862760446548462
	accu: 		99.90166666666667%
	l1: 		7.9338812828063965
	p dist pair: 	2.3831605911254883
	test
	time: 	11.58201003074646
	cross ent: 	0.08807247250457294
	cluster: 	0.0018179931142367422
	separation:	0.08809177096438361
	avg separation:	1.8580215698480607
	accu: 		98.50999999999999%
	l1: 		7.9338812828063965
	p dist pair: 	2.3831605911254883
	above 70.00%
epoch: 	12
	joint
	train
	time: 	209.37509870529175
	cross ent: 	0.0035725510846629427
	cluster: 	0.0005108134037000127
	separation:	0.1426609316468239
	avg separation:	1.8628162156740824
	accu: 		99.90333333333334%
	l1: 		7.9338812828063965
	p dist pair: 	2.3825364112854004
	test
	time: 	11.57864785194397
	cross ent: 	0.08106705711819813
	cluster: 	0.0028244872577488423
	separation:	0.2220071494183503
	avg separation:	1.8720727705955504
	accu: 		98.66%
	l1: 		7.9338812828063965
	p dist pair: 	2.3825364112854004
	above 70.00%
epoch: 	13
	joint
	train
	time: 	209.13102865219116
	cross ent: 	0.0026382107523871432
	cluster: 	0.0012183288773909833
	separation:	0.4256718032757441
	avg separation:	2.031143488407135
	accu: 		99.94%
	l1: 		7.9338812828063965
	p dist pair: 	2.5005760192871094
	test
	time: 	12.002572774887085
	cross ent: 	0.08049493082682602
	cluster: 	0.009260351362172514
	separation:	0.7436405494157224
	avg separation:	2.259139401316643
	accu: 		98.56%
	l1: 		7.9338812828063965
	p dist pair: 	2.5005760192871094
	above 70.00%
epoch: 	14
	joint
	train
	time: 	208.99904918670654
	cross ent: 	0.004632786622542577
	cluster: 	0.010185123895605405
	separation:	1.9838786573410034
	avg separation:	3.183312349796295
	accu: 		99.91833333333334%
	l1: 		7.9338812828063965
	p dist pair: 	3.6941676139831543
	test
	time: 	11.483125448226929
	cross ent: 	0.07280389710329473
	cluster: 	0.06884588478133083
	separation:	4.110411474127322
	avg separation:	4.85374426484108
	accu: 		98.35000000000001%
	l1: 		7.9338812828063965
	p dist pair: 	3.6941676139831543
	above 70.00%
epoch: 	15
	joint
	train
	time: 	208.88036680221558
	cross ent: 	0.00911218979768455
	cluster: 	0.023426748029887676
	separation:	4.519935519536336
	avg separation:	5.229190124511719
	accu: 		99.895%
	l1: 		7.9338812828063965
	p dist pair: 	3.983790397644043
	test
	time: 	11.857598543167114
	cross ent: 	0.071119400607422
	cluster: 	0.07736662394367158
	separation:	4.718626068904996
	avg separation:	5.43064515709877
	accu: 		98.41%
	l1: 		7.9338812828063965
	p dist pair: 	3.983790397644043
	above 70.00%
	push
	Executing push ...
	push time: 	69.35414242744446
	test
	time: 	11.737037181854248
	cross ent: 	0.0771108404127881
	cluster: 	0.047903527077287435
	separation:	2.9102666371129455
	avg separation:	4.513110423088074
	accu: 		98.41%
	l1: 		7.9338812828063965
	p dist pair: 	4.198901653289795
	above 70.00%
	last layer
iteration: 	0
	train
	time: 	68.69675374031067
	cross ent: 	0.006167304717625181
	cluster: 	0.015576542417208353
	separation:	2.9737242952982585
	avg separation:	4.59905250231425
	accu: 		99.91%
	l1: 		8.139090538024902
	p dist pair: 	4.198901653289795
	test
	time: 	12.11852478981018
	cross ent: 	0.07809468649327755
	cluster: 	0.04928943959064782
	separation:	2.917067170832306
	avg separation:	4.522393803596497
	accu: 		98.42%
	l1: 		8.139090538024902
	p dist pair: 	4.198901653289795
	above 70.00%
iteration: 	1
	train
	time: 	68.18841409683228
	cross ent: 	0.00580118539587905
	cluster: 	0.015598877222587664
	separation:	2.973521673520406
	avg separation:	4.598751097679139
	accu: 		99.91333333333333%
	l1: 		8.334853172302246
	p dist pair: 	4.198901653289795
	test
	time: 	11.943507671356201
	cross ent: 	0.0783905827254057
	cluster: 	0.04921550173312426
	separation:	2.91623475715518
	avg separation:	4.520740551948547
	accu: 		98.42999999999999%
	l1: 		8.334853172302246
	p dist pair: 	4.198901653289795
	above 70.00%
iteration: 	2
	train
	time: 	68.09314179420471
	cross ent: 	0.005247315611845503
	cluster: 	0.01556563949212432
	separation:	2.973161533355713
	avg separation:	4.5985343459447225
	accu: 		99.92333333333333%
	l1: 		8.524978637695312
	p dist pair: 	4.198901653289795
	test
	time: 	11.78288984298706
	cross ent: 	0.07964760975213721
	cluster: 	0.04814665443263948
	separation:	2.9087916605360804
	avg separation:	4.511403418183327
	accu: 		98.42%
	l1: 		8.524978637695312
	p dist pair: 	4.198901653289795
	above 70.00%
iteration: 	3
	train
	time: 	67.87492489814758
	cross ent: 	0.004998565228655934
	cluster: 	0.015570314783602953
	separation:	2.9731616299947103
	avg separation:	4.5986483294169105
	accu: 		99.925%
	l1: 		8.705031394958496
	p dist pair: 	4.198901653289795
	test
	time: 	11.978620529174805
	cross ent: 	0.0796503298310563
	cluster: 	0.04871395170688629
	separation:	2.912483660839498
	avg separation:	4.515981360077858
	accu: 		98.44000000000001%
	l1: 		8.705031394958496
	p dist pair: 	4.198901653289795
	above 70.00%
iteration: 	4
	train
	time: 	67.6702048778534
	cross ent: 	0.004780177845774839
	cluster: 	0.015572876254717509
	separation:	2.9736891360282898
	avg separation:	4.599052382151286
	accu: 		99.91833333333334%
	l1: 		8.866656303405762
	p dist pair: 	4.198901653289795
	test
	time: 	11.893104314804077
	cross ent: 	0.08189104874385521
	cluster: 	0.04845899543724954
	separation:	2.9115789787471296
	avg separation:	4.513987663984299
	accu: 		98.42%
	l1: 		8.866656303405762
	p dist pair: 	4.198901653289795
	above 70.00%
iteration: 	5
	train
	time: 	68.5822479724884
	cross ent: 	0.004607204721619685
	cluster: 	0.015591333258897066
	separation:	2.973275702794393
	avg separation:	4.598716336568197
	accu: 		99.92333333333333%
	l1: 		9.02086067199707
	p dist pair: 	4.198901653289795
	test
	time: 	11.639293670654297
	cross ent: 	0.08340915475040674
	cluster: 	0.048661668868735436
	separation:	2.9113713200576603
	avg separation:	4.514279527068138
	accu: 		98.42999999999999%
	l1: 		9.02086067199707
	p dist pair: 	4.198901653289795
	above 70.00%
iteration: 	6
	train
	time: 	68.57484436035156
	cross ent: 	0.004698149648650239
	cluster: 	0.01562362087642153
	separation:	2.9735763448079426
	avg separation:	4.598878300348917
	accu: 		99.92333333333333%
	l1: 		9.155271530151367
	p dist pair: 	4.198901653289795
	test
	time: 	11.790161848068237
	cross ent: 	0.08436572167440318
	cluster: 	0.048180418852716685
	separation:	2.9094744061864914
	avg separation:	4.512607913017273
	accu: 		98.42999999999999%
	l1: 		9.155271530151367
	p dist pair: 	4.198901653289795
	above 70.00%
iteration: 	7
	train
	time: 	68.52581143379211
	cross ent: 	0.004344369583142301
	cluster: 	0.015597412349035342
	separation:	2.973710460980733
	avg separation:	4.599023153622945
	accu: 		99.92999999999999%
	l1: 		9.285991668701172
	p dist pair: 	4.198901653289795
	test
	time: 	12.035450220108032
	cross ent: 	0.08555588227929548
	cluster: 	0.04895252567715943
	separation:	2.912047512102872
	avg separation:	4.51452641248703
	accu: 		98.42999999999999%
	l1: 		9.285991668701172
	p dist pair: 	4.198901653289795
	above 70.00%
iteration: 	8
	train
	time: 	68.22267127037048
	cross ent: 	0.004504049607474978
	cluster: 	0.015626625803609687
	separation:	2.973232779502869
	avg separation:	4.598778075536092
	accu: 		99.91166666666666%
	l1: 		9.399639129638672
	p dist pair: 	4.198901653289795
	test
	time: 	12.024740219116211
	cross ent: 	0.08467233551200479
	cluster: 	0.048467064620926974
	separation:	2.9129183118231596
	avg separation:	4.516977037191391
	accu: 		98.42999999999999%
	l1: 		9.399639129638672
	p dist pair: 	4.198901653289795
	above 70.00%
iteration: 	9
	train
	time: 	68.19859147071838
	cross ent: 	0.004224716040383403
	cluster: 	0.015582668313135704
	separation:	2.973665698369344
	avg separation:	4.598967100779215
	accu: 		99.925%
	l1: 		9.508474349975586
	p dist pair: 	4.198901653289795
	test
	time: 	12.04541563987732
	cross ent: 	0.08697071356931702
	cluster: 	0.049331957111135125
	separation:	2.91507380515337
	avg separation:	4.5191535472869875
	accu: 		98.42999999999999%
	l1: 		9.508474349975586
	p dist pair: 	4.198901653289795
	above 70.00%
iteration: 	10
	train
	time: 	67.69972348213196
	cross ent: 	0.0040536987223507214
	cluster: 	0.01554427922765414
	separation:	2.973678153038025
	avg separation:	4.59916573937734
	accu: 		99.92833333333333%
	l1: 		9.60908031463623
	p dist pair: 	4.198901653289795
	test
	time: 	11.865687370300293
	cross ent: 	0.08639136117417365
	cluster: 	0.04806783343665302
	separation:	2.91068992536515
	avg separation:	4.513757755160332
	accu: 		98.42999999999999%
	l1: 		9.60908031463623
	p dist pair: 	4.198901653289795
	above 70.00%
iteration: 	11
	train
	time: 	68.13010883331299
	cross ent: 	0.004051906734627361
	cluster: 	0.015589070906241734
	separation:	2.974001530647278
	avg separation:	4.599398631413778
	accu: 		99.91833333333334%
	l1: 		9.701618194580078
	p dist pair: 	4.198901653289795
	test
	time: 	11.557441473007202
	cross ent: 	0.08698003916069866
	cluster: 	0.0489196521602571
	separation:	2.916823001448065
	avg separation:	4.521410946846008
	accu: 		98.42999999999999%
	l1: 		9.701618194580078
	p dist pair: 	4.198901653289795
	above 70.00%
iteration: 	12
	train
	time: 	68.49063992500305
	cross ent: 	0.004050573451211676
	cluster: 	0.015579234063625335
	separation:	2.973592434565226
	avg separation:	4.59896950562795
	accu: 		99.92%
	l1: 		9.790772438049316
	p dist pair: 	4.198901653289795
	test
	time: 	11.507171630859375
	cross ent: 	0.08783415235113352
	cluster: 	0.0486982411891222
	separation:	2.9145456595160066
	avg separation:	4.5185671681165696
	accu: 		98.42999999999999%
	l1: 		9.790772438049316
	p dist pair: 	4.198901653289795
	above 70.00%
iteration: 	13
	train
	time: 	68.59914636611938
	cross ent: 	0.004043975240007664
	cluster: 	0.01558661520977815
	separation:	2.9734340085983275
	avg separation:	4.598804719924927
	accu: 		99.92333333333333%
	l1: 		9.861248016357422
	p dist pair: 	4.198901653289795
	test
	time: 	11.650016069412231
	cross ent: 	0.08885940472595394
	cluster: 	0.0484057240281254
	separation:	2.9120655793696644
	avg separation:	4.515426852107048
	accu: 		98.42999999999999%
	l1: 		9.861248016357422
	p dist pair: 	4.198901653289795
	above 70.00%
iteration: 	14
	train
	time: 	68.26259303092957
	cross ent: 	0.003957696795774003
	cluster: 	0.015592458347479502
	separation:	2.9731915232340493
	avg separation:	4.5985728435516355
	accu: 		99.91166666666666%
	l1: 		9.934688568115234
	p dist pair: 	4.198901653289795
	test
	time: 	11.680169105529785
	cross ent: 	0.0902867452474311
	cluster: 	0.04936057039536536
	separation:	2.9163708403892814
	avg separation:	4.520649697184563
	accu: 		98.42%
	l1: 		9.934688568115234
	p dist pair: 	4.198901653289795
	above 70.00%
iteration: 	15
	train
	time: 	68.96757578849792
	cross ent: 	0.003921172804043939
	cluster: 	0.015580379460006953
	separation:	2.9733237670262653
	avg separation:	4.598739199956258
	accu: 		99.925%
	l1: 		10.001991271972656
	p dist pair: 	4.198901653289795
	test
	time: 	12.175984621047974
	cross ent: 	0.0900536841689609
	cluster: 	0.04858409283682704
	separation:	2.9145028877817096
	avg separation:	4.518780972361565
	accu: 		98.44000000000001%
	l1: 		10.001991271972656
	p dist pair: 	4.198901653289795
	above 70.00%
iteration: 	16
	train
	time: 	68.22342729568481
	cross ent: 	0.003887746786465868
	cluster: 	0.015598525236050287
	separation:	2.9735474700927735
	avg separation:	4.599147629102071
	accu: 		99.925%
	l1: 		10.065199851989746
	p dist pair: 	4.198901653289795
	test
	time: 	12.047218322753906
	cross ent: 	0.09173631284967997
	cluster: 	0.0487795399222523
	separation:	2.9119823965989053
	avg separation:	4.514944790005684
	accu: 		98.41%
	l1: 		10.065199851989746
	p dist pair: 	4.198901653289795
	above 70.00%
iteration: 	17
	train
	time: 	68.11564493179321
	cross ent: 	0.003954950568731875
	cluster: 	0.015610325361291567
	separation:	2.973633112589518
	avg separation:	4.598952911694845
	accu: 		99.925%
	l1: 		10.123150825500488
	p dist pair: 	4.198901653289795
	test
	time: 	11.73272156715393
	cross ent: 	0.08896010678377934
	cluster: 	0.04802993026562035
	separation:	2.9124648879654704
	avg separation:	4.515747128725052
	accu: 		98.46000000000001%
	l1: 		10.123150825500488
	p dist pair: 	4.198901653289795
	above 70.00%
iteration: 	18
	train
	time: 	67.80526494979858
	cross ent: 	0.0037091935193942238
	cluster: 	0.01558551660552621
	separation:	2.9729794772466023
	avg separation:	4.598406403859457
	accu: 		99.92999999999999%
	l1: 		10.179234504699707
	p dist pair: 	4.198901653289795
	test
	time: 	11.794421911239624
	cross ent: 	0.09085940630873665
	cluster: 	0.04879788684658706
	separation:	2.916112003456801
	avg separation:	4.520255128145218
	accu: 		98.42999999999999%
	l1: 		10.179234504699707
	p dist pair: 	4.198901653289795
	above 70.00%
iteration: 	19
	train
	time: 	69.20068955421448
	cross ent: 	0.0036607405024114996
	cluster: 	0.015581988784174125
	separation:	2.973589715003967
	avg separation:	4.59875766436259
	accu: 		99.92833333333333%
	l1: 		10.236150741577148
	p dist pair: 	4.198901653289795
	test
	time: 	11.924406051635742
	cross ent: 	0.09132027074927464
	cluster: 	0.04821716212667525
	separation:	2.9095255684480072
	avg separation:	4.512191361188888
	accu: 		98.44000000000001%
	l1: 		10.236150741577148
	p dist pair: 	4.198901653289795
	above 70.00%
