training set size: 60000
push set size: 60000
test set size: 10000
batch size: 80
training set size: 60000
push set size: 60000
test set size: 10000
batch size: 80
start training
epoch: 	0
	warm
	train
	time: 	48.91487789154053
	cross ent: 	0.5531452709833781
	cluster: 	67.36560468101501
	separation:	365.50115555826824
	avg separation:	644.5059587402344
	accu: 		90.53833333333333%
	l1: 		9.0
	p dist pair: 	848.7183837890625
	test
	time: 	7.531017065048218
	cross ent: 	0.39439997911453245
	cluster: 	13.026460884213447
	separation:	117.36655053973197
	avg separation:	567.3406884765625
	accu: 		90.61%
	l1: 		9.0
	p dist pair: 	848.7183837890625
	above 70.00%
epoch: 	1
	joint
	train
	time: 	134.3290524482727
	cross ent: 	0.37563504761457445
	cluster: 	28.876391490936278
	separation:	3504.118830154419
	avg separation:	4513.9149877929685
	accu: 		90.52666666666667%
	l1: 		9.0
	p dist pair: 	5110.822265625
	test
	time: 	7.585269451141357
	cross ent: 	0.3324638272821903
	cluster: 	18.54528014063835
	separation:	5424.527786718607
	avg separation:	6777.143556213379
	accu: 		90.61%
	l1: 		9.0
	p dist pair: 	5110.822265625
	above 70.00%
epoch: 	2
	joint
	train
	time: 	133.88457417488098
	cross ent: 	0.3178484355211258
	cluster: 	16.57002725382646
	separation:	5391.79323828125
	avg separation:	6763.08561328125
	accu: 		90.53166666666667%
	l1: 		9.0
	p dist pair: 	5060.0810546875
	test
	time: 	7.5224597454071045
	cross ent: 	0.3016169199720025
	cluster: 	31.856495741456747
	separation:	5520.36466738224
	avg separation:	6847.559844665528
	accu: 		90.61%
	l1: 		9.0
	p dist pair: 	5060.0810546875
	above 70.00%
epoch: 	3
	joint
	train
	time: 	133.9176423549652
	cross ent: 	0.3171227547128995
	cluster: 	10.572324970881144
	separation:	5396.842424479167
	avg separation:	6804.494320963541
	accu: 		90.535%
	l1: 		9.0
	p dist pair: 	5165.10888671875
	test
	time: 	7.595798492431641
	cross ent: 	0.3371163559705019
	cluster: 	21.457178703546525
	separation:	5484.211596288681
	avg separation:	6871.3743969726565
	accu: 		90.61%
	l1: 		9.0
	p dist pair: 	5165.10888671875
	above 70.00%
epoch: 	4
	joint
	train
	time: 	134.26714730262756
	cross ent: 	0.3161447258889675
	cluster: 	9.501159515182177
	separation:	5395.109086914063
	avg separation:	6836.20923046875
	accu: 		90.53166666666667%
	l1: 		9.0
	p dist pair: 	5337.22607421875
	test
	time: 	7.545005559921265
	cross ent: 	0.3006366050988436
	cluster: 	14.072413224875927
	separation:	5469.4182761219145
	avg separation:	6889.444826660157
	accu: 		90.61%
	l1: 		9.0
	p dist pair: 	5337.22607421875
	above 70.00%
epoch: 	5
	joint
	train
	time: 	138.3729212284088
	cross ent: 	0.32215672406057516
	cluster: 	6.007197628597418
	separation:	5420.356850911458
	avg separation:	6862.027369140625
	accu: 		90.53833333333333%
	l1: 		9.0
	p dist pair: 	5368.490234375
	test
	time: 	8.223671436309814
	cross ent: 	0.31179614255204796
	cluster: 	14.785556677207351
	separation:	5479.392381151765
	avg separation:	6899.601661376953
	accu: 		90.61%
	l1: 		9.0
	p dist pair: 	5368.490234375
	above 70.00%
	push
	Executing push ...
	push time: 	70.91193413734436
	test
	time: 	8.183185577392578
	cross ent: 	0.291642347574234
	cluster: 	10.511024882942438
	separation:	4335.188622997701
	avg separation:	4598.8938018476965
	accu: 		87.82%
	l1: 		9.0
	p dist pair: 	3535.2021484375
	above 70.00%
	last layer
iteration: 	0
	train
	time: 	46.51911425590515
	cross ent: 	0.28567760629455247
	cluster: 	3.441496185352405
	separation:	4295.749513997396
	avg separation:	4558.183872721354
	accu: 		88.0%
	l1: 		8.845895767211914
	p dist pair: 	3535.2021484375
	test
	time: 	8.351287841796875
	cross ent: 	0.2837479781731963
	cluster: 	10.753717928305269
	separation:	4336.472109374404
	avg separation:	4600.265669736862
	accu: 		88.22%
	l1: 		8.845895767211914
	p dist pair: 	3535.2021484375
	above 70.00%
iteration: 	1
	train
	time: 	47.908284425735474
	cross ent: 	0.27721535084644955
	cluster: 	3.4994510127405327
	separation:	4294.843070963541
	avg separation:	4557.166715820313
	accu: 		88.265%
	l1: 		8.672712326049805
	p dist pair: 	3535.2021484375
	test
	time: 	7.747029066085815
	cross ent: 	0.27789391040802003
	cluster: 	11.14982625722885
	separation:	4338.747696484029
	avg separation:	4602.643507555723
	accu: 		88.5%
	l1: 		8.672712326049805
	p dist pair: 	3535.2021484375
	above 70.00%
iteration: 	2
	train
	time: 	47.17350387573242
	cross ent: 	0.27091148150960603
	cluster: 	3.602561346213023
	separation:	4295.473165039062
	avg separation:	4557.877041015625
	accu: 		88.51666666666667%
	l1: 		8.496711730957031
	p dist pair: 	3535.2021484375
	test
	time: 	8.246876239776611
	cross ent: 	0.2723634186014533
	cluster: 	10.818685229718685
	separation:	4336.882483984083
	avg separation:	4600.701170698404
	accu: 		88.57000000000001%
	l1: 		8.496711730957031
	p dist pair: 	3535.2021484375
	above 70.00%
iteration: 	3
	train
	time: 	46.77015924453735
	cross ent: 	0.26587099918723106
	cluster: 	3.3844384864072006
	separation:	4294.632209635417
	avg separation:	4557.017372070312
	accu: 		88.61666666666666%
	l1: 		8.33499526977539
	p dist pair: 	3535.2021484375
	test
	time: 	8.21906566619873
	cross ent: 	0.2668796295300126
	cluster: 	10.829506270438433
	separation:	4336.883232567758
	avg separation:	4600.6981265747545
	accu: 		88.66000000000001%
	l1: 		8.33499526977539
	p dist pair: 	3535.2021484375
	above 70.00%
iteration: 	4
	train
	time: 	47.89676070213318
	cross ent: 	0.26203010298808416
	cluster: 	3.6302715386748314
	separation:	4294.948604492188
	avg separation:	4557.410318684896
	accu: 		88.675%
	l1: 		8.177728652954102
	p dist pair: 	3535.2021484375
	test
	time: 	7.941686630249023
	cross ent: 	0.26274558730423453
	cluster: 	11.141450012102723
	separation:	4338.8542639155685
	avg separation:	4602.74561250925
	accu: 		88.79%
	l1: 		8.177728652954102
	p dist pair: 	3535.2021484375
	above 70.00%
iteration: 	5
	train
	time: 	46.72461485862732
	cross ent: 	0.25690015014012657
	cluster: 	3.614135197609663
	separation:	4294.511306640625
	avg separation:	4556.8888723958335
	accu: 		88.88333333333334%
	l1: 		8.034582138061523
	p dist pair: 	3535.2021484375
	test
	time: 	8.144124269485474
	cross ent: 	0.2581754065304995
	cluster: 	10.80441891938448
	separation:	4336.6878764157
	avg separation:	4600.490945528745
	accu: 		88.89%
	l1: 		8.034582138061523
	p dist pair: 	3535.2021484375
	above 70.00%
iteration: 	6
	train
	time: 	46.532206296920776
	cross ent: 	0.25445188651482264
	cluster: 	3.818557197372119
	separation:	4295.2288639322915
	avg separation:	4557.661444986979
	accu: 		88.89166666666667%
	l1: 		7.91032075881958
	p dist pair: 	3535.2021484375
	test
	time: 	8.268864393234253
	cross ent: 	0.25562311988323927
	cluster: 	11.278452377319336
	separation:	4339.703667040616
	avg separation:	4603.625796333551
	accu: 		89.03%
	l1: 		7.91032075881958
	p dist pair: 	3535.2021484375
	above 70.00%
iteration: 	7
	train
	time: 	47.62796378135681
	cross ent: 	0.251795558432738
	cluster: 	3.5791479314267636
	separation:	4295.186134440104
	avg separation:	4557.615831705729
	accu: 		88.99000000000001%
	l1: 		7.805817127227783
	p dist pair: 	3535.2021484375
	test
	time: 	8.271738767623901
	cross ent: 	0.25268722090870144
	cluster: 	11.086651491820811
	separation:	4338.490187695026
	avg separation:	4602.370266989469
	accu: 		89.16%
	l1: 		7.805817127227783
	p dist pair: 	3535.2021484375
	above 70.00%
iteration: 	8
	train
	time: 	46.84806203842163
	cross ent: 	0.2493566987713178
	cluster: 	3.5132716567218303
	separation:	4295.537229166666
	avg separation:	4557.886379231771
	accu: 		89.04166666666666%
	l1: 		7.724325180053711
	p dist pair: 	3535.2021484375
	test
	time: 	8.238402843475342
	cross ent: 	0.25007140945643186
	cluster: 	10.572823702767492
	separation:	4335.561451317966
	avg separation:	4599.28417104721
	accu: 		89.13%
	l1: 		7.724325180053711
	p dist pair: 	3535.2021484375
	above 70.00%
iteration: 	9
	train
	time: 	46.61589002609253
	cross ent: 	0.24766371024648348
	cluster: 	3.4476345489124456
	separation:	4295.015611328125
	avg separation:	4557.403808919271
	accu: 		89.145%
	l1: 		7.66064453125
	p dist pair: 	3535.2021484375
	test
	time: 	8.274409770965576
	cross ent: 	0.24902299009263515
	cluster: 	10.589190893247723
	separation:	4335.683423339427
	avg separation:	4599.415362563133
	accu: 		89.23%
	l1: 		7.66064453125
	p dist pair: 	3535.2021484375
	above 70.00%
iteration: 	10
	train
	time: 	47.6186900138855
	cross ent: 	0.24630954400698343
	cluster: 	3.5532539151708287
	separation:	4295.9795843098955
	avg separation:	4558.437790039063
	accu: 		89.26666666666667%
	l1: 		7.61289644241333
	p dist pair: 	3535.2021484375
	test
	time: 	8.36493968963623
	cross ent: 	0.24738577257841826
	cluster: 	10.474528975188733
	separation:	4335.17965009749
	avg separation:	4598.896066923142
	accu: 		89.47%
	l1: 		7.61289644241333
	p dist pair: 	3535.2021484375
	above 70.00%
iteration: 	11
	train
	time: 	46.119282245635986
	cross ent: 	0.24526701899369557
	cluster: 	3.299712181488673
	separation:	4295.35765201823
	avg separation:	4557.819457682292
	accu: 		89.23%
	l1: 		7.587859153747559
	p dist pair: 	3535.2021484375
	test
	time: 	8.240739345550537
	cross ent: 	0.2468552281334996
	cluster: 	10.830852505564689
	separation:	4336.904946679324
	avg separation:	4600.734096206426
	accu: 		89.53%
	l1: 		7.587859153747559
	p dist pair: 	3535.2021484375
	above 70.00%
iteration: 	12
	train
	time: 	47.09317922592163
	cross ent: 	0.2442645143866539
	cluster: 	3.585685184488694
	separation:	4295.796200520834
	avg separation:	4558.171990559896
	accu: 		89.27333333333334%
	l1: 		7.574165344238281
	p dist pair: 	3535.2021484375
	test
	time: 	7.47110915184021
	cross ent: 	0.24621750928461553
	cluster: 	10.77570333957672
	separation:	4336.623770556152
	avg separation:	4600.427064511776
	accu: 		89.67%
	l1: 		7.574165344238281
	p dist pair: 	3535.2021484375
	above 70.00%
iteration: 	13
	train
	time: 	47.13180994987488
	cross ent: 	0.2441490687529246
	cluster: 	3.6638327276706697
	separation:	4295.844675455729
	avg separation:	4558.23269140625
	accu: 		89.37%
	l1: 		7.573455333709717
	p dist pair: 	3535.2021484375
	test
	time: 	8.25606107711792
	cross ent: 	0.2461075557768345
	cluster: 	10.927626148760318
	separation:	4337.484537108839
	avg separation:	4601.328655802012
	accu: 		89.60000000000001%
	l1: 		7.573455333709717
	p dist pair: 	3535.2021484375
	above 70.00%
iteration: 	14
	train
	time: 	46.023000955581665
	cross ent: 	0.2433891199727853
	cluster: 	3.5535179533759753
	separation:	4294.724259765625
	avg separation:	4557.125750976563
	accu: 		89.47666666666667%
	l1: 		7.589507102966309
	p dist pair: 	3535.2021484375
	test
	time: 	8.203700542449951
	cross ent: 	0.24598749656230212
	cluster: 	11.030888971760868
	separation:	4338.1840999509395
	avg separation:	4602.046886600256
	accu: 		89.64%
	l1: 		7.589507102966309
	p dist pair: 	3535.2021484375
	above 70.00%
iteration: 	15
	train
	time: 	47.2198166847229
	cross ent: 	0.24336240460475286
	cluster: 	3.676939436177413
	separation:	4295.167055664063
	avg separation:	4557.595470377604
	accu: 		89.43833333333333%
	l1: 		7.631216049194336
	p dist pair: 	3535.2021484375
	test
	time: 	8.099970817565918
	cross ent: 	0.24500234369188548
	cluster: 	10.927653885111212
	separation:	4337.664675585478
	avg separation:	4601.527592657804
	accu: 		89.85%
	l1: 		7.631216049194336
	p dist pair: 	3535.2021484375
	above 70.00%
iteration: 	16
	train
	time: 	45.92614960670471
	cross ent: 	0.24363892125089964
	cluster: 	3.6491893314421175
	separation:	4294.857467773438
	avg separation:	4557.243461588541
	accu: 		89.45333333333333%
	l1: 		7.705647945404053
	p dist pair: 	3535.2021484375
	test
	time: 	8.144441366195679
	cross ent: 	0.24506372347474098
	cluster: 	10.9172825345397
	separation:	4337.4709205074605
	avg separation:	4601.334956039191
	accu: 		89.8%
	l1: 		7.705647945404053
	p dist pair: 	3535.2021484375
	above 70.00%
iteration: 	17
	train
	time: 	47.42757749557495
	cross ent: 	0.24280538947383562
	cluster: 	3.4243216629425683
	separation:	4294.376106119792
	avg separation:	4556.780925455729
	accu: 		89.54833333333333%
	l1: 		7.791111946105957
	p dist pair: 	3535.2021484375
	test
	time: 	7.650988578796387
	cross ent: 	0.24473095998167993
	cluster: 	10.884827420189977
	separation:	4337.170764501244
	avg separation:	4601.014607423544
	accu: 		89.85%
	l1: 		7.791111946105957
	p dist pair: 	3535.2021484375
	above 70.00%
iteration: 	18
	train
	time: 	47.67511582374573
	cross ent: 	0.24251231034596762
	cluster: 	3.592187459349632
	separation:	4295.1695045572915
	avg separation:	4557.570930989584
	accu: 		89.545%
	l1: 		7.8801655769348145
	p dist pair: 	3535.2021484375
	test
	time: 	8.213768720626831
	cross ent: 	0.2448090648651123
	cluster: 	10.862439643442631
	separation:	4337.098741161674
	avg separation:	4600.925970766544
	accu: 		89.82%
	l1: 		7.8801655769348145
	p dist pair: 	3535.2021484375
	above 70.00%
iteration: 	19
	train
	time: 	46.36677312850952
	cross ent: 	0.2427159718175729
	cluster: 	3.675890149821838
	separation:	4295.463399739583
	avg separation:	4557.921680338542
	accu: 		89.52833333333334%
	l1: 		7.976670265197754
	p dist pair: 	3535.2021484375
	test
	time: 	8.267520189285278
	cross ent: 	0.24449079640209676
	cluster: 	10.648888516053557
	separation:	4336.044046532661
	avg separation:	4599.794809851646
	accu: 		89.74%
	l1: 		7.976670265197754
	p dist pair: 	3535.2021484375
	above 70.00%
epoch: 	6
	joint
	train
	time: 	145.208025932312
	cross ent: 	0.2914764918287595
	cluster: 	5.060993572354317
	separation:	5336.418623697917
	avg separation:	5412.899820638021
	accu: 		90.52%
	l1: 		7.976670265197754
	p dist pair: 	4182.57763671875
	test
	time: 	8.196673393249512
	cross ent: 	0.2958689009770751
	cluster: 	13.736110133863985
	separation:	5482.869216894433
	avg separation:	5558.097365550995
	accu: 		90.61%
	l1: 		7.976670265197754
	p dist pair: 	4182.57763671875
	above 70.00%
epoch: 	7
	joint
	train
	time: 	142.03534841537476
	cross ent: 	0.29414881001909576
	cluster: 	4.613083615124226
	separation:	5427.126185546875
	avg separation:	5504.738234375
	accu: 		90.53833333333333%
	l1: 		7.976670265197754
	p dist pair: 	4197.1552734375
	test
	time: 	7.555248260498047
	cross ent: 	0.2911402375996113
	cluster: 	15.806087052598595
	separation:	5491.86774755843
	avg separation:	5571.327777671814
	accu: 		90.61%
	l1: 		7.976670265197754
	p dist pair: 	4197.1552734375
	above 70.00%
epoch: 	8
	joint
	train
	time: 	145.32642340660095
	cross ent: 	0.29343326095243294
	cluster: 	5.614630458677809
	separation:	5433.99288671875
	avg separation:	5514.63015234375
	accu: 		90.53833333333333%
	l1: 		7.976670265197754
	p dist pair: 	4210.884765625
	test
	time: 	8.213797807693481
	cross ent: 	0.2906775638833642
	cluster: 	12.229106371290982
	separation:	5470.9514332028475
	avg separation:	5552.096695861816
	accu: 		90.61%
	l1: 		7.976670265197754
	p dist pair: 	4210.884765625
	above 70.00%
epoch: 	9
	joint
	train
	time: 	144.83700275421143
	cross ent: 	0.29337254640460014
	cluster: 	4.454097416823109
	separation:	5435.99023046875
	avg separation:	5521.849545572916
	accu: 		90.53833333333333%
	l1: 		7.976670265197754
	p dist pair: 	4230.91552734375
	test
	time: 	8.221142292022705
	cross ent: 	0.29418760165572166
	cluster: 	13.320163989961147
	separation:	5462.8136191893
	avg separation:	5551.587120132446
	accu: 		90.61%
	l1: 		7.976670265197754
	p dist pair: 	4230.91552734375
	above 70.00%
epoch: 	10
	joint
	train
	time: 	145.44621348381042
	cross ent: 	0.29313133215904236
	cluster: 	4.274566221614679
	separation:	5426.295683268229
	avg separation:	5516.425966145834
	accu: 		90.53666666666666%
	l1: 		7.976670265197754
	p dist pair: 	4234.3203125
	test
	time: 	7.535127401351929
	cross ent: 	0.2906421177461743
	cluster: 	15.837780610434711
	separation:	5480.006522851438
	avg separation:	5569.8337082672115
	accu: 		90.61%
	l1: 		7.976670265197754
	p dist pair: 	4234.3203125
	above 70.00%
	push
	Executing push ...
	push time: 	65.84973430633545
	test
	time: 	7.624162673950195
	cross ent: 	0.2524183169752359
	cluster: 	12.602844545803965
	separation:	4778.120702441223
	avg separation:	4870.553607280254
	accu: 		89.89%
	l1: 		7.976670265197754
	p dist pair: 	3690.08984375
	above 70.00%
	last layer
iteration: 	0
	train
	time: 	47.06557631492615
	cross ent: 	0.2435942285557588
	cluster: 	2.4036614148815474
	separation:	4735.260392903646
	avg separation:	4827.188262369792
	accu: 		89.44%
	l1: 		7.990065574645996
	p dist pair: 	3690.08984375
	test
	time: 	8.204273462295532
	cross ent: 	0.24582184445112942
	cluster: 	12.220227179136128
	separation:	4776.5890966307
	avg separation:	4868.884888441563
	accu: 		89.67%
	l1: 		7.990065574645996
	p dist pair: 	3690.08984375
	above 70.00%
iteration: 	1
	train
	time: 	46.851661682128906
	cross ent: 	0.24145363281170526
	cluster: 	2.2234715962136784
	separation:	4735.810967122396
	avg separation:	4827.739211588541
	accu: 		89.38833333333334%
	l1: 		7.9629225730896
	p dist pair: 	3690.08984375
	test
	time: 	8.324698209762573
	cross ent: 	0.24389504313468932
	cluster: 	12.573255060408265
	separation:	4778.061223632693
	avg separation:	4870.544200584888
	accu: 		89.71000000000001%
	l1: 		7.9629225730896
	p dist pair: 	3690.08984375
	above 70.00%
iteration: 	2
	train
	time: 	47.57913303375244
	cross ent: 	0.23988632057110468
	cluster: 	2.66211138099432
	separation:	4735.1185091145835
	avg separation:	4827.070879882813
	accu: 		89.46166666666666%
	l1: 		7.959992408752441
	p dist pair: 	3690.08984375
	test
	time: 	7.807396173477173
	cross ent: 	0.2436607064679265
	cluster: 	12.712055185846985
	separation:	4778.815507128648
	avg separation:	4871.32826358676
	accu: 		89.69%
	l1: 		7.959992408752441
	p dist pair: 	3690.08984375
	above 70.00%
iteration: 	3
	train
	time: 	47.02373790740967
	cross ent: 	0.23945421624183655
	cluster: 	2.54832490332673
	separation:	4735.378687174479
	avg separation:	4827.329860351562
	accu: 		89.45833333333333%
	l1: 		7.97662353515625
	p dist pair: 	3690.08984375
	test
	time: 	7.853356122970581
	cross ent: 	0.24186459701508284
	cluster: 	12.29302779743448
	separation:	4776.929736474454
	avg separation:	4869.305405044555
	accu: 		89.72%
	l1: 		7.97662353515625
	p dist pair: 	3690.08984375
	above 70.00%
iteration: 	4
	train
	time: 	46.50770807266235
	cross ent: 	0.23876767177383104
	cluster: 	2.34220633803308
	separation:	4735.421697265625
	avg separation:	4827.389479817708
	accu: 		89.56%
	l1: 		8.007598876953125
	p dist pair: 	3690.08984375
	test
	time: 	8.259777307510376
	cross ent: 	0.24261717695742846
	cluster: 	11.81260917376727
	separation:	4774.699519091659
	avg separation:	4866.817636961937
	accu: 		89.67%
	l1: 		8.007598876953125
	p dist pair: 	3690.08984375
	above 70.00%
iteration: 	5
	train
	time: 	46.866389751434326
	cross ent: 	0.23866757686932882
	cluster: 	2.612249427393079
	separation:	4735.067909505208
	avg separation:	4827.010731445313
	accu: 		89.59166666666667%
	l1: 		8.05411148071289
	p dist pair: 	3690.08984375
	test
	time: 	8.180310487747192
	cross ent: 	0.2417998030036688
	cluster: 	12.010588183663785
	separation:	4775.79657241214
	avg separation:	4868.034069176912
	accu: 		89.81%
	l1: 		8.05411148071289
	p dist pair: 	3690.08984375
	above 70.00%
iteration: 	6
	train
	time: 	46.32735323905945
	cross ent: 	0.23857041831811268
	cluster: 	2.3813842554142077
	separation:	4735.136763346354
	avg separation:	4827.110644856771
	accu: 		89.655%
	l1: 		8.110370635986328
	p dist pair: 	3690.08984375
	test
	time: 	8.243595838546753
	cross ent: 	0.24132740002125502
	cluster: 	12.235153094418347
	separation:	4776.489119140394
	avg separation:	4868.8219493234155
	accu: 		89.82%
	l1: 		8.110370635986328
	p dist pair: 	3690.08984375
	above 70.00%
iteration: 	7
	train
	time: 	47.0318169593811
	cross ent: 	0.23828406149148942
	cluster: 	2.371799663302799
	separation:	4734.691378580729
	avg separation:	4826.609233723958
	accu: 		89.73833333333333%
	l1: 		8.17508316040039
	p dist pair: 	3690.08984375
	test
	time: 	8.086802244186401
	cross ent: 	0.24135825399309396
	cluster: 	11.267079219240696
	separation:	4771.423746874854
	avg separation:	4863.201260119677
	accu: 		89.82%
	l1: 		8.17508316040039
	p dist pair: 	3690.08984375
	above 70.00%
iteration: 	8
	train
	time: 	46.68800091743469
	cross ent: 	0.23804700816671054
	cluster: 	2.1553024850189684
	separation:	4736.423366210937
	avg separation:	4828.319731770834
	accu: 		89.68166666666667%
	l1: 		8.25083065032959
	p dist pair: 	3690.08984375
	test
	time: 	8.26055121421814
	cross ent: 	0.2406645267829299
	cluster: 	11.839106373433024
	separation:	4774.798024218604
	avg separation:	4866.902800290584
	accu: 		89.84%
	l1: 		8.25083065032959
	p dist pair: 	3690.08984375
	above 70.00%
iteration: 	9
	train
	time: 	46.331807374954224
	cross ent: 	0.23800995025038718
	cluster: 	2.505669453640779
	separation:	4735.208333333333
	avg separation:	4827.162066080729
	accu: 		89.72166666666666%
	l1: 		8.331779479980469
	p dist pair: 	3690.08984375
	test
	time: 	8.216601371765137
	cross ent: 	0.24069818943738938
	cluster: 	11.213380198795349
	separation:	4771.083704638444
	avg separation:	4862.837935017347
	accu: 		89.91%
	l1: 		8.331779479980469
	p dist pair: 	3690.08984375
	above 70.00%
iteration: 	10
	train
	time: 	47.64301013946533
	cross ent: 	0.2379483830233415
	cluster: 	2.214100508178274
	separation:	4735.462225585938
	avg separation:	4827.3942132161455
	accu: 		89.72666666666666%
	l1: 		8.417140007019043
	p dist pair: 	3690.08984375
	test
	time: 	8.186789274215698
	cross ent: 	0.24059554781764747
	cluster: 	11.722745806332677
	separation:	4774.473982128873
	avg separation:	4866.529692443609
	accu: 		89.82%
	l1: 		8.417140007019043
	p dist pair: 	3690.08984375
	above 70.00%
iteration: 	11
	train
	time: 	46.298463344573975
	cross ent: 	0.23798380957047144
	cluster: 	2.4632062172070146
	separation:	4735.649502604167
	avg separation:	4827.5818248697915
	accu: 		89.77000000000001%
	l1: 		8.504937171936035
	p dist pair: 	3690.08984375
	test
	time: 	8.197036027908325
	cross ent: 	0.2411016497015953
	cluster: 	11.53496142335236
	separation:	4773.251264111139
	avg separation:	4865.213532255888
	accu: 		89.84%
	l1: 		8.504937171936035
	p dist pair: 	3690.08984375
	above 70.00%
iteration: 	12
	train
	time: 	46.975409507751465
	cross ent: 	0.23864306590954462
	cluster: 	2.345718555438022
	separation:	4735.111629231771
	avg separation:	4827.037666015625
	accu: 		89.69666666666667%
	l1: 		8.585289001464844
	p dist pair: 	3690.08984375
	test
	time: 	7.4925854206085205
	cross ent: 	0.24125349443405866
	cluster: 	11.550314178373664
	separation:	4773.174195898287
	avg separation:	4865.160301662683
	accu: 		89.84%
	l1: 		8.585289001464844
	p dist pair: 	3690.08984375
	above 70.00%
iteration: 	13
	train
	time: 	47.49141812324524
	cross ent: 	0.23757425370812416
	cluster: 	2.3949276622335116
	separation:	4734.376109700521
	avg separation:	4826.307552083334
	accu: 		89.79%
	l1: 		8.678105354309082
	p dist pair: 	3690.08984375
	test
	time: 	8.173003911972046
	cross ent: 	0.24083615101873876
	cluster: 	12.32188336249441
	separation:	4777.052933837771
	avg separation:	4869.350375362635
	accu: 		89.75%
	l1: 		8.678105354309082
	p dist pair: 	3690.08984375
	above 70.00%
iteration: 	14
	train
	time: 	46.66590142250061
	cross ent: 	0.2376525395611922
	cluster: 	2.555033025331795
	separation:	4735.448606119791
	avg separation:	4827.437412109375
	accu: 		89.81166666666667%
	l1: 		8.772031784057617
	p dist pair: 	3690.08984375
	test
	time: 	8.180021047592163
	cross ent: 	0.24021869372576476
	cluster: 	10.885745007004589
	separation:	4768.568754882664
	avg separation:	4860.0611676418785
	accu: 		89.97%
	l1: 		8.772031784057617
	p dist pair: 	3690.08984375
	above 70.00%
iteration: 	15
	train
	time: 	47.20664715766907
	cross ent: 	0.2377859347263972
	cluster: 	2.4638528923019765
	separation:	4735.720013997396
	avg separation:	4827.582637695313
	accu: 		89.79666666666667%
	l1: 		8.863950729370117
	p dist pair: 	3690.08984375
	test
	time: 	8.036317348480225
	cross ent: 	0.24010643661022185
	cluster: 	12.247884000185877
	separation:	4776.456827685386
	avg separation:	4868.772230581045
	accu: 		89.95%
	l1: 		8.863950729370117
	p dist pair: 	3690.08984375
	above 70.00%
iteration: 	16
	train
	time: 	46.67486596107483
	cross ent: 	0.23794583801428476
	cluster: 	2.3737295049230256
	separation:	4734.796040039062
	avg separation:	4826.7439251302085
	accu: 		89.81666666666666%
	l1: 		8.956052780151367
	p dist pair: 	3690.08984375
	test
	time: 	8.197587966918945
	cross ent: 	0.24100398246198892
	cluster: 	11.707746122702956
	separation:	4773.9287841307
	avg separation:	4865.947997492552
	accu: 		89.89%
	l1: 		8.956052780151367
	p dist pair: 	3690.08984375
	above 70.00%
iteration: 	17
	train
	time: 	46.13152813911438
	cross ent: 	0.23785494312644004
	cluster: 	2.60521056728065
	separation:	4735.413638020834
	avg separation:	4827.397527018229
	accu: 		89.78333333333333%
	l1: 		9.051105499267578
	p dist pair: 	3690.08984375
	test
	time: 	8.141052007675171
	cross ent: 	0.24038151003420352
	cluster: 	11.464967677779496
	separation:	4772.5974937498195
	avg separation:	4864.506569799185
	accu: 		89.86%
	l1: 		9.051105499267578
	p dist pair: 	3690.08984375
	above 70.00%
iteration: 	18
	train
	time: 	47.62275433540344
	cross ent: 	0.23819004954894385
	cluster: 	2.5300729789634544
	separation:	4734.609281901042
	avg separation:	4826.509637695312
	accu: 		89.80833333333334%
	l1: 		9.139944076538086
	p dist pair: 	3690.08984375
	test
	time: 	8.235169172286987
	cross ent: 	0.24076223708689212
	cluster: 	11.655916497930884
	separation:	4773.654573437385
	avg separation:	4865.655414839983
	accu: 		89.91%
	l1: 		9.139944076538086
	p dist pair: 	3690.08984375
	above 70.00%
iteration: 	19
	train
	time: 	46.16650319099426
	cross ent: 	0.23770866334438323
	cluster: 	2.3210007056742907
	separation:	4735.101709960937
	avg separation:	4827.011248697917
	accu: 		89.79333333333334%
	l1: 		9.236397743225098
	p dist pair: 	3690.08984375
	test
	time: 	8.152244806289673
	cross ent: 	0.2410406756773591
	cluster: 	11.7794477558136
	separation:	4774.58238354478
	avg separation:	4866.632759057284
	accu: 		89.79%
	l1: 		9.236397743225098
	p dist pair: 	3690.08984375
	above 70.00%
epoch: 	11
	joint
	train
	time: 	144.98876667022705
	cross ent: 	0.24460908140738805
	cluster: 	2.606502679248651
	separation:	4943.353929361979
	avg separation:	4974.513197265625
	accu: 		90.47333333333333%
	l1: 		9.236397743225098
	p dist pair: 	3843.067626953125
	test
	time: 	7.64112114906311
	cross ent: 	0.2761122002452612
	cluster: 	13.349896920844913
	separation:	5121.053557714671
	avg separation:	5134.7195620346065
	accu: 		90.61%
	l1: 		9.236397743225098
	p dist pair: 	3843.067626953125
	above 70.00%
epoch: 	12
	joint
	train
	time: 	145.69003319740295
	cross ent: 	0.28374603410561877
	cluster: 	2.6485058752099673
	separation:	5175.440171875
	avg separation:	5190.387854166666
	accu: 		90.53833333333333%
	l1: 		9.236397743225098
	p dist pair: 	3944.430908203125
	test
	time: 	8.17020297050476
	cross ent: 	0.28937578707933426
	cluster: 	16.440326813198627
	separation:	5325.553280908093
	avg separation:	5341.431178154945
	accu: 		90.61%
	l1: 		9.236397743225098
	p dist pair: 	3944.430908203125
	above 70.00%
epoch: 	13
	joint
	train
	time: 	143.7786946296692
	cross ent: 	0.28979731584588686
	cluster: 	3.3619464215040207
	separation:	5353.239336263021
	avg separation:	5369.947578776042
	accu: 		90.53833333333333%
	l1: 		9.236397743225098
	p dist pair: 	4041.47607421875
	test
	time: 	8.142618179321289
	cross ent: 	0.28985473535954953
	cluster: 	17.881520015858115
	separation:	5490.450025976524
	avg separation:	5507.6316597604755
	accu: 		90.61%
	l1: 		9.236397743225098
	p dist pair: 	4041.47607421875
	above 70.00%
epoch: 	14
	joint
	train
	time: 	145.06959581375122
	cross ent: 	0.2900582188864549
	cluster: 	4.0951036936243375
	separation:	5443.872825520833
	avg separation:	5463.274204752604
	accu: 		90.53833333333333%
	l1: 		9.236397743225098
	p dist pair: 	4038.677490234375
	test
	time: 	7.953014135360718
	cross ent: 	0.2884451249241829
	cluster: 	17.647469900660216
	separation:	5500.175043749921
	avg separation:	5519.517445836067
	accu: 		90.61%
	l1: 		9.236397743225098
	p dist pair: 	4038.677490234375
	above 70.00%
epoch: 	15
	joint
	train
	time: 	144.11971759796143
	cross ent: 	0.2894398707151413
	cluster: 	4.163961786230405
	separation:	5443.94550390625
	avg separation:	5463.974463541666
	accu: 		90.53833333333333%
	l1: 		9.236397743225098
	p dist pair: 	4037.487060546875
	test
	time: 	8.169269561767578
	cross ent: 	0.29182543866336347
	cluster: 	17.63659619167447
	separation:	5499.369660937339
	avg separation:	5518.624689159394
	accu: 		90.61%
	l1: 		9.236397743225098
	p dist pair: 	4037.487060546875
	above 70.00%
	push
	Executing push ...
	push time: 	68.290842294693
	test
	time: 	8.248726844787598
	cross ent: 	0.3336304318998009
	cluster: 	14.33430824495852
	separation:	4848.081809228435
	avg separation:	4924.3461773106455
	accu: 		90.59%
	l1: 		9.236397743225098
	p dist pair: 	3718.92529296875
	above 70.00%
	last layer
iteration: 	0
	train
	time: 	46.63016438484192
	cross ent: 	0.2690973223050435
	cluster: 	2.2189766972164313
	separation:	4799.9684261067705
	avg separation:	4876.319721354167
	accu: 		90.29333333333334%
	l1: 		9.209378242492676
	p dist pair: 	3718.92529296875
	test
	time: 	7.71501088142395
	cross ent: 	0.25277941852808
	cluster: 	14.816952394712716
	separation:	4851.879461376853
	avg separation:	4928.674329059124
	accu: 		90.23%
	l1: 		9.209378242492676
	p dist pair: 	3718.92529296875
	above 70.00%
iteration: 	1
	train
	time: 	47.66997981071472
	cross ent: 	0.24292974227666855
	cluster: 	2.39910569298019
	separation:	4799.475693033854
	avg separation:	4875.8196025390625
	accu: 		89.74833333333333%
	l1: 		9.199569702148438
	p dist pair: 	3718.92529296875
	test
	time: 	8.134684324264526
	cross ent: 	0.24610774382948875
	cluster: 	14.564554235711693
	separation:	4849.674402538985
	avg separation:	4926.1159354648
	accu: 		89.84%
	l1: 		9.199569702148438
	p dist pair: 	3718.92529296875
	above 70.00%
iteration: 	2
	train
	time: 	46.28476548194885
	cross ent: 	0.24124049465854963
	cluster: 	2.4961685062497856
	separation:	4799.399052734375
	avg separation:	4875.693487955729
	accu: 		89.615%
	l1: 		9.173786163330078
	p dist pair: 	3718.92529296875
	test
	time: 	8.211096048355103
	cross ent: 	0.24512371160089969
	cluster: 	14.86456102570519
	separation:	4852.073805175722
	avg separation:	4928.81652574718
	accu: 		89.9%
	l1: 		9.173786163330078
	p dist pair: 	3718.92529296875
	above 70.00%
iteration: 	3
	train
	time: 	47.0935640335083
	cross ent: 	0.240475365092357
	cluster: 	2.3970578159367046
	separation:	4799.411397135416
	avg separation:	4875.7970361328125
	accu: 		89.615%
	l1: 		9.156281471252441
	p dist pair: 	3718.92529296875
	test
	time: 	8.18828821182251
	cross ent: 	0.2434229650720954
	cluster: 	14.511088333949447
	separation:	4849.738460302577
	avg separation:	4926.088042894899
	accu: 		89.99000000000001%
	l1: 		9.156281471252441
	p dist pair: 	3718.92529296875
	above 70.00%
iteration: 	4
	train
	time: 	46.654897928237915
	cross ent: 	0.2402292299171289
	cluster: 	2.376109739157061
	separation:	4799.131401041666
	avg separation:	4875.4948515625
	accu: 		89.64999999999999%
	l1: 		9.14865493774414
	p dist pair: 	3718.92529296875
	test
	time: 	8.21559190750122
	cross ent: 	0.24239597618579864
	cluster: 	14.021435177028179
	separation:	4845.006894628778
	avg separation:	4920.861039631963
	accu: 		89.92%
	l1: 		9.14865493774414
	p dist pair: 	3718.92529296875
	above 70.00%
iteration: 	5
	train
	time: 	46.17678117752075
	cross ent: 	0.23941154810786247
	cluster: 	2.353373938575387
	separation:	4799.938181315104
	avg separation:	4876.316774088542
	accu: 		89.68166666666667%
	l1: 		9.148691177368164
	p dist pair: 	3718.92529296875
	test
	time: 	8.1398024559021
	cross ent: 	0.24253542698919772
	cluster: 	14.666082609910518
	separation:	4850.748361035064
	avg separation:	4927.287639818787
	accu: 		89.95%
	l1: 		9.148691177368164
	p dist pair: 	3718.92529296875
	above 70.00%
iteration: 	6
	train
	time: 	47.622976303100586
	cross ent: 	0.23964914033810297
	cluster: 	2.2117043368692197
	separation:	4799.324470052084
	avg separation:	4875.657861979166
	accu: 		89.73333333333333%
	l1: 		9.16149616241455
	p dist pair: 	3718.92529296875
	test
	time: 	8.208564519882202
	cross ent: 	0.24300563357770444
	cluster: 	14.91712799642235
	separation:	4852.218107128777
	avg separation:	4928.997666128278
	accu: 		89.97%
	l1: 		9.16149616241455
	p dist pair: 	3718.92529296875
	above 70.00%
iteration: 	7
	train
	time: 	46.24407434463501
	cross ent: 	0.23941961512962978
	cluster: 	2.2839539701963463
	separation:	4800.082543619792
	avg separation:	4876.414436197917
	accu: 		89.73166666666667%
	l1: 		9.17993450164795
	p dist pair: 	3718.92529296875
	test
	time: 	8.210023880004883
	cross ent: 	0.24188275974243878
	cluster: 	14.430592559278011
	separation:	4849.145865869001
	avg separation:	4925.525080126524
	accu: 		90.03%
	l1: 		9.17993450164795
	p dist pair: 	3718.92529296875
	above 70.00%
iteration: 	8
	train
	time: 	47.33914828300476
	cross ent: 	0.23889038331309953
	cluster: 	2.167685013482968
	separation:	4800.298757486979
	avg separation:	4876.580202473959
	accu: 		89.80166666666666%
	l1: 		9.20311450958252
	p dist pair: 	3718.92529296875
	test
	time: 	7.487024545669556
	cross ent: 	0.24136377330869435
	cluster: 	14.134337762147188
	separation:	4846.249794433452
	avg separation:	4922.201559170485
	accu: 		90.11%
	l1: 		9.20311450958252
	p dist pair: 	3718.92529296875
	above 70.00%
iteration: 	9
	train
	time: 	46.8803870677948
	cross ent: 	0.2392418415248394
	cluster: 	2.3105635070527595
	separation:	4799.81176953125
	avg separation:	4876.200167643229
	accu: 		89.85499999999999%
	l1: 		9.23421859741211
	p dist pair: 	3718.92529296875
	test
	time: 	8.09509015083313
	cross ent: 	0.24115096822381019
	cluster: 	14.715040260348468
	separation:	4850.988167236186
	avg separation:	4927.606386506557
	accu: 		90.10000000000001%
	l1: 		9.23421859741211
	p dist pair: 	3718.92529296875
	above 70.00%
iteration: 	10
	train
	time: 	46.0745325088501
	cross ent: 	0.23861523216962816
	cluster: 	2.626246256478131
	separation:	4799.599619466146
	avg separation:	4875.974721354167
	accu: 		89.845%
	l1: 		9.265612602233887
	p dist pair: 	3718.92529296875
	test
	time: 	8.178680896759033
	cross ent: 	0.24260606728494166
	cluster: 	14.831612826809287
	separation:	4852.101133105345
	avg separation:	4928.909170352221
	accu: 		90.07%
	l1: 		9.265612602233887
	p dist pair: 	3718.92529296875
	above 70.00%
iteration: 	11
	train
	time: 	47.53990817070007
	cross ent: 	0.23891392067074776
	cluster: 	2.239474843834837
	separation:	4799.4869625651045
	avg separation:	4875.867682291667
	accu: 		89.79166666666667%
	l1: 		9.306045532226562
	p dist pair: 	3718.92529296875
	test
	time: 	8.154731035232544
	cross ent: 	0.24111440941691398
	cluster: 	13.841754628699272
	separation:	4843.525811620951
	avg separation:	4919.266964265406
	accu: 		90.14%
	l1: 		9.306045532226562
	p dist pair: 	3718.92529296875
	above 70.00%
iteration: 	12
	train
	time: 	46.28218603134155
	cross ent: 	0.23857176836331687
	cluster: 	2.386030196862916
	separation:	4798.496509765625
	avg separation:	4874.814934244791
	accu: 		89.86666666666666%
	l1: 		9.349920272827148
	p dist pair: 	3718.92529296875
	test
	time: 	8.174888372421265
	cross ent: 	0.24078173000365496
	cluster: 	14.236124408207834
	separation:	4847.273478027321
	avg separation:	4923.359489444196
	accu: 		90.16%
	l1: 		9.349920272827148
	p dist pair: 	3718.92529296875
	above 70.00%
iteration: 	13
	train
	time: 	46.840808153152466
	cross ent: 	0.23820640933513643
	cluster: 	2.451429385935267
	separation:	4799.546258463542
	avg separation:	4875.874220377605
	accu: 		89.85%
	l1: 		9.395771026611328
	p dist pair: 	3718.92529296875
	test
	time: 	7.513852834701538
	cross ent: 	0.24083272628486158
	cluster: 	13.509711332917213
	separation:	4840.990153759681
	avg separation:	4916.32207762003
	accu: 		90.2%
	l1: 		9.395771026611328
	p dist pair: 	3718.92529296875
	above 70.00%
iteration: 	14
	train
	time: 	47.40294933319092
	cross ent: 	0.23868241248528163
	cluster: 	2.5681911926766237
	separation:	4799.79082389323
	avg separation:	4876.128348307292
	accu: 		89.89166666666667%
	l1: 		9.437651634216309
	p dist pair: 	3718.92529296875
	test
	time: 	8.134676218032837
	cross ent: 	0.24097563534975053
	cluster: 	14.46346811151132
	separation:	4848.967126757651
	avg separation:	4925.3187408438325
	accu: 		90.08%
	l1: 		9.437651634216309
	p dist pair: 	3718.92529296875
	above 70.00%
iteration: 	15
	train
	time: 	47.626439571380615
	cross ent: 	0.23849228192369143
	cluster: 	2.625204564459622
	separation:	4799.600811197916
	avg separation:	4875.946388346354
	accu: 		89.815%
	l1: 		9.4845552444458
	p dist pair: 	3718.92529296875
	test
	time: 	8.24199104309082
	cross ent: 	0.24026610761880873
	cluster: 	13.331568265743554
	separation:	4839.78571352534
	avg separation:	4915.000780036449
	accu: 		90.11%
	l1: 		9.4845552444458
	p dist pair: 	3718.92529296875
	above 70.00%
iteration: 	16
	train
	time: 	47.45138239860535
	cross ent: 	0.23848897939920424
	cluster: 	2.4020008286411563
	separation:	4800.531497070312
	avg separation:	4876.921663085937
	accu: 		89.825%
	l1: 		9.531042098999023
	p dist pair: 	3718.92529296875
	test
	time: 	8.143452405929565
	cross ent: 	0.24065620739012958
	cluster: 	14.230230209697037
	separation:	4847.108223535083
	avg separation:	4923.158618415296
	accu: 		90.13%
	l1: 		9.531042098999023
	p dist pair: 	3718.92529296875
	above 70.00%
iteration: 	17
	train
	time: 	46.045547008514404
	cross ent: 	0.23823711548248927
	cluster: 	2.3884385229721667
	separation:	4799.579674153646
	avg separation:	4875.9277418619795
	accu: 		89.80666666666667%
	l1: 		9.581058502197266
	p dist pair: 	3718.92529296875
	test
	time: 	8.158866167068481
	cross ent: 	0.24094046603888272
	cluster: 	14.944365375638007
	separation:	4852.409848828055
	avg separation:	4929.178213167786
	accu: 		90.14%
	l1: 		9.581058502197266
	p dist pair: 	3718.92529296875
	above 70.00%
iteration: 	18
	train
	time: 	46.973580837249756
	cross ent: 	0.2385463536878427
	cluster: 	2.293533899302284
	separation:	4799.337818033854
	avg separation:	4875.684012369792
	accu: 		89.84666666666666%
	l1: 		9.626986503601074
	p dist pair: 	3718.92529296875
	test
	time: 	7.487215995788574
	cross ent: 	0.23940172106027602
	cluster: 	14.231973990108818
	separation:	4846.966041748002
	avg separation:	4923.045013093651
	accu: 		90.24%
	l1: 		9.626986503601074
	p dist pair: 	3718.92529296875
	above 70.00%
iteration: 	19
	train
	time: 	47.52742576599121
	cross ent: 	0.2380460608502229
	cluster: 	2.171939228961865
	separation:	4799.647008138021
	avg separation:	4875.979744466146
	accu: 		89.84833333333333%
	l1: 		9.6796875
	p dist pair: 	3718.92529296875
	test
	time: 	8.135952711105347
	cross ent: 	0.2396326082572341
	cluster: 	14.23692506654188
	separation:	4847.546417675726
	avg separation:	4923.731854491234
	accu: 		90.12%
	l1: 		9.6796875
	p dist pair: 	3718.92529296875
	above 70.00%
